Log file open, 12/06/21 12:03:32
LogWindows: Failed to load 'aqProf.dll' (GetLastError=126)
LogWindows: File 'aqProf.dll' does not exist
LogWindows: Failed to load 'VtuneApi.dll' (GetLastError=126)
LogWindows: File 'VtuneApi.dll' does not exist
LogWindows: Failed to load 'VtuneApi32e.dll' (GetLastError=126)
LogWindows: File 'VtuneApi32e.dll' does not exist
LogConsoleResponse: Display: Failed to find resolution value strings in scalability ini. Falling back to default.
LogInit: Display: Running engine for game: RacingCarGameTrainingProject
LogPlatformFile: Not using cached read wrapper
LogTaskGraph: Started task graph with 5 named threads and 35 total threads with 3 sets of task threads.
LogStats: Stats thread started at 0.054644
LogD3D11RHI: Loaded GFSDK_Aftermath_Lib.x64.dll
LogICUInternationalization: ICU TimeZone Detection - Raw Offset: +5:00, Platform Override: ''
LogPluginManager: Mounting plugin Paper2D
LogPluginManager: Mounting plugin AISupport
LogPluginManager: Mounting plugin LightPropagationVolume
LogPluginManager: Mounting plugin ActorLayerUtilities
LogPluginManager: Mounting plugin AnimationSharing
LogPluginManager: Mounting plugin CLionSourceCodeAccess
LogPluginManager: Mounting plugin CodeLiteSourceCodeAccess
LogPluginManager: Mounting plugin GitSourceControl
LogPluginManager: Mounting plugin KDevelopSourceCodeAccess
LogPluginManager: Mounting plugin NullSourceCodeAccess
LogPluginManager: Mounting plugin PerforceSourceControl
LogPluginManager: Mounting plugin PlasticSourceControl
LogPluginManager: Mounting plugin SubversionSourceControl
LogPluginManager: Mounting plugin UObjectPlugin
LogPluginManager: Mounting plugin VisualStudioCodeSourceCodeAccess
LogPluginManager: Mounting plugin VisualStudioSourceCodeAccess
LogPluginManager: Mounting plugin XCodeSourceCodeAccess
LogPluginManager: Mounting plugin AssetManagerEditor
LogPluginManager: Mounting plugin CryptoKeys
LogPluginManager: Mounting plugin CurveEditorTools
LogPluginManager: Mounting plugin DataValidation
LogPluginManager: Mounting plugin FacialAnimation
LogPluginManager: Mounting plugin GameplayTagsEditor
LogPluginManager: Mounting plugin MacGraphicsSwitching
LogPluginManager: Mounting plugin MaterialAnalyzer
LogPluginManager: Mounting plugin MobileLauncherProfileWizard
LogPluginManager: Mounting plugin PluginBrowser
LogPluginManager: Mounting plugin SpeedTreeImporter
LogPluginManager: Mounting plugin DatasmithContent
LogPluginManager: Mounting plugin VariantManagerContent
LogPluginManager: Mounting plugin AlembicImporter
LogPluginManager: Mounting plugin AutomationUtils
LogPluginManager: Mounting plugin BackChannel
LogPluginManager: Mounting plugin CharacterAI
LogPluginManager: Mounting plugin GeometryCache
LogPluginManager: Mounting plugin PlatformCrypto
LogPluginManager: Mounting plugin ProxyLODPlugin
LogPluginManager: Mounting plugin RawInput
LogPluginManager: Mounting plugin SkeletalReduction
LogPluginManager: Mounting plugin MagicLeap
LogPluginManager: Mounting plugin MagicLeapMedia
LogPluginManager: Mounting plugin MLSDK
LogPluginManager: Mounting plugin AndroidMedia
LogPluginManager: Mounting plugin AvfMedia
LogPluginManager: Mounting plugin ImgMedia
LogPluginManager: Mounting plugin MediaCompositing
LogPluginManager: Mounting plugin MediaPlayerEditor
LogPluginManager: Mounting plugin WebMMedia
LogPluginManager: Mounting plugin WmfMedia
LogPluginManager: Mounting plugin TcpMessaging
LogPluginManager: Mounting plugin UdpMessaging
LogPluginManager: Mounting plugin ActorSequence
LogPluginManager: Mounting plugin LevelSequenceEditor
LogPluginManager: Mounting plugin MatineeToLevelSequence
LogPluginManager: Mounting plugin NetcodeUnitTest
LogPluginManager: Mounting plugin NUTUnrealEngine4
LogPluginManager: Mounting plugin OnlineSubsystemGooglePlay
LogPluginManager: Mounting plugin OnlineSubsystemIOS
LogPluginManager: Mounting plugin OnlineSubsystem
LogPluginManager: Mounting plugin OnlineSubsystemNull
LogPluginManager: Mounting plugin OnlineSubsystemUtils
LogPluginManager: Mounting plugin LauncherChunkInstaller
LogPluginManager: Mounting plugin AndroidDeviceProfileSelector
LogPluginManager: Mounting plugin AndroidMoviePlayer
LogPluginManager: Mounting plugin AndroidPermission
LogPluginManager: Mounting plugin AppleImageUtils
LogPluginManager: Mounting plugin AppleMoviePlayer
LogPluginManager: Mounting plugin ArchVisCharacter
LogPluginManager: Mounting plugin AssetTags
LogPluginManager: Mounting plugin AudioCapture
LogPluginManager: Mounting plugin CableComponent
LogPluginManager: Mounting plugin CustomMeshComponent
LogPluginManager: Mounting plugin EditableMesh
LogPluginManager: Mounting plugin ExampleDeviceProfileSelector
LogPluginManager: Mounting plugin GoogleCloudMessaging
LogPluginManager: Mounting plugin IOSDeviceProfileSelector
LogPluginManager: Mounting plugin LinuxDeviceProfileSelector
LogPluginManager: Mounting plugin LocationServicesBPLibrary
LogPluginManager: Mounting plugin MobilePatchingUtils
LogPluginManager: Mounting plugin OculusVR
LogPluginManager: Mounting plugin PhysXVehicles
LogPluginManager: Mounting plugin PostSplashScreen
LogPluginManager: Mounting plugin ProceduralMeshComponent
LogPluginManager: Mounting plugin RuntimePhysXCooking
LogPluginManager: Mounting plugin SignificanceManager
LogPluginManager: Mounting plugin SteamVR
LogPluginManager: Mounting plugin WebMMoviePlayer
LogPluginManager: Mounting plugin WindowsMoviePlayer
LogPluginManager: Mounting plugin ScreenshotTools
LogInit: Using libcurl 7.55.1-DEV
LogInit:  - built for x86_64-pc-win32
LogInit:  - supports SSL with OpenSSL/1.1.1
LogInit:  - supports HTTP deflate (compression) using libz 1.2.8
LogInit:  - other features:
LogInit:      CURL_VERSION_SSL
LogInit:      CURL_VERSION_LIBZ
LogInit:      CURL_VERSION_IPV6
LogInit:      CURL_VERSION_ASYNCHDNS
LogInit:      CURL_VERSION_LARGEFILE
LogInit:      CURL_VERSION_IDN
LogInit:  CurlRequestOptions (configurable via config and command line):
LogInit:  - bVerifyPeer = true  - Libcurl will verify peer certificate
LogInit:  - bUseHttpProxy = false  - Libcurl will NOT use HTTP proxy
LogInit:  - bDontReuseConnections = false  - Libcurl will reuse connections
LogInit:  - MaxHostConnections = 16  - Libcurl will limit the number of connections to a host
LogInit:  - LocalHostAddr = Default
LogInit:  - BufferSize = 65536
LogOnline: OSS: Creating online subsystem instance for: NULL
LogInit: WinSock: version 1.1 (2.2), MaxSocks=32767, MaxUdp=65467
LogOnline: OSS: TryLoadSubsystemAndSetDefault: Loaded subsystem for module [NULL]
LogInit: Build: ++UE4+Release-4.24-CL-11590370
LogInit: Engine Version: 4.24.3-11590370+++UE4+Release-4.24
LogInit: Compatible Engine Version: 4.24.0-10570792+++UE4+Release-4.24
LogInit: Net CL: 10570792
LogInit: OS: Windows 10 (Release 2009) (), CPU: AMD Ryzen 5 3600 6-Core Processor              , GPU: NVIDIA GeForce GTX 1660 Ti
LogInit: Compiled (64-bit): Feb 24 2020 15:39:18
LogInit: Compiled with Visual C++: 19.16.27032.01
LogInit: Build Configuration: Development
LogInit: Branch Name: ++UE4+Release-4.24
LogInit: Command Line: 
LogInit: Base Directory: C:/Program Files/Epic Games/UE_4.24/Engine/Binaries/Win64/
LogInit: Installed Engine Build: 1
LogDevObjectVersion: Number of dev versions registered: 25
LogDevObjectVersion:   Dev-Blueprints (B0D832E4-1F89-4F0D-ACCF-7EB736FD4AA2): 10
LogDevObjectVersion:   Dev-Build (E1C64328-A22C-4D53-A36C-8E866417BD8C): 0
LogDevObjectVersion:   Dev-Core (375EC13C-06E4-48FB-B500-84F0262A717E): 3
LogDevObjectVersion:   Dev-Editor (E4B068ED-F494-42E9-A231-DA0B2E46BB41): 37
LogDevObjectVersion:   Dev-Framework (CFFC743F-43B0-4480-9391-14DF171D2073): 36
LogDevObjectVersion:   Dev-Mobile (B02B49B5-BB20-44E9-A304-32B752E40360): 2
LogDevObjectVersion:   Dev-Networking (A4E4105C-59A1-49B5-A7C5-40C4547EDFEE): 0
LogDevObjectVersion:   Dev-Online (39C831C9-5AE6-47DC-9A44-9C173E1C8E7C): 0
LogDevObjectVersion:   Dev-Physics (78F01B33-EBEA-4F98-B9B4-84EACCB95AA2): 2
LogDevObjectVersion:   Dev-Platform (6631380F-2D4D-43E0-8009-CF276956A95A): 0
LogDevObjectVersion:   Dev-Rendering (12F88B9F-8875-4AFC-A67C-D90C383ABD29): 36
LogDevObjectVersion:   Dev-Sequencer (7B5AE74C-D270-4C10-A958-57980B212A5A): 11
LogDevObjectVersion:   Dev-VR (D7296918-1DD6-4BDD-9DE2-64A83CC13884): 2
LogDevObjectVersion:   Dev-LoadTimes (C2A15278-BFE7-4AFE-6C17-90FF531DF755): 1
LogDevObjectVersion:   Private-Geometry (6EACA3D4-40EC-4CC1-B786-8BED09428FC5): 3
LogDevObjectVersion:   Dev-AnimPhys (29E575DD-E0A3-4627-9D10-D276232CDCEA): 17
LogDevObjectVersion:   Dev-Anim (AF43A65D-7FD3-4947-9873-3E8ED9C1BB05): 2
LogDevObjectVersion:   Dev-ReflectionCapture (6B266CEC-1EC7-4B8F-A30B-E4D90942FC07): 1
LogDevObjectVersion:   Dev-Automation (0DF73D61-A23F-47EA-B727-89E90C41499A): 1
LogDevObjectVersion:   FortniteMain (601D1886-AC64-4F84-AA16-D3DE0DEAC7D6): 31
LogDevObjectVersion:   Dev-Enterprise (9DFFBCD6-494F-0158-E221-12823C92A888): 8
LogDevObjectVersion:   Dev-Niagara (F2AED0AC-9AFE-416F-8664-AA7FFA26D6FC): 1
LogDevObjectVersion:   Dev-Destruction (174F1F0B-B4C6-45A5-B13F-2EE8D0FB917D): 9
LogDevObjectVersion:   Dev-Physics-Ext (35F94A83-E258-406C-A318-09F59610247C): 8
LogDevObjectVersion:   Dev-CineCamera (B2E18506-4273-CFC2-A54E-F4BB758BBA07): 1
LogInit: Presizing for max 25165824 objects, including 0 objects not considered by GC, pre-allocating 0 bytes for permanent pool.
LogInit: Object subsystem initialized
LogConfig: Setting CVar [[con.DebugEarlyDefault:1]]
LogConfig: Setting CVar [[r.setres:1280x720]]
[2021.12.06-07.03.32:469][  0]LogConfig: Setting CVar [[r.VSync:0]]
[2021.12.06-07.03.32:469][  0]LogConfig: Setting CVar [[r.RHICmdBypass:0]]
[2021.12.06-07.03.32:469][  0]LogConfig: Applying CVar settings from Section [/Script/Engine.RendererSettings] File [C:/Users/zi/Desktop/Racing_Car_Game - Training_Project/Saved/Config/Windows/Engine.ini]
[2021.12.06-07.03.32:469][  0]LogConfig: Setting CVar [[r.GPUCrashDebugging:0]]
[2021.12.06-07.03.32:469][  0]LogConfig: Applying CVar settings from Section [/Script/Engine.RendererOverrideSettings] File [C:/Users/zi/Desktop/Racing_Car_Game - Training_Project/Saved/Config/Windows/Engine.ini]
[2021.12.06-07.03.32:469][  0]LogConfig: Applying CVar settings from Section [/Script/Engine.StreamingSettings] File [C:/Users/zi/Desktop/Racing_Car_Game - Training_Project/Saved/Config/Windows/Engine.ini]
[2021.12.06-07.03.32:469][  0]LogConfig: Setting CVar [[s.MinBulkDataSizeForAsyncLoading:131072]]
[2021.12.06-07.03.32:469][  0]LogConfig: Setting CVar [[s.AsyncLoadingThreadEnabled:0]]
[2021.12.06-07.03.32:469][  0]LogConfig: Setting CVar [[s.EventDrivenLoaderEnabled:1]]
[2021.12.06-07.03.32:469][  0]LogConfig: Setting CVar [[s.WarnIfTimeLimitExceeded:0]]
[2021.12.06-07.03.32:469][  0]LogConfig: Setting CVar [[s.TimeLimitExceededMultiplier:1.5]]
[2021.12.06-07.03.32:469][  0]LogConfig: Setting CVar [[s.TimeLimitExceededMinTime:0.005]]
[2021.12.06-07.03.32:469][  0]LogConfig: Setting CVar [[s.UseBackgroundLevelStreaming:1]]
[2021.12.06-07.03.32:469][  0]LogConfig: Setting CVar [[s.PriorityAsyncLoadingExtraTime:15.0]]
[2021.12.06-07.03.32:469][  0]LogConfig: Setting CVar [[s.LevelStreamingActorsUpdateTimeLimit:5.0]]
[2021.12.06-07.03.32:469][  0]LogConfig: Setting CVar [[s.PriorityLevelStreamingActorsUpdateExtraTime:5.0]]
[2021.12.06-07.03.32:469][  0]LogConfig: Setting CVar [[s.LevelStreamingComponentsRegistrationGranularity:10]]
[2021.12.06-07.03.32:469][  0]LogConfig: Setting CVar [[s.UnregisterComponentsTimeLimit:1.0]]
[2021.12.06-07.03.32:469][  0]LogConfig: Setting CVar [[s.LevelStreamingComponentsUnregistrationGranularity:5]]
[2021.12.06-07.03.32:469][  0]LogConfig: Setting CVar [[s.FlushStreamingOnExit:1]]
[2021.12.06-07.03.32:469][  0]LogConfig: Applying CVar settings from Section [/Script/Engine.GarbageCollectionSettings] File [C:/Users/zi/Desktop/Racing_Car_Game - Training_Project/Saved/Config/Windows/Engine.ini]
[2021.12.06-07.03.32:469][  0]LogConfig: Setting CVar [[gc.MaxObjectsNotConsideredByGC:1]]
[2021.12.06-07.03.32:469][  0]LogConfig: Setting CVar [[gc.SizeOfPermanentObjectPool:0]]
[2021.12.06-07.03.32:469][  0]LogConfig: Setting CVar [[gc.FlushStreamingOnGC:0]]
[2021.12.06-07.03.32:469][  0]LogConfig: Setting CVar [[gc.NumRetriesBeforeForcingGC:10]]
[2021.12.06-07.03.32:469][  0]LogConfig: Setting CVar [[gc.AllowParallelGC:1]]
[2021.12.06-07.03.32:469][  0]LogConfig: Setting CVar [[gc.TimeBetweenPurgingPendingKillObjects:61.1]]
[2021.12.06-07.03.32:469][  0]LogConfig: Setting CVar [[gc.MaxObjectsInEditor:25165824]]
[2021.12.06-07.03.32:469][  0]LogConfig: Setting CVar [[gc.IncrementalBeginDestroyEnabled:1]]
[2021.12.06-07.03.32:469][  0]LogConfig: Setting CVar [[gc.CreateGCClusters:1]]
[2021.12.06-07.03.32:469][  0]LogConfig: Setting CVar [[gc.MinGCClusterSize:5]]
[2021.12.06-07.03.32:469][  0]LogConfig: Setting CVar [[gc.ActorClusteringEnabled:0]]
[2021.12.06-07.03.32:469][  0]LogConfig: Setting CVar [[gc.BlueprintClusteringEnabled:0]]
[2021.12.06-07.03.32:469][  0]LogConfig: Setting CVar [[gc.UseDisregardForGCOnDedicatedServers:0]]
[2021.12.06-07.03.32:469][  0]LogConfig: Applying CVar settings from Section [/Script/Engine.NetworkSettings] File [C:/Users/zi/Desktop/Racing_Car_Game - Training_Project/Saved/Config/Windows/Engine.ini]
[2021.12.06-07.03.32:469][  0]LogConfig: Applying CVar settings from Section [/Script/UnrealEd.CookerSettings] File [C:/Users/zi/Desktop/Racing_Car_Game - Training_Project/Saved/Config/Windows/Engine.ini]
[2021.12.06-07.03.32:471][  0]LogConfig: Applying CVar settings from Section [ViewDistanceQuality@3] File [C:/Users/zi/Desktop/Racing_Car_Game - Training_Project/Saved/Config/Windows/Scalability.ini]
[2021.12.06-07.03.32:471][  0]LogConfig: Setting CVar [[r.SkeletalMeshLODBias:0]]
[2021.12.06-07.03.32:471][  0]LogConfig: Setting CVar [[r.ViewDistanceScale:1.0]]
[2021.12.06-07.03.32:471][  0]LogConfig: Applying CVar settings from Section [AntiAliasingQuality@3] File [C:/Users/zi/Desktop/Racing_Car_Game - Training_Project/Saved/Config/Windows/Scalability.ini]
[2021.12.06-07.03.32:471][  0]LogConfig: Setting CVar [[r.PostProcessAAQuality:4]]
[2021.12.06-07.03.32:471][  0]LogConfig: Applying CVar settings from Section [ShadowQuality@3] File [C:/Users/zi/Desktop/Racing_Car_Game - Training_Project/Saved/Config/Windows/Scalability.ini]
[2021.12.06-07.03.32:471][  0]LogConfig: Setting CVar [[r.LightFunctionQuality:1]]
[2021.12.06-07.03.32:471][  0]LogConfig: Setting CVar [[r.ShadowQuality:5]]
[2021.12.06-07.03.32:471][  0]LogConfig: Setting CVar [[r.Shadow.CSM.MaxCascades:10]]
[2021.12.06-07.03.32:471][  0]LogConfig: Setting CVar [[r.Shadow.MaxResolution:2048]]
[2021.12.06-07.03.32:471][  0]LogConfig: Setting CVar [[r.Shadow.MaxCSMResolution:2048]]
[2021.12.06-07.03.32:471][  0]LogConfig: Setting CVar [[r.Shadow.RadiusThreshold:0.01]]
[2021.12.06-07.03.32:471][  0]LogConfig: Setting CVar [[r.Shadow.DistanceScale:1.0]]
[2021.12.06-07.03.32:471][  0]LogConfig: Setting CVar [[r.Shadow.CSM.TransitionScale:1.0]]
[2021.12.06-07.03.32:471][  0]LogConfig: Setting CVar [[r.Shadow.PreShadowResolutionFactor:1.0]]
[2021.12.06-07.03.32:471][  0]LogConfig: Setting CVar [[r.DistanceFieldShadowing:1]]
[2021.12.06-07.03.32:471][  0]LogConfig: Setting CVar [[r.DistanceFieldAO:1]]
[2021.12.06-07.03.32:471][  0]LogConfig: Setting CVar [[r.AOQuality:2]]
[2021.12.06-07.03.32:471][  0]LogConfig: Setting CVar [[r.VolumetricFog:1]]
[2021.12.06-07.03.32:471][  0]LogConfig: Setting CVar [[r.VolumetricFog.GridPixelSize:8]]
[2021.12.06-07.03.32:471][  0]LogConfig: Setting CVar [[r.VolumetricFog.GridSizeZ:128]]
[2021.12.06-07.03.32:471][  0]LogConfig: Setting CVar [[r.VolumetricFog.HistoryMissSupersampleCount:4]]
[2021.12.06-07.03.32:471][  0]LogConfig: Setting CVar [[r.LightMaxDrawDistanceScale:1]]
[2021.12.06-07.03.32:471][  0]LogConfig: Setting CVar [[r.CapsuleShadows:1]]
[2021.12.06-07.03.32:471][  0]LogConfig: Applying CVar settings from Section [PostProcessQuality@3] File [C:/Users/zi/Desktop/Racing_Car_Game - Training_Project/Saved/Config/Windows/Scalability.ini]
[2021.12.06-07.03.32:471][  0]LogConfig: Setting CVar [[r.MotionBlurQuality:4]]
[2021.12.06-07.03.32:471][  0]LogConfig: Setting CVar [[r.AmbientOcclusionMipLevelFactor:0.4]]
[2021.12.06-07.03.32:471][  0]LogConfig: Setting CVar [[r.AmbientOcclusionMaxQuality:100]]
[2021.12.06-07.03.32:471][  0]LogConfig: Setting CVar [[r.AmbientOcclusionLevels:-1]]
[2021.12.06-07.03.32:471][  0]LogConfig: Setting CVar [[r.AmbientOcclusionRadiusScale:1.0]]
[2021.12.06-07.03.32:471][  0]LogConfig: Setting CVar [[r.DepthOfFieldQuality:2]]
[2021.12.06-07.03.32:471][  0]LogConfig: Setting CVar [[r.RenderTargetPoolMin:400]]
[2021.12.06-07.03.32:471][  0]LogConfig: Setting CVar [[r.LensFlareQuality:2]]
[2021.12.06-07.03.32:471][  0]LogConfig: Setting CVar [[r.SceneColorFringeQuality:1]]
[2021.12.06-07.03.32:471][  0]LogConfig: Setting CVar [[r.EyeAdaptationQuality:2]]
[2021.12.06-07.03.32:471][  0]LogConfig: Setting CVar [[r.BloomQuality:5]]
[2021.12.06-07.03.32:471][  0]LogConfig: Setting CVar [[r.FastBlurThreshold:100]]
[2021.12.06-07.03.32:471][  0]LogConfig: Setting CVar [[r.Upscale.Quality:3]]
[2021.12.06-07.03.32:471][  0]LogConfig: Setting CVar [[r.Tonemapper.GrainQuantization:1]]
[2021.12.06-07.03.32:471][  0]LogConfig: Setting CVar [[r.LightShaftQuality:1]]
[2021.12.06-07.03.32:471][  0]LogConfig: Setting CVar [[r.Filter.SizeScale:1]]
[2021.12.06-07.03.32:471][  0]LogConfig: Setting CVar [[r.Tonemapper.Quality:5]]
[2021.12.06-07.03.32:471][  0]LogConfig: Setting CVar [[r.DOF.Gather.AccumulatorQuality:1        ; higher gathering accumulator quality]]
[2021.12.06-07.03.32:471][  0]LogConfig: Setting CVar [[r.DOF.Gather.PostfilterMethod:1          ; Median3x3 postfilering method]]
[2021.12.06-07.03.32:471][  0]LogConfig: Setting CVar [[r.DOF.Gather.EnableBokehSettings:0       ; no bokeh simulation when gathering]]
[2021.12.06-07.03.32:471][  0]LogConfig: Setting CVar [[r.DOF.Gather.RingCount:4                 ; medium number of samples when gathering]]
[2021.12.06-07.03.32:471][  0]LogConfig: Setting CVar [[r.DOF.Scatter.ForegroundCompositing:1    ; additive foreground scattering]]
[2021.12.06-07.03.32:471][  0]LogConfig: Setting CVar [[r.DOF.Scatter.BackgroundCompositing:2    ; additive background scattering]]
[2021.12.06-07.03.32:471][  0]LogConfig: Setting CVar [[r.DOF.Scatter.EnableBokehSettings:1      ; bokeh simulation when scattering]]
[2021.12.06-07.03.32:471][  0]LogConfig: Setting CVar [[r.DOF.Scatter.MaxSpriteRatio:0.1         ; only a maximum of 10% of scattered bokeh]]
[2021.12.06-07.03.32:471][  0]LogConfig: Setting CVar [[r.DOF.Recombine.Quality:1                ; cheap slight out of focus]]
[2021.12.06-07.03.32:471][  0]LogConfig: Setting CVar [[r.DOF.Recombine.EnableBokehSettings:0    ; no bokeh simulation on slight out of focus]]
[2021.12.06-07.03.32:471][  0]LogConfig: Setting CVar [[r.DOF.TemporalAAQuality:1                ; more stable temporal accumulation]]
[2021.12.06-07.03.32:471][  0]LogConfig: Setting CVar [[r.DOF.Kernel.MaxForegroundRadius:0.025]]
[2021.12.06-07.03.32:471][  0]LogConfig: Setting CVar [[r.DOF.Kernel.MaxBackgroundRadius:0.025]]
[2021.12.06-07.03.32:471][  0]LogConfig: Applying CVar settings from Section [TextureQuality@3] File [C:/Users/zi/Desktop/Racing_Car_Game - Training_Project/Saved/Config/Windows/Scalability.ini]
[2021.12.06-07.03.32:471][  0]LogConfig: Setting CVar [[r.Streaming.MipBias:0]]
[2021.12.06-07.03.32:471][  0]LogConfig: Setting CVar [[r.Streaming.AmortizeCPUToGPUCopy:0]]
[2021.12.06-07.03.32:471][  0]LogConfig: Setting CVar [[r.Streaming.MaxNumTexturesToStreamPerFrame:0]]
[2021.12.06-07.03.32:471][  0]LogConfig: Setting CVar [[r.Streaming.Boost:1]]
[2021.12.06-07.03.32:471][  0]LogConfig: Setting CVar [[r.MaxAnisotropy:8]]
[2021.12.06-07.03.32:471][  0]LogConfig: Setting CVar [[r.VT.MaxAnisotropy:8]]
[2021.12.06-07.03.32:471][  0]LogConfig: Setting CVar [[r.Streaming.LimitPoolSizeToVRAM:0]]
[2021.12.06-07.03.32:471][  0]LogConfig: Setting CVar [[r.Streaming.PoolSize:1000]]
[2021.12.06-07.03.32:471][  0]LogConfig: Setting CVar [[r.Streaming.MaxEffectiveScreenSize:0]]
[2021.12.06-07.03.32:471][  0]LogConfig: Applying CVar settings from Section [EffectsQuality@3] File [C:/Users/zi/Desktop/Racing_Car_Game - Training_Project/Saved/Config/Windows/Scalability.ini]
[2021.12.06-07.03.32:471][  0]LogConfig: Setting CVar [[r.TranslucencyLightingVolumeDim:64]]
[2021.12.06-07.03.32:471][  0]LogConfig: Setting CVar [[r.RefractionQuality:2]]
[2021.12.06-07.03.32:471][  0]LogConfig: Setting CVar [[r.SSR.Quality:3]]
[2021.12.06-07.03.32:471][  0]LogConfig: Setting CVar [[r.SSR.HalfResSceneColor:0]]
[2021.12.06-07.03.32:471][  0]LogConfig: Setting CVar [[r.SceneColorFormat:4]]
[2021.12.06-07.03.32:471][  0]LogConfig: Setting CVar [[r.DetailMode:2]]
[2021.12.06-07.03.32:471][  0]LogConfig: Setting CVar [[r.TranslucencyVolumeBlur:1]]
[2021.12.06-07.03.32:471][  0]LogConfig: Setting CVar [[r.MaterialQualityLevel:1 ; High quality]]
[2021.12.06-07.03.32:471][  0]LogConfig: Setting CVar [[r.SSS.Scale:1]]
[2021.12.06-07.03.32:471][  0]LogConfig: Setting CVar [[r.SSS.SampleSet:2]]
[2021.12.06-07.03.32:471][  0]LogConfig: Setting CVar [[r.SSS.Quality:1]]
[2021.12.06-07.03.32:471][  0]LogConfig: Setting CVar [[r.SSS.HalfRes:1]]
[2021.12.06-07.03.32:471][  0]LogConfig: Setting CVar [[r.SSGI.Quality:3]]
[2021.12.06-07.03.32:471][  0]LogConfig: Setting CVar [[r.EmitterSpawnRateScale:1.0]]
[2021.12.06-07.03.32:471][  0]LogConfig: Setting CVar [[r.ParticleLightQuality:2]]
[2021.12.06-07.03.32:471][  0]LogConfig: Setting CVar [[r.SkyAtmosphere.AerialPerspectiveLUT.FastApplyOnOpaque:1 ; Always have FastSkyLUT 1 in this case to avoid wrong sky]]
[2021.12.06-07.03.32:471][  0]LogConfig: Setting CVar [[r.SkyAtmosphere.AerialPerspectiveLUT.SampleCountPerSlice:1]]
[2021.12.06-07.03.32:471][  0]LogConfig: Setting CVar [[r.SkyAtmosphere.AerialPerspectiveLUT.DepthResolution:16.0]]
[2021.12.06-07.03.32:471][  0]LogConfig: Setting CVar [[r.SkyAtmosphere.FastSkyLUT:1]]
[2021.12.06-07.03.32:471][  0]LogConfig: Setting CVar [[r.SkyAtmosphere.FastSkyLUT.SampleCountMin:4.0]]
[2021.12.06-07.03.32:471][  0]LogConfig: Setting CVar [[r.SkyAtmosphere.FastSkyLUT.SampleCountMax:32.0]]
[2021.12.06-07.03.32:471][  0]LogConfig: Setting CVar [[r.SkyAtmosphere.SampleCountMin:4.0]]
[2021.12.06-07.03.32:471][  0]LogConfig: Setting CVar [[r.SkyAtmosphere.SampleCountMax:32.0]]
[2021.12.06-07.03.32:471][  0]LogConfig: Setting CVar [[r.SkyAtmosphere.TransmittanceLUT.UseSmallFormat:0]]
[2021.12.06-07.03.32:471][  0]LogConfig: Setting CVar [[r.SkyAtmosphere.TransmittanceLUT.SampleCount:10.0]]
[2021.12.06-07.03.32:471][  0]LogConfig: Setting CVar [[r.SkyAtmosphere.MultiScatteringLUT.SampleCount:15.0]]
[2021.12.06-07.03.32:471][  0]LogConfig: Applying CVar settings from Section [FoliageQuality@3] File [C:/Users/zi/Desktop/Racing_Car_Game - Training_Project/Saved/Config/Windows/Scalability.ini]
[2021.12.06-07.03.32:471][  0]LogConfig: Setting CVar [[foliage.DensityScale:1.0]]
[2021.12.06-07.03.32:472][  0]LogConfig: Setting CVar [[grass.DensityScale:1.0]]
[2021.12.06-07.03.32:472][  0]LogConfig: Applying CVar settings from Section [ShadingQuality@3] File [C:/Users/zi/Desktop/Racing_Car_Game - Training_Project/Saved/Config/Windows/Scalability.ini]
[2021.12.06-07.03.32:472][  0]LogConfig: Setting CVar [[r.HairStrands.SkyLighting.SampleCount:16]]
[2021.12.06-07.03.32:472][  0]LogConfig: Setting CVar [[r.HairStrands.SkyLighting.JitterIntegration:0]]
[2021.12.06-07.03.32:472][  0]LogConfig: Setting CVar [[r.HairStrands.SkyAO.SampleCount:16]]
[2021.12.06-07.03.32:472][  0]LogInit: Selected Device Profile: [Windows]
[2021.12.06-07.03.32:472][  0]LogInit: Applying CVar settings loaded from the selected device profile: [Windows]
[2021.12.06-07.03.32:474][  0]LogHAL: Display: Platform has ~ 32 GB [34299834368 / 34359738368 / 32], which maps to Largest [LargestMinGB=32, LargerMinGB=12, DefaultMinGB=8, SmallerMinGB=6, SmallestMinGB=0)
[2021.12.06-07.03.32:474][  0]LogInit: Going up to parent DeviceProfile []
[2021.12.06-07.03.32:474][  0]LogConfig: Applying CVar settings from Section [ViewDistanceQuality@3] File [C:/Users/zi/Desktop/Racing_Car_Game - Training_Project/Saved/Config/Windows/Scalability.ini]
[2021.12.06-07.03.32:474][  0]LogConfig: Setting CVar [[r.SkeletalMeshLODBias:0]]
[2021.12.06-07.03.32:474][  0]LogConfig: Setting CVar [[r.ViewDistanceScale:1.0]]
[2021.12.06-07.03.32:474][  0]LogConfig: Applying CVar settings from Section [AntiAliasingQuality@3] File [C:/Users/zi/Desktop/Racing_Car_Game - Training_Project/Saved/Config/Windows/Scalability.ini]
[2021.12.06-07.03.32:474][  0]LogConfig: Setting CVar [[r.PostProcessAAQuality:4]]
[2021.12.06-07.03.32:474][  0]LogConfig: Applying CVar settings from Section [ShadowQuality@3] File [C:/Users/zi/Desktop/Racing_Car_Game - Training_Project/Saved/Config/Windows/Scalability.ini]
[2021.12.06-07.03.32:474][  0]LogConfig: Setting CVar [[r.LightFunctionQuality:1]]
[2021.12.06-07.03.32:474][  0]LogConfig: Setting CVar [[r.ShadowQuality:5]]
[2021.12.06-07.03.32:474][  0]LogConfig: Setting CVar [[r.Shadow.CSM.MaxCascades:10]]
[2021.12.06-07.03.32:474][  0]LogConfig: Setting CVar [[r.Shadow.MaxResolution:2048]]
[2021.12.06-07.03.32:474][  0]LogConfig: Setting CVar [[r.Shadow.MaxCSMResolution:2048]]
[2021.12.06-07.03.32:474][  0]LogConfig: Setting CVar [[r.Shadow.RadiusThreshold:0.01]]
[2021.12.06-07.03.32:474][  0]LogConfig: Setting CVar [[r.Shadow.DistanceScale:1.0]]
[2021.12.06-07.03.32:474][  0]LogConfig: Setting CVar [[r.Shadow.CSM.TransitionScale:1.0]]
[2021.12.06-07.03.32:474][  0]LogConfig: Setting CVar [[r.Shadow.PreShadowResolutionFactor:1.0]]
[2021.12.06-07.03.32:474][  0]LogConfig: Setting CVar [[r.DistanceFieldShadowing:1]]
[2021.12.06-07.03.32:474][  0]LogConfig: Setting CVar [[r.DistanceFieldAO:1]]
[2021.12.06-07.03.32:474][  0]LogConfig: Setting CVar [[r.AOQuality:2]]
[2021.12.06-07.03.32:474][  0]LogConfig: Setting CVar [[r.VolumetricFog:1]]
[2021.12.06-07.03.32:474][  0]LogConfig: Setting CVar [[r.VolumetricFog.GridPixelSize:8]]
[2021.12.06-07.03.32:474][  0]LogConfig: Setting CVar [[r.VolumetricFog.GridSizeZ:128]]
[2021.12.06-07.03.32:474][  0]LogConfig: Setting CVar [[r.VolumetricFog.HistoryMissSupersampleCount:4]]
[2021.12.06-07.03.32:475][  0]LogConfig: Setting CVar [[r.LightMaxDrawDistanceScale:1]]
[2021.12.06-07.03.32:475][  0]LogConfig: Setting CVar [[r.CapsuleShadows:1]]
[2021.12.06-07.03.32:475][  0]LogConfig: Applying CVar settings from Section [PostProcessQuality@3] File [C:/Users/zi/Desktop/Racing_Car_Game - Training_Project/Saved/Config/Windows/Scalability.ini]
[2021.12.06-07.03.32:475][  0]LogConfig: Setting CVar [[r.MotionBlurQuality:4]]
[2021.12.06-07.03.32:475][  0]LogConfig: Setting CVar [[r.AmbientOcclusionMipLevelFactor:0.4]]
[2021.12.06-07.03.32:475][  0]LogConfig: Setting CVar [[r.AmbientOcclusionMaxQuality:100]]
[2021.12.06-07.03.32:475][  0]LogConfig: Setting CVar [[r.AmbientOcclusionLevels:-1]]
[2021.12.06-07.03.32:475][  0]LogConfig: Setting CVar [[r.AmbientOcclusionRadiusScale:1.0]]
[2021.12.06-07.03.32:475][  0]LogConfig: Setting CVar [[r.DepthOfFieldQuality:2]]
[2021.12.06-07.03.32:475][  0]LogConfig: Setting CVar [[r.RenderTargetPoolMin:400]]
[2021.12.06-07.03.32:475][  0]LogConfig: Setting CVar [[r.LensFlareQuality:2]]
[2021.12.06-07.03.32:475][  0]LogConfig: Setting CVar [[r.SceneColorFringeQuality:1]]
[2021.12.06-07.03.32:475][  0]LogConfig: Setting CVar [[r.EyeAdaptationQuality:2]]
[2021.12.06-07.03.32:475][  0]LogConfig: Setting CVar [[r.BloomQuality:5]]
[2021.12.06-07.03.32:475][  0]LogConfig: Setting CVar [[r.FastBlurThreshold:100]]
[2021.12.06-07.03.32:475][  0]LogConfig: Setting CVar [[r.Upscale.Quality:3]]
[2021.12.06-07.03.32:475][  0]LogConfig: Setting CVar [[r.Tonemapper.GrainQuantization:1]]
[2021.12.06-07.03.32:475][  0]LogConfig: Setting CVar [[r.LightShaftQuality:1]]
[2021.12.06-07.03.32:475][  0]LogConfig: Setting CVar [[r.Filter.SizeScale:1]]
[2021.12.06-07.03.32:475][  0]LogConfig: Setting CVar [[r.Tonemapper.Quality:5]]
[2021.12.06-07.03.32:475][  0]LogConfig: Setting CVar [[r.DOF.Gather.AccumulatorQuality:1        ; higher gathering accumulator quality]]
[2021.12.06-07.03.32:475][  0]LogConfig: Setting CVar [[r.DOF.Gather.PostfilterMethod:1          ; Median3x3 postfilering method]]
[2021.12.06-07.03.32:475][  0]LogConfig: Setting CVar [[r.DOF.Gather.EnableBokehSettings:0       ; no bokeh simulation when gathering]]
[2021.12.06-07.03.32:475][  0]LogConfig: Setting CVar [[r.DOF.Gather.RingCount:4                 ; medium number of samples when gathering]]
[2021.12.06-07.03.32:475][  0]LogConfig: Setting CVar [[r.DOF.Scatter.ForegroundCompositing:1    ; additive foreground scattering]]
[2021.12.06-07.03.32:475][  0]LogConfig: Setting CVar [[r.DOF.Scatter.BackgroundCompositing:2    ; additive background scattering]]
[2021.12.06-07.03.32:475][  0]LogConfig: Setting CVar [[r.DOF.Scatter.EnableBokehSettings:1      ; bokeh simulation when scattering]]
[2021.12.06-07.03.32:475][  0]LogConfig: Setting CVar [[r.DOF.Scatter.MaxSpriteRatio:0.1         ; only a maximum of 10% of scattered bokeh]]
[2021.12.06-07.03.32:475][  0]LogConfig: Setting CVar [[r.DOF.Recombine.Quality:1                ; cheap slight out of focus]]
[2021.12.06-07.03.32:475][  0]LogConfig: Setting CVar [[r.DOF.Recombine.EnableBokehSettings:0    ; no bokeh simulation on slight out of focus]]
[2021.12.06-07.03.32:475][  0]LogConfig: Setting CVar [[r.DOF.TemporalAAQuality:1                ; more stable temporal accumulation]]
[2021.12.06-07.03.32:475][  0]LogConfig: Setting CVar [[r.DOF.Kernel.MaxForegroundRadius:0.025]]
[2021.12.06-07.03.32:475][  0]LogConfig: Setting CVar [[r.DOF.Kernel.MaxBackgroundRadius:0.025]]
[2021.12.06-07.03.32:475][  0]LogConfig: Applying CVar settings from Section [TextureQuality@3] File [C:/Users/zi/Desktop/Racing_Car_Game - Training_Project/Saved/Config/Windows/Scalability.ini]
[2021.12.06-07.03.32:475][  0]LogConfig: Setting CVar [[r.Streaming.MipBias:0]]
[2021.12.06-07.03.32:475][  0]LogConfig: Setting CVar [[r.Streaming.AmortizeCPUToGPUCopy:0]]
[2021.12.06-07.03.32:475][  0]LogConfig: Setting CVar [[r.Streaming.MaxNumTexturesToStreamPerFrame:0]]
[2021.12.06-07.03.32:475][  0]LogConfig: Setting CVar [[r.Streaming.Boost:1]]
[2021.12.06-07.03.32:475][  0]LogConfig: Setting CVar [[r.MaxAnisotropy:8]]
[2021.12.06-07.03.32:475][  0]LogConfig: Setting CVar [[r.VT.MaxAnisotropy:8]]
[2021.12.06-07.03.32:475][  0]LogConfig: Setting CVar [[r.Streaming.LimitPoolSizeToVRAM:0]]
[2021.12.06-07.03.32:475][  0]LogConfig: Setting CVar [[r.Streaming.PoolSize:1000]]
[2021.12.06-07.03.32:475][  0]LogConfig: Setting CVar [[r.Streaming.MaxEffectiveScreenSize:0]]
[2021.12.06-07.03.32:475][  0]LogConfig: Applying CVar settings from Section [EffectsQuality@3] File [C:/Users/zi/Desktop/Racing_Car_Game - Training_Project/Saved/Config/Windows/Scalability.ini]
[2021.12.06-07.03.32:475][  0]LogConfig: Setting CVar [[r.TranslucencyLightingVolumeDim:64]]
[2021.12.06-07.03.32:475][  0]LogConfig: Setting CVar [[r.RefractionQuality:2]]
[2021.12.06-07.03.32:475][  0]LogConfig: Setting CVar [[r.SSR.Quality:3]]
[2021.12.06-07.03.32:475][  0]LogConfig: Setting CVar [[r.SSR.HalfResSceneColor:0]]
[2021.12.06-07.03.32:475][  0]LogConfig: Setting CVar [[r.SceneColorFormat:4]]
[2021.12.06-07.03.32:475][  0]LogConfig: Setting CVar [[r.DetailMode:2]]
[2021.12.06-07.03.32:475][  0]LogConfig: Setting CVar [[r.TranslucencyVolumeBlur:1]]
[2021.12.06-07.03.32:475][  0]LogConfig: Setting CVar [[r.MaterialQualityLevel:1 ; High quality]]
[2021.12.06-07.03.32:475][  0]LogConfig: Setting CVar [[r.SSS.Scale:1]]
[2021.12.06-07.03.32:475][  0]LogConfig: Setting CVar [[r.SSS.SampleSet:2]]
[2021.12.06-07.03.32:475][  0]LogConfig: Setting CVar [[r.SSS.Quality:1]]
[2021.12.06-07.03.32:475][  0]LogConfig: Setting CVar [[r.SSS.HalfRes:1]]
[2021.12.06-07.03.32:475][  0]LogConfig: Setting CVar [[r.SSGI.Quality:3]]
[2021.12.06-07.03.32:475][  0]LogConfig: Setting CVar [[r.EmitterSpawnRateScale:1.0]]
[2021.12.06-07.03.32:475][  0]LogConfig: Setting CVar [[r.ParticleLightQuality:2]]
[2021.12.06-07.03.32:475][  0]LogConfig: Setting CVar [[r.SkyAtmosphere.AerialPerspectiveLUT.FastApplyOnOpaque:1 ; Always have FastSkyLUT 1 in this case to avoid wrong sky]]
[2021.12.06-07.03.32:475][  0]LogConfig: Setting CVar [[r.SkyAtmosphere.AerialPerspectiveLUT.SampleCountPerSlice:1]]
[2021.12.06-07.03.32:475][  0]LogConfig: Setting CVar [[r.SkyAtmosphere.AerialPerspectiveLUT.DepthResolution:16.0]]
[2021.12.06-07.03.32:475][  0]LogConfig: Setting CVar [[r.SkyAtmosphere.FastSkyLUT:1]]
[2021.12.06-07.03.32:475][  0]LogConfig: Setting CVar [[r.SkyAtmosphere.FastSkyLUT.SampleCountMin:4.0]]
[2021.12.06-07.03.32:475][  0]LogConfig: Setting CVar [[r.SkyAtmosphere.FastSkyLUT.SampleCountMax:32.0]]
[2021.12.06-07.03.32:475][  0]LogConfig: Setting CVar [[r.SkyAtmosphere.SampleCountMin:4.0]]
[2021.12.06-07.03.32:475][  0]LogConfig: Setting CVar [[r.SkyAtmosphere.SampleCountMax:32.0]]
[2021.12.06-07.03.32:475][  0]LogConfig: Setting CVar [[r.SkyAtmosphere.TransmittanceLUT.UseSmallFormat:0]]
[2021.12.06-07.03.32:475][  0]LogConfig: Setting CVar [[r.SkyAtmosphere.TransmittanceLUT.SampleCount:10.0]]
[2021.12.06-07.03.32:475][  0]LogConfig: Setting CVar [[r.SkyAtmosphere.MultiScatteringLUT.SampleCount:15.0]]
[2021.12.06-07.03.32:475][  0]LogConfig: Applying CVar settings from Section [FoliageQuality@3] File [C:/Users/zi/Desktop/Racing_Car_Game - Training_Project/Saved/Config/Windows/Scalability.ini]
[2021.12.06-07.03.32:475][  0]LogConfig: Setting CVar [[foliage.DensityScale:1.0]]
[2021.12.06-07.03.32:475][  0]LogConfig: Setting CVar [[grass.DensityScale:1.0]]
[2021.12.06-07.03.32:475][  0]LogConfig: Applying CVar settings from Section [ShadingQuality@3] File [C:/Users/zi/Desktop/Racing_Car_Game - Training_Project/Saved/Config/Windows/Scalability.ini]
[2021.12.06-07.03.32:475][  0]LogConfig: Setting CVar [[r.HairStrands.SkyLighting.SampleCount:16]]
[2021.12.06-07.03.32:475][  0]LogConfig: Setting CVar [[r.HairStrands.SkyLighting.JitterIntegration:0]]
[2021.12.06-07.03.32:475][  0]LogConfig: Setting CVar [[r.HairStrands.SkyAO.SampleCount:16]]
[2021.12.06-07.03.32:475][  0]LogConfig: Applying CVar settings from Section [Startup] File [../../../Engine/Config/ConsoleVariables.ini]
[2021.12.06-07.03.32:476][  0]LogConfig: Setting CVar [[net.UseAdaptiveNetUpdateFrequency:0]]
[2021.12.06-07.03.32:476][  0]LogConfig: Setting CVar [[p.chaos.AllowCreatePhysxBodies:1]]
[2021.12.06-07.03.32:476][  0]LogConfig: Applying CVar settings from Section [ConsoleVariables] File [C:/Users/zi/Desktop/Racing_Car_Game - Training_Project/Saved/Config/Windows/Engine.ini]
[2021.12.06-07.03.32:476][  0]LogInit: Computer: DESKTOP2
[2021.12.06-07.03.32:476][  0]LogInit: User: zi
[2021.12.06-07.03.32:476][  0]LogInit: CPU Page size=4096, Cores=6
[2021.12.06-07.03.32:476][  0]LogInit: High frequency timer resolution =10.000000 MHz
[2021.12.06-07.03.32:476][  0]LogMemory: Memory total: Physical=31.9GB (32GB approx)
[2021.12.06-07.03.32:476][  0]LogMemory: Platform Memory Stats for Windows
[2021.12.06-07.03.32:476][  0]LogMemory: Process Physical Memory: 106.73 MB used, 106.73 MB peak
[2021.12.06-07.03.32:476][  0]LogMemory: Process Virtual Memory: 101.39 MB used, 101.39 MB peak
[2021.12.06-07.03.32:476][  0]LogMemory: Physical Memory: 3843.08 MB used,  28867.79 MB free, 32710.87 MB total
[2021.12.06-07.03.32:476][  0]LogMemory: Virtual Memory: 5161.14 MB used,  134212568.00 MB free, 134217728.00 MB total
[2021.12.06-07.03.32:477][  0]LogWindows: WindowsPlatformFeatures enabled
[2021.12.06-07.03.32:502][  0]LogInit: Using OS detected language (en-US).
[2021.12.06-07.03.32:502][  0]LogInit: Using OS detected locale (en-US).
[2021.12.06-07.03.32:502][  0]LogTextLocalizationManager: No specific localization for 'en-US' exists, so the 'en' localization will be used.
[2021.12.06-07.03.32:620][  0]LogInit: Setting process to per monitor DPI aware
[2021.12.06-07.03.32:641][  0]LogSlate: New Slate User Created.  User Index 0, Is Virtual User: 0
[2021.12.06-07.03.32:641][  0]LogSlate: Slate User Registered.  User Index 0, Is Virtual User: 0
[2021.12.06-07.03.32:742][  0]LogHMD: Failed to initialize OpenVR with code 110
[2021.12.06-07.03.32:742][  0]LogD3D11RHI: D3D11 min allowed feature level: 11_0
[2021.12.06-07.03.32:742][  0]LogD3D11RHI: D3D11 max allowed feature level: 11_0
[2021.12.06-07.03.32:742][  0]LogD3D11RHI: D3D11 adapters:
[2021.12.06-07.03.32:828][  0]LogD3D11RHI:    0. 'NVIDIA GeForce GTX 1660 Ti' (Feature Level 11_0)
[2021.12.06-07.03.32:828][  0]LogD3D11RHI:       5991/0/16355 MB DedicatedVideo/DedicatedSystem/SharedSystem, Outputs:1, VendorId:0x10de
[2021.12.06-07.03.32:829][  0]LogD3D11RHI:    1. 'Microsoft Basic Render Driver' (Feature Level 11_0)
[2021.12.06-07.03.32:829][  0]LogD3D11RHI:       0/0/16355 MB DedicatedVideo/DedicatedSystem/SharedSystem, Outputs:0, VendorId:0x1414
[2021.12.06-07.03.32:829][  0]LogD3D11RHI: Chosen D3D11 Adapter: 0
[2021.12.06-07.03.32:833][  0]LogD3D11RHI: Creating new Direct3DDevice
[2021.12.06-07.03.32:833][  0]LogD3D11RHI:     GPU DeviceId: 0x2182 (for the marketing name, search the web for "GPU Device Id")
[2021.12.06-07.03.32:833][  0]LogWindows: EnumDisplayDevices:
[2021.12.06-07.03.32:833][  0]LogWindows:    0. 'NVIDIA GeForce GTX 1660 Ti' (P:1 D:1)
[2021.12.06-07.03.32:833][  0]LogWindows:    1. 'NVIDIA GeForce GTX 1660 Ti' (P:0 D:0)
[2021.12.06-07.03.32:834][  0]LogWindows:    2. 'NVIDIA GeForce GTX 1660 Ti' (P:0 D:0)
[2021.12.06-07.03.32:834][  0]LogWindows:    3. 'NVIDIA GeForce GTX 1660 Ti' (P:0 D:0)
[2021.12.06-07.03.32:834][  0]LogWindows: DebugString: FoundDriverCount:4 
[2021.12.06-07.03.32:834][  0]LogD3D11RHI:     Adapter Name: NVIDIA GeForce GTX 1660 Ti
[2021.12.06-07.03.32:834][  0]LogD3D11RHI:   Driver Version: 496.76 (internal:30.0.14.9676, unified:496.76)
[2021.12.06-07.03.32:834][  0]LogD3D11RHI:      Driver Date: 11-9-2021
[2021.12.06-07.03.32:834][  0]LogRHI: Texture pool is 4193 MB (70% of 5991 MB)
[2021.12.06-07.03.32:885][  0]LogD3D11RHI: RHI has support for 64 bit atomics
[2021.12.06-07.03.32:885][  0]LogD3D11RHI: Async texture creation enabled
[2021.12.06-07.03.32:906][  0]LogD3D11RHI: GPU Timing Frequency: 1000.000000 (Debug: 2 1)
[2021.12.06-07.03.33:101][  0]LogTargetPlatformManager: Display: Loaded TargetPlatform 'AllDesktop'
[2021.12.06-07.03.33:129][  0]LogTargetPlatformManager: Display: Loaded TargetPlatform 'Android'
[2021.12.06-07.03.33:129][  0]LogTargetPlatformManager: Display: Loaded TargetPlatform 'Android_ASTC'
[2021.12.06-07.03.33:129][  0]LogTargetPlatformManager: Display: Loaded TargetPlatform 'Android_ATC'
[2021.12.06-07.03.33:129][  0]LogTargetPlatformManager: Display: Loaded TargetPlatform 'Android_DXT'
[2021.12.06-07.03.33:129][  0]LogTargetPlatformManager: Display: Loaded TargetPlatform 'Android_ETC1'
[2021.12.06-07.03.33:129][  0]LogTargetPlatformManager: Display: Loaded TargetPlatform 'Android_ETC1a'
[2021.12.06-07.03.33:129][  0]LogTargetPlatformManager: Display: Loaded TargetPlatform 'Android_ETC2'
[2021.12.06-07.03.33:129][  0]LogTargetPlatformManager: Display: Loaded TargetPlatform 'Android_PVRTC'
[2021.12.06-07.03.33:129][  0]LogTargetPlatformManager: Display: Loaded TargetPlatform 'AndroidClient'
[2021.12.06-07.03.33:129][  0]LogTargetPlatformManager: Display: Loaded TargetPlatform 'Android_ASTCClient'
[2021.12.06-07.03.33:129][  0]LogTargetPlatformManager: Display: Loaded TargetPlatform 'Android_ATCClient'
[2021.12.06-07.03.33:129][  0]LogTargetPlatformManager: Display: Loaded TargetPlatform 'Android_DXTClient'
[2021.12.06-07.03.33:129][  0]LogTargetPlatformManager: Display: Loaded TargetPlatform 'Android_ETC1Client'
[2021.12.06-07.03.33:129][  0]LogTargetPlatformManager: Display: Loaded TargetPlatform 'Android_ETC1aClient'
[2021.12.06-07.03.33:129][  0]LogTargetPlatformManager: Display: Loaded TargetPlatform 'Android_ETC2Client'
[2021.12.06-07.03.33:129][  0]LogTargetPlatformManager: Display: Loaded TargetPlatform 'Android_PVRTCClient'
[2021.12.06-07.03.33:129][  0]LogTargetPlatformManager: Display: Loaded TargetPlatform 'Android_Multi'
[2021.12.06-07.03.33:129][  0]LogTargetPlatformManager: Display: Loaded TargetPlatform 'Android_MultiClient'
[2021.12.06-07.03.33:147][  0]LogTargetPlatformManager: Display: Loaded TargetPlatform 'IOSClient'
[2021.12.06-07.03.33:147][  0]LogTargetPlatformManager: Display: Loaded TargetPlatform 'IOS'
[2021.12.06-07.03.33:153][  0]LogTargetPlatformManager: Display: Loaded TargetPlatform 'LinuxNoEditor'
[2021.12.06-07.03.33:159][  0]LogTargetPlatformManager: Display: Loaded TargetPlatform 'LinuxClient'
[2021.12.06-07.03.33:166][  0]LogTargetPlatformManager: Display: Loaded TargetPlatform 'LinuxServer'
[2021.12.06-07.03.33:172][  0]LogTargetPlatformManager: Display: Loaded TargetPlatform 'LinuxAArch64NoEditor'
[2021.12.06-07.03.33:178][  0]LogTargetPlatformManager: Display: Loaded TargetPlatform 'LinuxAArch64Client'
[2021.12.06-07.03.33:184][  0]LogTargetPlatformManager: Display: Loaded TargetPlatform 'LinuxAArch64Server'
[2021.12.06-07.03.33:207][  0]LogTargetPlatformManager: Display: Loaded TargetPlatform 'Lumin'
[2021.12.06-07.03.33:207][  0]LogTargetPlatformManager: Display: Loaded TargetPlatform 'LuminClient'
[2021.12.06-07.03.33:220][  0]LogTargetPlatformManager: Display: Loaded TargetPlatform 'TVOSClient'
[2021.12.06-07.03.33:220][  0]LogTargetPlatformManager: Display: Loaded TargetPlatform 'TVOS'
[2021.12.06-07.03.33:226][  0]LogTargetPlatformManager: Display: Loaded TargetPlatform 'WindowsNoEditor'
[2021.12.06-07.03.33:233][  0]LogTargetPlatformManager: Display: Loaded TargetPlatform 'Windows'
[2021.12.06-07.03.33:240][  0]LogTargetPlatformManager: Display: Loaded TargetPlatform 'WindowsClient'
[2021.12.06-07.03.33:246][  0]LogTargetPlatformManager: Display: Loaded TargetPlatform 'WindowsServer'
[2021.12.06-07.03.33:246][  0]LogTargetPlatformManager: Display: Building Assets For Windows
[2021.12.06-07.03.33:248][  0]LogAudioDebug: Display: Lib vorbis DLL was dynamically loaded.
[2021.12.06-07.03.33:266][  0]LogShaderCompilers: Guid format shader working directory is -26 characters bigger than the processId version (../../../../../../Users/zi/Desktop/Racing_Car_Game - Training_Project/Intermediate/Shaders/WorkingDirectory/4348/).
[2021.12.06-07.03.33:266][  0]LogShaderCompilers: Cleaned the shader compiler working directory 'C:/Users/zi/AppData/Local/Temp/UnrealShaderWorkingDir/556DB9374C7BFCEB4239E4BCC089FFEF/'.
[2021.12.06-07.03.33:267][  0]LogXGEController: Cleaning working directory: C:/Users/zi/AppData/Local/Temp/UnrealXGEWorkingDir/
[2021.12.06-07.03.33:267][  0]LogXGEController: Cannot use XGE Controller as Incredibuild is not installed on this machine.
[2021.12.06-07.03.33:267][  0]LogShaderCompilers: Cannot use XGE Shader Compiler as Incredibuild is not installed on this machine.
[2021.12.06-07.03.33:267][  0]LogShaderCompilers: Display: Using Local Shader Compiler.
[2021.12.06-07.03.33:862][  0]LogDerivedDataCache: Display: Max Cache Size: 512 MB
[2021.12.06-07.03.33:896][  0]LogDerivedDataCache: Loaded boot cache 0.03s 78MB C:/Users/zi/AppData/Local/UnrealEngine/4.24/DerivedDataCache/Boot.ddc.
[2021.12.06-07.03.33:896][  0]LogDerivedDataCache: Display: Loaded Boot cache: C:/Users/zi/AppData/Local/UnrealEngine/4.24/DerivedDataCache/Boot.ddc
[2021.12.06-07.03.33:896][  0]LogDerivedDataCache: FDerivedDataBackendGraph:  Pak pak cache file ../../../../../../Users/zi/Desktop/Racing_Car_Game - Training_Project/DerivedDataCache/DDC.ddp not found, will not use a pak cache.
[2021.12.06-07.03.33:896][  0]LogDerivedDataCache: Unable to find inner node Pak for hierarchical cache Hierarchy.
[2021.12.06-07.03.33:896][  0]LogDerivedDataCache: FDerivedDataBackendGraph:  CompressedPak pak cache file ../../../../../../Users/zi/Desktop/Racing_Car_Game - Training_Project/DerivedDataCache/Compressed.ddp not found, will not use a pak cache.
[2021.12.06-07.03.33:896][  0]LogDerivedDataCache: Unable to find inner node CompressedPak for hierarchical cache Hierarchy.
[2021.12.06-07.03.33:905][  0]LogDerivedDataCache: Display: Pak cache opened for reading ../../../Engine/DerivedDataCache/Compressed.ddp.
[2021.12.06-07.03.33:905][  0]LogDerivedDataCache: FDerivedDataBackendGraph:  EnterprisePak pak cache file ../../../Enterprise/DerivedDataCache/Compressed.ddp not found, will not use a pak cache.
[2021.12.06-07.03.33:905][  0]LogDerivedDataCache: Unable to find inner node EnterprisePak for hierarchical cache Hierarchy.
[2021.12.06-07.03.33:906][  0]LogDerivedDataCache: Using Local data cache path C:/Users/zi/AppData/Local/UnrealEngine/Common/DerivedDataCache: Writable
[2021.12.06-07.03.33:906][  0]LogDerivedDataCache: Shared data cache path not found in *engine.ini, will not use an Shared cache.
[2021.12.06-07.03.33:906][  0]LogDerivedDataCache: Unable to find inner node Shared for hierarchical cache Hierarchy.
[2021.12.06-07.03.33:927][  0]LogMaterial: Verifying Global Shaders for PCD3D_SM5
[2021.12.06-07.03.33:929][  0]LogSlate: Using FreeType 2.10.0
[2021.12.06-07.03.33:930][  0]LogSlate: SlateFontServices - WITH_FREETYPE: 1, WITH_HARFBUZZ: 1
[2021.12.06-07.03.33:967][  0]LogAssetRegistry: FAssetRegistry took 0.0024 seconds to start up
[2021.12.06-07.03.34:206][  0]LogInit: Selected Device Profile: [Windows]
[2021.12.06-07.03.34:331][  0]LogMeshReduction: Using QuadricMeshReduction for automatic static mesh reduction
[2021.12.06-07.03.34:331][  0]LogMeshReduction: Using SimplygonMeshReduction for automatic skeletal mesh reduction
[2021.12.06-07.03.34:331][  0]LogMeshReduction: Using ProxyLODMeshReduction for automatic mesh merging
[2021.12.06-07.03.34:331][  0]LogMeshReduction: No distributed automatic mesh merging module available
[2021.12.06-07.03.34:331][  0]LogMeshMerging: No distributed automatic mesh merging module available
[2021.12.06-07.03.34:340][  0]LogNetVersion: RacingCarGameTrainingProject 1.0.0, NetCL: 10570792, EngineNetVer: 13, GameNetVer: 0 (Checksum: 1355022800)
[2021.12.06-07.03.35:118][  0]LogPackageLocalizationCache: Processed 10 localized package path(s) for 1 prioritized culture(s) in 0.028329 seconds
[2021.12.06-07.03.35:125][  0]LogUObjectArray: 46750 objects as part of root set at end of initial load.
[2021.12.06-07.03.35:126][  0]LogUObjectAllocator: 8137160 out of 0 bytes used by permanent object pool.
[2021.12.06-07.03.35:126][  0]LogUObjectArray: CloseDisregardForGC: 0/0 objects in disregard for GC pool
[2021.12.06-07.03.35:435][  0]LogTcpMessaging: Initializing TcpMessaging bridge
[2021.12.06-07.03.35:437][  0]LogUdpMessaging: Initializing bridge on interface 0.0.0.0:0 to multicast group 230.0.0.1:6666.
[2021.12.06-07.03.35:476][  0]SourceControl: Source control is disabled
[2021.12.06-07.03.35:476][  0]SourceControl: Source control is disabled
[2021.12.06-07.03.35:477][  0]SourceControl: Source control is disabled
[2021.12.06-07.03.35:477][  0]SourceControl: Source control is disabled
[2021.12.06-07.03.35:478][  0]SourceControl: Source control is disabled
[2021.12.06-07.03.35:540][  0]LogAndroidPermission: UAndroidPermissionCallbackProxy::GetInstance
[2021.12.06-07.03.35:547][  0]LogAudioCaptureCore: Display: No Audio Capture implementations found. Audio input will be silent.
[2021.12.06-07.03.35:547][  0]LogAudioCaptureCore: Display: No Audio Capture implementations found. Audio input will be silent.
[2021.12.06-07.03.35:616][  0]LogOcInput: OculusInput pre-init called
[2021.12.06-07.03.35:622][  0]LogWindows: Failed to load 'OVRPlugin.dll' (GetLastError=126)
[2021.12.06-07.03.35:622][  0]LogWindows: File 'OVRPlugin.dll' does not exist
[2021.12.06-07.03.35:680][  0]LogEngine: Initializing Engine...
[2021.12.06-07.03.35:681][  0]LogHMD: Failed to initialize OpenVR with code 110
[2021.12.06-07.03.35:681][  0]LogStats: UGameplayTagsManager::InitializeManager -  0.000 s
[2021.12.06-07.03.35:943][  0]LogInit: Initializing FReadOnlyCVARCache
[2021.12.06-07.03.35:948][  0]LogAIModule: Creating AISystem for world Untitled
[2021.12.06-07.03.35:956][  0]LogAudioMixer: Display: Audio Mixer Platform Settings:
[2021.12.06-07.03.35:956][  0]LogAudioMixer: Display: 	Sample Rate:						  48000
[2021.12.06-07.03.35:956][  0]LogAudioMixer: Display: 	Callback Buffer Frame Size Requested: 1024
[2021.12.06-07.03.35:956][  0]LogAudioMixer: Display: 	Callback Buffer Frame Size To Use:	  1024
[2021.12.06-07.03.35:956][  0]LogAudioMixer: Display: 	Number of buffers to queue:			  2
[2021.12.06-07.03.35:956][  0]LogAudioMixer: Display: 	Max Channels (voices):				  32
[2021.12.06-07.03.35:956][  0]LogAudioMixer: Display: 	Number of Async Source Workers:		  0
[2021.12.06-07.03.35:956][  0]LogAudio: Display: AudioDevice MaxSources: 32
[2021.12.06-07.03.35:956][  0]LogAudio: Display: Using built-in audio occlusion.
[2021.12.06-07.03.35:956][  0]LogAudioMixer: Display: Initializing audio mixer.
[2021.12.06-07.03.35:966][  0]LogAudioMixer: Display: Audio Device Output Speaker Info:
[2021.12.06-07.03.35:966][  0]LogAudioMixer: Display: Name: Speakers (3- USB Audio Device)
[2021.12.06-07.03.35:966][  0]LogAudioMixer: Display: Is Default: Yes
[2021.12.06-07.03.35:966][  0]LogAudioMixer: Display: Sample Rate: 48000
[2021.12.06-07.03.35:966][  0]LogAudioMixer: Display: Channel Count Used: 2
[2021.12.06-07.03.35:966][  0]LogAudioMixer: Display: Device Channel Count: 2
[2021.12.06-07.03.35:966][  0]LogAudioMixer: Display: Channel Order:
[2021.12.06-07.03.35:966][  0]LogAudioMixer: Display: 0: FrontLeft
[2021.12.06-07.03.35:966][  0]LogAudioMixer: Display: 1: FrontRight
[2021.12.06-07.03.35:988][  0]LogAudioMixer: Display: Using Audio Device Speakers (3- USB Audio Device)
[2021.12.06-07.03.35:991][  0]LogInit: FAudioDevice initialized.
[2021.12.06-07.03.35:991][  0]LogNetVersion: Set ProjectVersion to 1.0.0.0. Version Checksum will be recalculated on next use.
[2021.12.06-07.03.36:458][  0]LogDerivedDataCache: Saved boot cache 0.47s 78MB C:/Users/zi/AppData/Local/UnrealEngine/4.24/DerivedDataCache/Boot.ddc.
[2021.12.06-07.03.36:462][  0]LogInit: Texture streaming: Enabled
[2021.12.06-07.03.36:470][  0]LogEngineSessionManager: EngineSessionManager initialized
[2021.12.06-07.03.36:470][  0]LogEditorSessionSummary: Verbose: Initializing EditorSessionSummaryWriter for editor session tracking
[2021.12.06-07.03.36:471][  0]LogEditorSessionSummary: EditorSessionSummaryWriter initialized
[2021.12.06-07.03.36:502][  0]LogInit: Transaction tracking system initialized
[2021.12.06-07.03.36:510][  0]BlueprintLog: New page: Editor Load
[2021.12.06-07.03.36:532][  0]LocalizationService: Localization service is disabled
[2021.12.06-07.03.36:746][  0]LogFileCache: Scanning file cache for directory 'C:/Users/zi/Desktop/Racing_Car_Game - Training_Project/Content/' took 0.01s
[2021.12.06-07.03.36:746][  0]LogCook: Display: Max memory allowance for cook 16384mb min free memory 0mb
[2021.12.06-07.03.36:746][  0]LogCook: Display: Mobile HDR setting 1
[2021.12.06-07.03.37:200][  0]SourceControl: Source control is disabled
[2021.12.06-07.03.37:200][  0]Cmd: MAP LOAD FILE="../../../../../../Users/zi/Desktop/Racing_Car_Game - Training_Project/Content/VehicleBP/Maps/VehicleExampleMap.umap" TEMPLATE=0 SHOWPROGRESS=1 FEATURELEVEL=3
[2021.12.06-07.03.37:204][  0]LightingResults: New page: Lighting Build
[2021.12.06-07.03.37:204][  0]LogWorld: UWorld::CleanupWorld for Untitled, bSessionEnded=true, bCleanupResources=true
[2021.12.06-07.03.37:204][  0]LogSlate: InvalidateAllWidgets triggered.  All widgets were invalidated
[2021.12.06-07.03.37:204][  0]MapCheck: New page: Map Check
[2021.12.06-07.03.37:204][  0]LightingResults: New page: Lighting Build
[2021.12.06-07.03.37:230][  0]LogUObjectHash: Compacting FUObjectHashTables data took   1.60ms
[2021.12.06-07.03.39:230][  0]LogAIModule: Creating AISystem for world VehicleExampleMap
[2021.12.06-07.03.39:272][  0]LogEditorServer: Finished looking for orphan Actors (0.000 secs)
[2021.12.06-07.03.39:303][  0]LogUObjectHash: Compacting FUObjectHashTables data took   2.19ms
[2021.12.06-07.03.39:303][  0]Cmd: MAP CHECKDEP NOCLEARLOG
[2021.12.06-07.03.39:303][  0]MapCheck: Map check complete: 0 Error(s), 0 Warning(s), took 0.156ms to complete.
[2021.12.06-07.03.39:303][  0]LogFileHelpers: Loading map 'VehicleExampleMap' took 2.103
[2021.12.06-07.03.39:437][  0]LogSlate: Updating window title bar state: overlay mode, drag disabled, window buttons hidden, title bar hidden
[2021.12.06-07.03.39:442][  0]LogSlate: Updating window title bar state: overlay mode, drag disabled, window buttons hidden, title bar hidden
[2021.12.06-07.03.39:447][  0]LogSlate: Updating window title bar state: overlay mode, drag disabled, window buttons hidden, title bar hidden
[2021.12.06-07.03.39:452][  0]LogSlate: Updating window title bar state: overlay mode, drag disabled, window buttons hidden, title bar hidden
[2021.12.06-07.03.39:456][  0]LogCollectionManager: Loaded 0 collections in 0.001472 seconds
[2021.12.06-07.03.39:467][  0]LogFileCache: Scanning file cache for directory 'C:/Users/zi/Desktop/Racing_Car_Game - Training_Project/Saved/Collections/' took 0.00s
[2021.12.06-07.03.39:467][  0]LogFileCache: Scanning file cache for directory 'C:/Users/zi/Desktop/Racing_Car_Game - Training_Project/Content/Developers/zi/Collections/' took 0.00s
[2021.12.06-07.03.39:467][  0]LogFileCache: Scanning file cache for directory 'C:/Users/zi/Desktop/Racing_Car_Game - Training_Project/Content/Collections/' took 0.00s
[2021.12.06-07.03.39:467][  0]LogContentBrowser: Native class hierarchy populated in 0.0076 seconds. Added 3017 classes and 720 folders.
[2021.12.06-07.03.39:469][  0]LogContentBrowser: Native class hierarchy updated for 'WidgetCarousel' in 0.0002 seconds. Added 0 classes and 0 folders.
[2021.12.06-07.03.39:604][  0]LogContentBrowser: Native class hierarchy updated for 'AddContentDialog' in 0.0002 seconds. Added 0 classes and 0 folders.
[2021.12.06-07.03.39:608][  0]LogContentBrowser: Native class hierarchy updated for 'SceneOutliner' in 0.0002 seconds. Added 2 classes and 3 folders.
[2021.12.06-07.03.39:744][  0]LogSlate: Took 0.000111 seconds to synchronously load lazily loaded font '../../../Engine/Content/Slate/Fonts/Roboto-Regular.ttf' (155K)
[2021.12.06-07.03.39:746][  0]LogSlate: Took 0.000078 seconds to synchronously load lazily loaded font '../../../Engine/Content/Slate/Fonts/Roboto-Bold.ttf' (160K)
[2021.12.06-07.03.39:749][  0]LogSlate: Took 0.000075 seconds to synchronously load lazily loaded font '../../../Engine/Content/Editor/Slate/Fonts/FontAwesome.ttf' (139K)
[2021.12.06-07.03.39:808][  0]LogRenderer: Reallocating scene render targets to support 940x556 Format 10 NumSamples 1 (Frame:1).
[2021.12.06-07.03.39:885][  0]LogContentBrowser: Native class hierarchy updated for 'HierarchicalLODOutliner' in 0.0002 seconds. Added 0 classes and 0 folders.
[2021.12.06-07.03.39:885][  0]LogLoad: (Engine Initialization) Total time: 8.60 seconds
[2021.12.06-07.03.39:885][  0]LogLoad: (Engine Initialization) Total Blueprint compile time: 0.00 seconds
[2021.12.06-07.03.40:080][  0]LogRawInputWindows: Warning: Found device 6 devices
[2021.12.06-07.03.40:080][  0]LogRawInputWindows: Warning: Found device 6 devices
[2021.12.06-07.03.40:080][  0]LogRawInputWindows: Warning: Device was registered succesfully but not connected (Usage:4 UsagePage:1)
[2021.12.06-07.03.40:080][  0]LogRawInputWindows: Warning: Found device 6 devices
[2021.12.06-07.03.40:080][  0]LogRawInputWindows: Warning: Device was registered succesfully but not connected (Usage:5 UsagePage:1)
[2021.12.06-07.03.40:125][  0]LogContentStreaming: Texture pool size now 1000 MB
[2021.12.06-07.03.40:129][  0]LogSlate: Took 0.000100 seconds to synchronously load lazily loaded font '../../../Engine/Content/Slate/Fonts/Roboto-Light.ttf' (167K)
[2021.12.06-07.03.40:180][  0]LogSlate: Took 0.000070 seconds to synchronously load lazily loaded font '../../../Engine/Content/Slate/Fonts/Roboto-Light.ttf' (167K)
[2021.12.06-07.03.40:232][  1]LogAssetRegistry: Asset discovery search completed in 6.2659 seconds
[2021.12.06-07.03.40:235][  1]LogCollectionManager: Fixed up redirectors for 0 collections in 0.000005 seconds (updated 0 objects)
[2021.12.06-07.03.42:513][219]LogTemp: Repeating last play command: Selected Viewport
[2021.12.06-07.03.42:523][219]LogBlueprintUserMessages: Early PlayInEditor Detection: Level '/Game/VehicleBP/Maps/VehicleExampleMap.VehicleExampleMap:PersistentLevel' has LevelScriptBlueprint '/Game/VehicleBP/Maps/VehicleExampleMap.VehicleExampleMap:PersistentLevel.VehicleExampleMap' with GeneratedClass '/Game/VehicleBP/Maps/VehicleExampleMap.VehicleExampleMap_C' with ClassGeneratedBy '/Game/VehicleBP/Maps/VehicleExampleMap.VehicleExampleMap:PersistentLevel.VehicleExampleMap'
[2021.12.06-07.03.42:523][219]LogPlayLevel: PlayLevel: No blueprints needed recompiling
[2021.12.06-07.03.42:526][219]PIE: New page: PIE session: VehicleExampleMap (Dec 6, 2021, 5:03:42 PM)
[2021.12.06-07.03.42:527][219]LogOnline: OSS: Creating online subsystem instance for: NULL
[2021.12.06-07.03.42:529][219]LogOnline: OSS: TryLoadSubsystemAndSetDefault: Loaded subsystem for module [NULL]
[2021.12.06-07.03.42:529][219]LogPlayLevel: Creating play world package: /Game/VehicleBP/Maps/UEDPIE_0_VehicleExampleMap
[2021.12.06-07.03.42:758][219]LogPlayLevel: PIE: StaticDuplicateObject took: (0.229154s)
[2021.12.06-07.03.42:759][219]LogAIModule: Creating AISystem for world VehicleExampleMap
[2021.12.06-07.03.42:759][219]LogPlayLevel: PIE: World Init took: (0.000917s)
[2021.12.06-07.03.42:759][219]LogPlayLevel: PIE: Created PIE world by copying editor world from /Game/VehicleBP/Maps/VehicleExampleMap.VehicleExampleMap to /Game/VehicleBP/Maps/UEDPIE_0_VehicleExampleMap.VehicleExampleMap (0.230260s)
[2021.12.06-07.03.42:785][219]LogUObjectHash: Compacting FUObjectHashTables data took   1.44ms
[2021.12.06-07.03.42:787][219]LogAudioMixer: Display: Audio Mixer Platform Settings:
[2021.12.06-07.03.42:787][219]LogAudioMixer: Display: 	Sample Rate:						  48000
[2021.12.06-07.03.42:787][219]LogAudioMixer: Display: 	Callback Buffer Frame Size Requested: 1024
[2021.12.06-07.03.42:787][219]LogAudioMixer: Display: 	Callback Buffer Frame Size To Use:	  1024
[2021.12.06-07.03.42:787][219]LogAudioMixer: Display: 	Number of buffers to queue:			  2
[2021.12.06-07.03.42:787][219]LogAudioMixer: Display: 	Max Channels (voices):				  32
[2021.12.06-07.03.42:787][219]LogAudioMixer: Display: 	Number of Async Source Workers:		  0
[2021.12.06-07.03.42:788][219]LogAudio: Display: AudioDevice MaxSources: 32
[2021.12.06-07.03.42:788][219]LogAudio: Display: Using built-in audio occlusion.
[2021.12.06-07.03.42:788][219]LogAudioMixer: Display: Initializing audio mixer.
[2021.12.06-07.03.42:794][219]LogAudioMixer: Display: Audio Device Output Speaker Info:
[2021.12.06-07.03.42:794][219]LogAudioMixer: Display: Name: Speakers (3- USB Audio Device)
[2021.12.06-07.03.42:794][219]LogAudioMixer: Display: Is Default: Yes
[2021.12.06-07.03.42:794][219]LogAudioMixer: Display: Sample Rate: 48000
[2021.12.06-07.03.42:794][219]LogAudioMixer: Display: Channel Count Used: 2
[2021.12.06-07.03.42:794][219]LogAudioMixer: Display: Device Channel Count: 2
[2021.12.06-07.03.42:794][219]LogAudioMixer: Display: Channel Order:
[2021.12.06-07.03.42:794][219]LogAudioMixer: Display: 0: FrontLeft
[2021.12.06-07.03.42:794][219]LogAudioMixer: Display: 1: FrontRight
[2021.12.06-07.03.42:801][219]LogAudioMixer: Display: Using Audio Device Speakers (3- USB Audio Device)
[2021.12.06-07.03.42:802][219]LogInit: FAudioDevice initialized.
[2021.12.06-07.03.42:837][219]LogLoad: Game class is 'MyGameMode_C'
[2021.12.06-07.03.42:868][219]LogWorld: Bringing World /Game/VehicleBP/Maps/UEDPIE_0_VehicleExampleMap.VehicleExampleMap up for play (max tick rate 0) at 2021.12.06-12.03.42
[2021.12.06-07.03.42:874][219]LogWorld: Bringing up level for play took: 0.028172
[2021.12.06-07.03.42:874][219]LogOnline: OSS: Creating online subsystem instance for: :Context_2
[2021.12.06-07.03.42:964][219]LogContentBrowser: Native class hierarchy updated for 'MovieSceneCapture' in 0.0003 seconds. Added 20 classes and 0 folders.
[2021.12.06-07.03.42:991][219]PIE: Play in editor start time for /Game/VehicleBP/Maps/UEDPIE_0_VehicleExampleMap 0.839
[2021.12.06-07.03.42:991][219]LogBlueprintUserMessages: Late PlayInEditor Detection: Level '/Game/VehicleBP/Maps/VehicleExampleMap.VehicleExampleMap:PersistentLevel' has LevelScriptBlueprint '/Game/VehicleBP/Maps/VehicleExampleMap.VehicleExampleMap:PersistentLevel.VehicleExampleMap' with GeneratedClass '/Game/VehicleBP/Maps/VehicleExampleMap.VehicleExampleMap_C' with ClassGeneratedBy '/Game/VehicleBP/Maps/VehicleExampleMap.VehicleExampleMap:PersistentLevel.VehicleExampleMap'
[2021.12.06-07.04.08:336][119]LogAudioMixer: Display: No commands were queued while flushing the source manager.
[2021.12.06-07.04.08:342][119]LogAudioMixer: Display: Flush succeeded in the source manager command queue (1).
[2021.12.06-07.04.08:362][119]LogAudioMixer: Display: Flush succeeded the source manager command queue (2).
[2021.12.06-07.04.08:362][119]LogBlueprintUserMessages: Early EndPlayMap Detection: Level '/Game/VehicleBP/Maps/VehicleExampleMap.VehicleExampleMap:PersistentLevel' has LevelScriptBlueprint '/Game/VehicleBP/Maps/VehicleExampleMap.VehicleExampleMap:PersistentLevel.VehicleExampleMap' with GeneratedClass '/Game/VehicleBP/Maps/VehicleExampleMap.VehicleExampleMap_C' with ClassGeneratedBy '/Game/VehicleBP/Maps/VehicleExampleMap.VehicleExampleMap:PersistentLevel.VehicleExampleMap'
[2021.12.06-07.04.08:362][119]LogSlate: Updating window title bar state: overlay mode, drag disabled, window buttons hidden, title bar hidden
[2021.12.06-07.04.08:362][119]LogWorld: BeginTearingDown for /Game/VehicleBP/Maps/UEDPIE_0_VehicleExampleMap
[2021.12.06-07.04.08:362][119]LogAudioMixer: Display: No commands were queued while flushing the source manager.
[2021.12.06-07.04.08:363][119]LogWorld: UWorld::CleanupWorld for VehicleExampleMap, bSessionEnded=true, bCleanupResources=true
[2021.12.06-07.04.08:364][119]LogSlate: InvalidateAllWidgets triggered.  All widgets were invalidated
[2021.12.06-07.04.08:373][119]LogPlayLevel: Display: Shutting down PIE online subsystems
[2021.12.06-07.04.08:373][119]LogBlueprintUserMessages: Late EndPlayMap Detection: Level '/Game/VehicleBP/Maps/VehicleExampleMap.VehicleExampleMap:PersistentLevel' has LevelScriptBlueprint '/Game/VehicleBP/Maps/VehicleExampleMap.VehicleExampleMap:PersistentLevel.VehicleExampleMap' with GeneratedClass '/Game/VehicleBP/Maps/VehicleExampleMap.VehicleExampleMap_C' with ClassGeneratedBy '/Game/VehicleBP/Maps/VehicleExampleMap.VehicleExampleMap:PersistentLevel.VehicleExampleMap'
[2021.12.06-07.04.08:376][119]LogSlate: InvalidateAllWidgets triggered.  All widgets were invalidated
[2021.12.06-07.04.08:399][119]LogAudioMixer: Display: No commands were queued while flushing the source manager.
[2021.12.06-07.04.08:401][119]LogSlate: Updating window title bar state: overlay mode, drag disabled, window buttons hidden, title bar hidden
[2021.12.06-07.04.08:407][119]LogUObjectHash: Compacting FUObjectHashTables data took   1.46ms
[2021.12.06-07.04.08:454][121]LogPlayLevel: Display: Destroying online subsystem :Context_2
[2021.12.06-07.05.09:865][665]LogSlate: Prevented a slow task dialog from being summoned while a context menu was open
[2021.12.06-07.05.17:966][665]LogTexture: Display: Building textures: ground_AO (AutoDXT, 4096X4096)
[2021.12.06-07.05.17:966][665]LogTexture: Display: Building textures: ground_H (AutoDXT, 4096X4096)
[2021.12.06-07.05.17:966][665]LogTexture: Display: Building textures: ground_N (BC5, 4096X4096)
[2021.12.06-07.05.17:966][665]LogTexture: Display: Building textures: ground_A (AutoDXT, 4096X4096)
[2021.12.06-07.05.17:966][665]LogMaterial: Display: Missing cached shader map for material MA_GroundSummer, compiling. 
[2021.12.06-07.05.23:306][665]LogShaderCompilers: Display: Worker (1/9): shaders left to compile 77
[2021.12.06-07.05.23:306][665]LogShaderCompilers: Display: Worker (2/9): shaders left to compile 67
[2021.12.06-07.05.23:306][665]LogShaderCompilers: Display: Worker (3/9): shaders left to compile 57
[2021.12.06-07.05.23:306][665]LogShaderCompilers: Display: Worker (4/9): shaders left to compile 47
[2021.12.06-07.05.23:306][665]LogShaderCompilers: Display: Worker (5/9): shaders left to compile 37
[2021.12.06-07.05.23:306][665]LogShaderCompilers: Display: Worker (6/9): shaders left to compile 27
[2021.12.06-07.05.23:306][665]LogShaderCompilers: Display: Worker (7/9): shaders left to compile 17
[2021.12.06-07.05.23:306][665]LogShaderCompilers: Display: Worker (8/9): shaders left to compile 7
[2021.12.06-07.05.23:306][665]LogTexture: Display: Building textures: Snow_AORH (AutoDXT, 4096X4096)
[2021.12.06-07.05.23:306][665]LogTexture: Display: Building textures: Snow_N (BC5, 4096X4096)
[2021.12.06-07.05.23:306][665]LogMaterial: Display: Missing cached shader map for material MA_GroundWinter, compiling. 
[2021.12.06-07.05.27:694][665]LogShaderCompilers: Display: Worker (1/9): shaders left to compile 77
[2021.12.06-07.05.27:694][665]LogShaderCompilers: Display: Worker (2/9): shaders left to compile 67
[2021.12.06-07.05.27:694][665]LogShaderCompilers: Display: Worker (3/9): shaders left to compile 57
[2021.12.06-07.05.27:694][665]LogShaderCompilers: Display: Worker (4/9): shaders left to compile 47
[2021.12.06-07.05.27:694][665]LogShaderCompilers: Display: Worker (5/9): shaders left to compile 37
[2021.12.06-07.05.27:694][665]LogShaderCompilers: Display: Worker (6/9): shaders left to compile 27
[2021.12.06-07.05.27:694][665]LogShaderCompilers: Display: Worker (7/9): shaders left to compile 17
[2021.12.06-07.05.27:694][665]LogShaderCompilers: Display: Worker (8/9): shaders left to compile 7
[2021.12.06-07.05.27:694][665]LogTexture: Display: Building textures: spruce_full_01_VEC (BGRA8, 37X35)
[2021.12.06-07.05.27:694][665]LogTexture: Display: Building textures: spruce_full_01_PIV (RGBA16F, 37X35)
[2021.12.06-07.05.27:694][665]LogTexture: Display: Building textures: Leaf_A_01 (AutoDXT, 4096X4096)
[2021.12.06-07.05.27:694][665]LogMaterial: Display: Missing cached shader map for material MA_Winter, compiling. 
[2021.12.06-07.05.27:749][665]LogMaterial: Display: Missing cached shader map for material MA_Winter, compiling. 
[2021.12.06-07.05.27:813][665]LogShaderCompilers: Display: Worker (1/9): shaders left to compile 97
[2021.12.06-07.05.27:813][665]LogShaderCompilers: Display: Worker (2/9): shaders left to compile 87
[2021.12.06-07.05.27:813][665]LogShaderCompilers: Display: Worker (3/9): shaders left to compile 77
[2021.12.06-07.05.27:813][665]LogShaderCompilers: Display: Worker (4/9): shaders left to compile 67
[2021.12.06-07.05.27:813][665]LogShaderCompilers: Display: Worker (5/9): shaders left to compile 57
[2021.12.06-07.05.27:813][665]LogShaderCompilers: Display: Worker (6/9): shaders left to compile 47
[2021.12.06-07.05.27:813][665]LogShaderCompilers: Display: Worker (7/9): shaders left to compile 37
[2021.12.06-07.05.27:814][665]LogShaderCompilers: Display: Worker (8/9): shaders left to compile 27
[2021.12.06-07.05.27:814][665]LogMaterial: Display: Missing cached shader map for material MA_Winter, compiling. 
[2021.12.06-07.05.27:909][665]LogMaterial: Display: Missing cached shader map for material MA_Winter, compiling. 
[2021.12.06-07.05.28:015][665]LogTexture: Display: Building textures: spruce_full_02_VEC (BGRA8, 1021X3)
[2021.12.06-07.05.28:015][665]LogTexture: Display: Building textures: spruce_full_02_PIV (RGBA16F, 1021X3)
[2021.12.06-07.05.28:015][665]LogMaterial: Display: Missing cached shader map for material MA_Winter, compiling. 
[2021.12.06-07.05.28:088][665]LogMaterial: Display: Missing cached shader map for material MA_Winter, compiling. 
[2021.12.06-07.05.28:178][665]LogMaterial: Display: Missing cached shader map for material MA_Winter, compiling. 
[2021.12.06-07.05.28:281][665]LogTexture: Display: Building textures: spruce_full_03_PIV (RGBA16F, 1337X2)
[2021.12.06-07.05.28:281][665]LogTexture: Display: Building textures: spruce_full_03_VEC (BGRA8, 1337X2)
[2021.12.06-07.05.28:281][665]LogMaterial: Display: Missing cached shader map for material MA_Winter, compiling. 
[2021.12.06-07.05.28:354][665]LogMaterial: Display: Missing cached shader map for material MA_Winter, compiling. 
[2021.12.06-07.05.28:440][665]LogMaterial: Display: Missing cached shader map for material MA_Winter, compiling. 
[2021.12.06-07.05.28:527][665]LogMaterial: Display: Missing cached shader map for material MA_Winter, compiling. 
[2021.12.06-07.05.28:602][665]LogMaterial: Display: Missing cached shader map for material MA_Winter, compiling. 
[2021.12.06-07.05.28:696][665]LogMaterial: Display: Missing cached shader map for material MA_Winter, compiling. 
[2021.12.06-07.05.28:788][665]LogMaterial: Display: Missing cached shader map for material MA_Winter, compiling. 
[2021.12.06-07.05.28:866][665]LogMaterial: Display: Missing cached shader map for material MA_Winter, compiling. 
[2021.12.06-07.05.28:953][665]LogMaterial: Display: Missing cached shader map for material MA_Winter, compiling. 
[2021.12.06-07.05.29:051][665]LogTexture: Display: Building textures: spruce_full_03_low_VEC (BGRA8, 889X2)
[2021.12.06-07.05.29:051][665]LogTexture: Display: Building textures: spruce_full_03_low_PIV (RGBA16F, 889X2)
[2021.12.06-07.05.29:051][665]LogMaterial: Display: Missing cached shader map for material MA_Winter, compiling. 
[2021.12.06-07.05.29:121][665]LogMaterial: Display: Missing cached shader map for material MA_Winter, compiling. 
[2021.12.06-07.05.29:211][665]LogMaterial: Display: Missing cached shader map for material MA_Winter, compiling. 
[2021.12.06-07.05.29:310][665]LogTexture: Display: Building textures: spruce_half_01_VEC (BGRA8, 629X3)
[2021.12.06-07.05.29:310][665]LogTexture: Display: Building textures: spruce_half_01_PIV (RGBA16F, 629X3)
[2021.12.06-07.05.29:310][665]LogMaterial: Display: Missing cached shader map for material MA_Winter, compiling. 
[2021.12.06-07.05.29:374][665]LogMaterial: Display: Missing cached shader map for material MA_Winter, compiling. 
[2021.12.06-07.05.29:457][665]LogMaterial: Display: Missing cached shader map for material MA_Winter, compiling. 
[2021.12.06-07.05.29:553][665]LogTexture: Display: Building textures: spruce_half_02_PIV (RGBA16F, 301X5)
[2021.12.06-07.05.29:553][665]LogTexture: Display: Building textures: spruce_half_02_VEC (BGRA8, 301X5)
[2021.12.06-07.05.29:553][665]LogMaterial: Display: Missing cached shader map for material MA_Winter, compiling. 
[2021.12.06-07.05.29:627][665]LogMaterial: Display: Missing cached shader map for material MA_Winter, compiling. 
[2021.12.06-07.05.29:706][665]LogMaterial: Display: Missing cached shader map for material MA_Winter, compiling. 
[2021.12.06-07.05.29:799][665]LogTexture: Display: Building textures: spruce_half_03_PIV (RGBA16F, 1579X2)
[2021.12.06-07.05.29:799][665]LogTexture: Display: Building textures: spruce_half_03_VEC (BGRA8, 1579X2)
[2021.12.06-07.05.29:799][665]LogMaterial: Display: Missing cached shader map for material MA_Winter, compiling. 
[2021.12.06-07.05.29:868][665]LogMaterial: Display: Missing cached shader map for material MA_Winter, compiling. 
[2021.12.06-07.05.29:953][665]LogMaterial: Display: Missing cached shader map for material MA_Winter, compiling. 
[2021.12.06-07.05.30:052][665]LogTexture: Display: Building textures: spruce_half_04_VEC (BGRA8, 1200X2)
[2021.12.06-07.05.30:052][665]LogTexture: Display: Building textures: spruce_half_04_PIV (RGBA16F, 1200X2)
[2021.12.06-07.05.30:052][665]LogMaterial: Display: Missing cached shader map for material MA_Winter, compiling. 
[2021.12.06-07.05.30:126][665]LogMaterial: Display: Missing cached shader map for material MA_Winter, compiling. 
[2021.12.06-07.05.30:214][665]LogMaterial: Display: Missing cached shader map for material MA_Winter, compiling. 
[2021.12.06-07.05.30:311][665]LogTexture: Display: Building textures: spruce_half_01_low_PIV (RGBA16F, 618X2)
[2021.12.06-07.05.30:311][665]LogTexture: Display: Building textures: spruce_half_01_low_VEC (BGRA8, 618X2)
[2021.12.06-07.05.30:311][665]LogMaterial: Display: Missing cached shader map for material MA_Winter, compiling. 
[2021.12.06-07.05.30:380][665]LogMaterial: Display: Missing cached shader map for material MA_Winter, compiling. 
[2021.12.06-07.05.30:463][665]LogMaterial: Display: Missing cached shader map for material MA_Winter, compiling. 
[2021.12.06-07.05.30:549][665]LogTexture: Display: Building textures: spruce_half_02_low_PIV (RGBA16F, 267X3)
[2021.12.06-07.05.30:549][665]LogTexture: Display: Building textures: spruce_half_02_low_VEC (BGRA8, 267X3)
[2021.12.06-07.05.30:549][665]LogMaterial: Display: Missing cached shader map for material MA_Winter, compiling. 
[2021.12.06-07.05.30:615][665]LogMaterial: Display: Missing cached shader map for material MA_Winter, compiling. 
[2021.12.06-07.05.30:693][665]LogMaterial: Display: Missing cached shader map for material MA_Winter, compiling. 
[2021.12.06-07.05.30:788][665]LogTexture: Display: Building textures: spruce_half_03_low_PIV (RGBA16F, 1025X2)
[2021.12.06-07.05.30:788][665]LogTexture: Display: Building textures: spruce_half_03_low_VEC (BGRA8, 1025X2)
[2021.12.06-07.05.30:788][665]LogMaterial: Display: Missing cached shader map for material MA_Winter, compiling. 
[2021.12.06-07.05.30:855][665]LogMaterial: Display: Missing cached shader map for material MA_Winter, compiling. 
[2021.12.06-07.05.30:937][665]LogMaterial: Display: Missing cached shader map for material MA_Winter, compiling. 
[2021.12.06-07.05.31:033][665]LogTexture: Display: Building textures: spruce_half_04_low_PIV (RGBA16F, 595X2)
[2021.12.06-07.05.31:033][665]LogTexture: Display: Building textures: spruce_half_04_low_VEC (BGRA8, 595X2)
[2021.12.06-07.05.31:033][665]LogMaterial: Display: Missing cached shader map for material MA_Winter, compiling. 
[2021.12.06-07.05.31:105][665]LogMaterial: Display: Missing cached shader map for material MA_Winter, compiling. 
[2021.12.06-07.05.31:185][665]LogShaderCompilers: Display: Worker (7/9): shaders left to compile 3897
[2021.12.06-07.05.31:185][665]LogMaterial: Display: Missing cached shader map for material MA_Winter, compiling. 
[2021.12.06-07.05.31:260][665]LogMaterial: Display: Missing cached shader map for material MA_Imposter, compiling. 
[2021.12.06-07.05.31:328][665]LogShaderCompilers: Display: Worker (6/9): shaders left to compile 4081
[2021.12.06-07.05.31:328][665]LogMaterial: Display: Missing cached shader map for material MA_Imposter, compiling. 
[2021.12.06-07.05.39:351][665]LogShaderCompilers: Display: Worker (8/9): shaders left to compile 4168
[2021.12.06-07.05.39:352][665]LogTexture: Display: Building textures: full_03_imposter_N (BC5, 4096X4096)
[2021.12.06-07.05.39:352][665]LogTexture: Display: Building textures: full_03_imposter_A_unlit (AutoDXT, 4064X4064)
[2021.12.06-07.05.39:352][665]LogTexture: Display: Building textures: full_03_imposter_O (AutoDXT, 4096X4096)
[2021.12.06-07.05.39:352][665]LogShaderCompilers: Display: Worker (3/9): shaders left to compile 4255
[2021.12.06-07.05.39:352][665]LogShaderCompilers: Display: Worker (1/9): shaders left to compile 4245
[2021.12.06-07.05.39:352][665]LogShaderCompilers: Display: Worker (2/9): shaders left to compile 4235
[2021.12.06-07.05.39:352][665]LogShaderCompilers: Display: Worker (4/9): shaders left to compile 4225
[2021.12.06-07.05.39:352][665]LogShaderCompilers: Display: Worker (5/9): shaders left to compile 4215
[2021.12.06-07.05.39:352][665]LogShaderCompilers: Display: Worker (7/9): shaders left to compile 4205
[2021.12.06-07.05.39:352][665]LogShaderCompilers: Display: Worker (8/9): shaders left to compile 4195
[2021.12.06-07.05.39:352][665]LogShaderCompilers: Display: Worker (6/9): shaders left to compile 4185
[2021.12.06-07.05.39:352][665]LogMaterial: Display: Missing cached shader map for material MA_Imposter, compiling. 
[2021.12.06-07.05.41:413][665]LogShaderCompilers: Display: Worker (2/9): shaders left to compile 4175
[2021.12.06-07.05.41:413][665]LogTexture: Display: Building textures: half_01_imposter_O (AutoDXT, 4064X4064)
[2021.12.06-07.05.41:413][665]LogTexture: Display: Building textures: half_01_imposter_N (BC5, 4064X4064)
[2021.12.06-07.05.41:413][665]LogTexture: Display: Building textures: half_01_imposter_A (AutoDXT, 4096X4096)
[2021.12.06-07.05.41:413][665]LogShaderCompilers: Display: Worker (3/9): shaders left to compile 4262
[2021.12.06-07.05.41:413][665]LogShaderCompilers: Display: Worker (1/9): shaders left to compile 4252
[2021.12.06-07.05.41:413][665]LogMaterial: Display: Missing cached shader map for material MA_Imposter, compiling. 
[2021.12.06-07.05.44:447][665]LogShaderCompilers: Display: Worker (5/9): shaders left to compile 4339
[2021.12.06-07.05.44:447][665]LogTexture: Display: Building textures: half_02_imposter_N (BC5, 4096X4096)
[2021.12.06-07.05.44:447][665]LogTexture: Display: Building textures: half_02_imposter_O (AutoDXT, 4096X4096)
[2021.12.06-07.05.44:447][665]LogTexture: Display: Building textures: half_02_imposter_A (AutoDXT, 4096X4096)
[2021.12.06-07.05.44:447][665]LogShaderCompilers: Display: Worker (7/9): shaders left to compile 4329
[2021.12.06-07.05.44:447][665]LogShaderCompilers: Display: Worker (4/9): shaders left to compile 4319
[2021.12.06-07.05.44:447][665]LogShaderCompilers: Display: Worker (8/9): shaders left to compile 4309
[2021.12.06-07.05.44:447][665]LogMaterial: Display: Missing cached shader map for material MA_Imposter, compiling. 
[2021.12.06-07.05.46:660][665]LogTexture: Display: Building textures: half_03_imposter_N (BC5, 4096X4096)
[2021.12.06-07.05.46:660][665]LogTexture: Display: Building textures: half_03_imposter_O (AutoDXT, 4096X4096)
[2021.12.06-07.05.46:660][665]LogTexture: Display: Building textures: half_03_imposter_A (AutoDXT, 4096X4096)
[2021.12.06-07.05.46:660][665]LogShaderCompilers: Display: Worker (6/9): shaders left to compile 4396
[2021.12.06-07.05.46:660][665]LogMaterial: Display: Missing cached shader map for material MA_Imposter, compiling. 
[2021.12.06-07.05.49:402][665]LogTexture: Display: Building textures: half_04_imposter_N (BC5, 4096X4096)
[2021.12.06-07.05.49:402][665]LogTexture: Display: Building textures: half_04_imposter_O (AutoDXT, 4096X4096)
[2021.12.06-07.05.49:402][665]LogTexture: Display: Building textures: half_04_imposter_A (AutoDXT, 4096X4096)
[2021.12.06-07.05.49:402][665]LogShaderCompilers: Display: Worker (2/9): shaders left to compile 4483
[2021.12.06-07.05.49:402][665]LogShaderCompilers: Display: Worker (1/9): shaders left to compile 4473
[2021.12.06-07.05.49:402][665]LogMaterial: Display: Missing cached shader map for material MA_Imposter, compiling. 
[2021.12.06-07.05.49:465][665]LogMaterial: Display: Missing cached shader map for material MA_Imposter, compiling. 
[2021.12.06-07.05.49:528][665]LogMaterial: Display: Missing cached shader map for material MA_Imposter, compiling. 
[2021.12.06-07.05.49:596][665]LogMaterial: Display: Missing cached shader map for material MA_Imposter, compiling. 
[2021.12.06-07.05.49:674][665]LogMaterial: Display: Missing cached shader map for material MA_Imposter, compiling. 
[2021.12.06-07.05.49:742][665]LogMaterial: Display: Missing cached shader map for material MA_Imposter, compiling. 
[2021.12.06-07.05.49:809][665]LogMaterial: Display: Missing cached shader map for material MA_Imposter, compiling. 
[2021.12.06-07.05.49:875][665]LogMaterial: Display: Missing cached shader map for material MA_Imposter, compiling. 
[2021.12.06-07.05.49:962][665]LogTexture: Display: Building textures: small_01_VEC (BGRA8, 3X3)
[2021.12.06-07.05.49:962][665]LogTexture: Display: Building textures: small_01_PIV (RGBA16F, 3X3)
[2021.12.06-07.05.49:962][665]LogMaterial: Display: Missing cached shader map for material MA_Winter, compiling. 
[2021.12.06-07.05.50:044][665]LogMaterial: Display: Missing cached shader map for material MA_Winter, compiling. 
[2021.12.06-07.05.50:147][665]LogTexture: Display: Building textures: small_02_PIV (RGBA16F, 5X4)
[2021.12.06-07.05.50:147][665]LogTexture: Display: Building textures: small_02_VEC (BGRA8, 5X4)
[2021.12.06-07.05.50:147][665]LogMaterial: Display: Missing cached shader map for material MA_Winter, compiling. 
[2021.12.06-07.05.50:229][665]LogMaterial: Display: Missing cached shader map for material MA_Winter, compiling. 
[2021.12.06-07.05.50:320][665]LogTexture: Display: Building textures: small_03_VEC (BGRA8, 7X3)
[2021.12.06-07.05.50:320][665]LogTexture: Display: Building textures: small_03_PIV (RGBA16F, 7X3)
[2021.12.06-07.05.50:320][665]LogMaterial: Display: Missing cached shader map for material MA_Winter, compiling. 
[2021.12.06-07.05.50:399][665]LogMaterial: Display: Missing cached shader map for material MA_Winter, compiling. 
[2021.12.06-07.05.50:492][665]LogTexture: Display: Building textures: small_04_PIV (RGBA16F, 16X2)
[2021.12.06-07.05.50:492][665]LogTexture: Display: Building textures: small_04_VEC (BGRA8, 16X2)
[2021.12.06-07.05.50:492][665]LogMaterial: Display: Missing cached shader map for material MA_Winter, compiling. 
[2021.12.06-07.05.50:568][665]LogMaterial: Display: Missing cached shader map for material MA_Winter, compiling. 
[2021.12.06-07.05.50:660][665]LogTexture: Display: Building textures: small_05_PIV (RGBA16F, 77X3)
[2021.12.06-07.05.50:660][665]LogTexture: Display: Building textures: small_05_VEC (BGRA8, 77X3)
[2021.12.06-07.05.50:660][665]LogMaterial: Display: Missing cached shader map for material MA_Winter, compiling. 
[2021.12.06-07.05.50:734][665]LogMaterial: Display: Missing cached shader map for material MA_Winter, compiling. 
[2021.12.06-07.05.50:827][665]LogMaterial: Display: Missing cached shader map for material MA_Winter, compiling. 
[2021.12.06-07.05.50:915][665]LogMaterial: Display: Missing cached shader map for material MA_Winter, compiling. 
[2021.12.06-07.05.51:020][665]LogTexture: Display: Building textures: small_06_VEC (BGRA8, 195X2)
[2021.12.06-07.05.51:020][665]LogTexture: Display: Building textures: small_06_PIV (RGBA16F, 195X2)
[2021.12.06-07.05.51:020][665]LogMaterial: Display: Missing cached shader map for material MA_Winter, compiling. 
[2021.12.06-07.05.51:111][665]LogMaterial: Display: Missing cached shader map for material MA_Winter, compiling. 
[2021.12.06-07.05.51:218][665]LogTexture: Display: Building textures: small_07_PIV (RGBA16F, 201X2)
[2021.12.06-07.05.51:218][665]LogTexture: Display: Building textures: small_07_VEC (BGRA8, 201X2)
[2021.12.06-07.05.51:218][665]LogMaterial: Display: Missing cached shader map for material MA_Winter, compiling. 
[2021.12.06-07.05.51:295][665]LogMaterial: Display: Missing cached shader map for material MA_Winter, compiling. 
[2021.12.06-07.05.51:392][665]LogMaterial: Display: Missing cached shader map for material MA_Winter, compiling. 
[2021.12.06-07.05.51:665][665]LogStaticMesh: Building static mesh winter_spruce_full_01...
[2021.12.06-07.05.53:240][665]LogShaderCompilers: Display: Worker (5/9): shaders left to compile 6888
[2021.12.06-07.05.53:240][665]LogShaderCompilers: Display: Worker (3/9): shaders left to compile 6878
[2021.12.06-07.05.53:240][665]LogShaderCompilers: Display: Worker (6/9): shaders left to compile 6868
[2021.12.06-07.05.53:240][665]LogShaderCompilers: Display: Worker (8/9): shaders left to compile 6858
[2021.12.06-07.05.53:240][665]LogStaticMesh: Built static mesh [1.58s] /Game/PN_interactiveSpruceForest/ExampleContent/Winter/Meshes/full/high/winter_spruce_full_01.winter_spruce_full_01
[2021.12.06-07.05.53:680][665]LogShaderCompilers: Display: Worker (4/9): shaders left to compile 6848
[2021.12.06-07.05.53:680][665]LogStaticMesh: Building static mesh winter_spruce_full_02...
[2021.12.06-07.05.57:985][665]LogShaderCompilers: Display: Worker (7/9): shaders left to compile 6838
[2021.12.06-07.05.57:986][665]LogShaderCompilers: Display: Worker (2/9): shaders left to compile 6828
[2021.12.06-07.05.57:986][665]LogShaderCompilers: Display: Worker (1/9): shaders left to compile 6818
[2021.12.06-07.05.57:986][665]LogStaticMesh: Built static mesh [4.30s] /Game/PN_interactiveSpruceForest/ExampleContent/Winter/Meshes/full/high/winter_spruce_full_02.winter_spruce_full_02
[2021.12.06-07.05.58:436][665]LogShaderCompilers: Display: Worker (3/9): shaders left to compile 6808
[2021.12.06-07.05.58:436][665]LogStaticMesh: Building static mesh winter_spruce_full_03...
[2021.12.06-07.06.02:456][665]LogShaderCompilers: Display: Worker (6/9): shaders left to compile 6798
[2021.12.06-07.06.02:456][665]LogShaderCompilers: Display: Worker (5/9): shaders left to compile 6788
[2021.12.06-07.06.02:456][665]LogShaderCompilers: Display: Worker (2/9): shaders left to compile 6778
[2021.12.06-07.06.02:456][665]LogShaderCompilers: Display: Worker (7/9): shaders left to compile 6768
[2021.12.06-07.06.02:456][665]LogShaderCompilers: Display: Worker (8/9): shaders left to compile 6758
[2021.12.06-07.06.02:456][665]LogStaticMesh: Built static mesh [4.02s] /Game/PN_interactiveSpruceForest/ExampleContent/Winter/Meshes/full/high/winter_spruce_full_03.winter_spruce_full_03
[2021.12.06-07.06.02:802][665]LogShaderCompilers: Display: Worker (1/9): shaders left to compile 6748
[2021.12.06-07.06.02:802][665]LogStaticMesh: Building static mesh winter_spruce_full_03_low...
[2021.12.06-07.06.04:716][665]LogShaderCompilers: Display: Worker (4/9): shaders left to compile 6738
[2021.12.06-07.06.04:716][665]LogShaderCompilers: Display: Worker (3/9): shaders left to compile 6728
[2021.12.06-07.06.04:716][665]LogStaticMesh: Built static mesh [1.91s] /Game/PN_interactiveSpruceForest/ExampleContent/Winter/Meshes/full/low/winter_spruce_full_03_low.winter_spruce_full_03_low
[2021.12.06-07.06.05:290][665]LogStaticMesh: Building static mesh winter_spruce_half_01...
[2021.12.06-07.06.10:244][665]LogShaderCompilers: Display: Worker (5/9): shaders left to compile 6718
[2021.12.06-07.06.10:244][665]LogShaderCompilers: Display: Worker (7/9): shaders left to compile 6708
[2021.12.06-07.06.10:244][665]LogShaderCompilers: Display: Worker (2/9): shaders left to compile 6698
[2021.12.06-07.06.10:244][665]LogShaderCompilers: Display: Worker (6/9): shaders left to compile 6688
[2021.12.06-07.06.10:245][665]LogShaderCompilers: Display: Worker (3/9): shaders left to compile 6678
[2021.12.06-07.06.10:245][665]LogShaderCompilers: Display: Worker (8/9): shaders left to compile 6668
[2021.12.06-07.06.10:245][665]LogShaderCompilers: Display: Worker (4/9): shaders left to compile 6658
[2021.12.06-07.06.10:245][665]LogStaticMesh: Built static mesh [4.96s] /Game/PN_interactiveSpruceForest/ExampleContent/Winter/Meshes/half/high/winter_spruce_half_01.winter_spruce_half_01
[2021.12.06-07.06.11:084][665]LogStaticMesh: Building static mesh winter_spruce_half_02...
[2021.12.06-07.06.17:799][665]LogShaderCompilers: Display: Worker (1/9): shaders left to compile 6648
[2021.12.06-07.06.17:799][665]LogShaderCompilers: Display: Worker (5/9): shaders left to compile 6638
[2021.12.06-07.06.17:799][665]LogShaderCompilers: Display: Worker (7/9): shaders left to compile 6628
[2021.12.06-07.06.17:799][665]LogShaderCompilers: Display: Worker (3/9): shaders left to compile 6618
[2021.12.06-07.06.17:799][665]LogShaderCompilers: Display: Worker (2/9): shaders left to compile 6608
[2021.12.06-07.06.17:799][665]LogShaderCompilers: Display: Worker (6/9): shaders left to compile 6598
[2021.12.06-07.06.17:799][665]LogShaderCompilers: Display: Worker (8/9): shaders left to compile 6588
[2021.12.06-07.06.17:799][665]LogShaderCompilers: Display: Worker (4/9): shaders left to compile 6578
[2021.12.06-07.06.17:799][665]LogShaderCompilers: Display: Worker (7/9): shaders left to compile 6568
[2021.12.06-07.06.17:799][665]LogShaderCompilers: Display: Worker (5/9): shaders left to compile 6558
[2021.12.06-07.06.17:799][665]LogStaticMesh: Built static mesh [6.72s] /Game/PN_interactiveSpruceForest/ExampleContent/Winter/Meshes/half/high/winter_spruce_half_02.winter_spruce_half_02
[2021.12.06-07.06.18:636][665]LogStaticMesh: Building static mesh winter_spruce_half_03...
[2021.12.06-07.06.25:452][665]LogShaderCompilers: Display: Worker (3/9): shaders left to compile 6548
[2021.12.06-07.06.25:452][665]LogShaderCompilers: Display: Worker (1/9): shaders left to compile 6538
[2021.12.06-07.06.25:452][665]LogShaderCompilers: Display: Worker (2/9): shaders left to compile 6528
[2021.12.06-07.06.25:452][665]LogShaderCompilers: Display: Worker (6/9): shaders left to compile 6518
[2021.12.06-07.06.25:452][665]LogShaderCompilers: Display: Worker (8/9): shaders left to compile 6508
[2021.12.06-07.06.25:452][665]LogShaderCompilers: Display: Worker (4/9): shaders left to compile 6498
[2021.12.06-07.06.25:452][665]LogShaderCompilers: Display: Worker (7/9): shaders left to compile 6488
[2021.12.06-07.06.25:452][665]LogShaderCompilers: Display: Worker (1/9): shaders left to compile 6478
[2021.12.06-07.06.25:452][665]LogStaticMesh: Built static mesh [6.82s] /Game/PN_interactiveSpruceForest/ExampleContent/Winter/Meshes/half/high/winter_spruce_half_03.winter_spruce_half_03
[2021.12.06-07.06.26:210][665]LogShaderCompilers: Display: Worker (3/9): shaders left to compile 6468
[2021.12.06-07.06.26:210][665]LogStaticMesh: Building static mesh winter_spruce_half_04...
[2021.12.06-07.06.32:000][665]LogShaderCompilers: Display: Worker (5/9): shaders left to compile 6458
[2021.12.06-07.06.32:000][665]LogShaderCompilers: Display: Worker (2/9): shaders left to compile 6448
[2021.12.06-07.06.32:000][665]LogShaderCompilers: Display: Worker (6/9): shaders left to compile 6438
[2021.12.06-07.06.32:000][665]LogShaderCompilers: Display: Worker (8/9): shaders left to compile 6428
[2021.12.06-07.06.32:000][665]LogShaderCompilers: Display: Worker (4/9): shaders left to compile 6418
[2021.12.06-07.06.32:000][665]LogShaderCompilers: Display: Worker (7/9): shaders left to compile 6408
[2021.12.06-07.06.32:000][665]LogStaticMesh: Built static mesh [5.79s] /Game/PN_interactiveSpruceForest/ExampleContent/Winter/Meshes/half/high/winter_spruce_half_04.winter_spruce_half_04
[2021.12.06-07.06.32:339][665]LogShaderCompilers: Display: Worker (1/9): shaders left to compile 6398
[2021.12.06-07.06.32:339][665]LogStaticMesh: Building static mesh winter_spruce_half_01_low...
[2021.12.06-07.06.35:091][665]LogShaderCompilers: Display: Worker (3/9): shaders left to compile 6388
[2021.12.06-07.06.35:092][665]LogShaderCompilers: Display: Worker (2/9): shaders left to compile 6378
[2021.12.06-07.06.35:092][665]LogShaderCompilers: Display: Worker (6/9): shaders left to compile 6368
[2021.12.06-07.06.35:092][665]LogStaticMesh: Built static mesh [2.75s] /Game/PN_interactiveSpruceForest/ExampleContent/Winter/Meshes/half/low/winter_spruce_half_01_low.winter_spruce_half_01_low
[2021.12.06-07.06.35:359][665]LogStaticMesh: Building static mesh winter_spruce_half_02_low...
[2021.12.06-07.06.37:602][665]LogShaderCompilers: Display: Worker (8/9): shaders left to compile 6358
[2021.12.06-07.06.37:603][665]LogShaderCompilers: Display: Worker (4/9): shaders left to compile 6348
[2021.12.06-07.06.37:603][665]LogShaderCompilers: Display: Worker (5/9): shaders left to compile 6338
[2021.12.06-07.06.37:603][665]LogStaticMesh: Built static mesh [2.24s] /Game/PN_interactiveSpruceForest/ExampleContent/Winter/Meshes/half/low/winter_spruce_half_02_low.winter_spruce_half_02_low
[2021.12.06-07.06.38:177][665]LogStaticMesh: Building static mesh winter_spruce_half_03_low...
