Log file open, 12/06/21 12:06:45
LogWindows: Failed to load 'aqProf.dll' (GetLastError=126)
LogWindows: File 'aqProf.dll' does not exist
LogWindows: Failed to load 'VtuneApi.dll' (GetLastError=126)
LogWindows: File 'VtuneApi.dll' does not exist
LogWindows: Failed to load 'VtuneApi32e.dll' (GetLastError=126)
LogWindows: File 'VtuneApi32e.dll' does not exist
LogConsoleResponse: Display: Failed to find resolution value strings in scalability ini. Falling back to default.
LogInit: Display: Running engine for game: RacingCarGameTrainingProject
LogPlatformFile: Not using cached read wrapper
LogTaskGraph: Started task graph with 5 named threads and 35 total threads with 3 sets of task threads.
LogStats: Stats thread started at 0.054767
LogD3D11RHI: Loaded GFSDK_Aftermath_Lib.x64.dll
LogICUInternationalization: ICU TimeZone Detection - Raw Offset: +5:00, Platform Override: ''
LogPluginManager: Mounting plugin Paper2D
LogPluginManager: Mounting plugin AISupport
LogPluginManager: Mounting plugin LightPropagationVolume
LogPluginManager: Mounting plugin ActorLayerUtilities
LogPluginManager: Mounting plugin AnimationSharing
LogPluginManager: Mounting plugin CLionSourceCodeAccess
LogPluginManager: Mounting plugin CodeLiteSourceCodeAccess
LogPluginManager: Mounting plugin GitSourceControl
LogPluginManager: Mounting plugin KDevelopSourceCodeAccess
LogPluginManager: Mounting plugin NullSourceCodeAccess
LogPluginManager: Mounting plugin PerforceSourceControl
LogPluginManager: Mounting plugin PlasticSourceControl
LogPluginManager: Mounting plugin SubversionSourceControl
LogPluginManager: Mounting plugin UObjectPlugin
LogPluginManager: Mounting plugin VisualStudioCodeSourceCodeAccess
LogPluginManager: Mounting plugin VisualStudioSourceCodeAccess
LogPluginManager: Mounting plugin XCodeSourceCodeAccess
LogPluginManager: Mounting plugin AssetManagerEditor
LogPluginManager: Mounting plugin CryptoKeys
LogPluginManager: Mounting plugin CurveEditorTools
LogPluginManager: Mounting plugin DataValidation
LogPluginManager: Mounting plugin FacialAnimation
LogPluginManager: Mounting plugin GameplayTagsEditor
LogPluginManager: Mounting plugin MacGraphicsSwitching
LogPluginManager: Mounting plugin MaterialAnalyzer
LogPluginManager: Mounting plugin MobileLauncherProfileWizard
LogPluginManager: Mounting plugin PluginBrowser
LogPluginManager: Mounting plugin SpeedTreeImporter
LogPluginManager: Mounting plugin DatasmithContent
LogPluginManager: Mounting plugin VariantManagerContent
LogPluginManager: Mounting plugin AlembicImporter
LogPluginManager: Mounting plugin AutomationUtils
LogPluginManager: Mounting plugin BackChannel
LogPluginManager: Mounting plugin CharacterAI
LogPluginManager: Mounting plugin GeometryCache
LogPluginManager: Mounting plugin PlatformCrypto
LogPluginManager: Mounting plugin ProxyLODPlugin
LogPluginManager: Mounting plugin RawInput
LogPluginManager: Mounting plugin SkeletalReduction
LogPluginManager: Mounting plugin MagicLeap
LogPluginManager: Mounting plugin MagicLeapMedia
LogPluginManager: Mounting plugin MLSDK
LogPluginManager: Mounting plugin AndroidMedia
LogPluginManager: Mounting plugin AvfMedia
LogPluginManager: Mounting plugin ImgMedia
LogPluginManager: Mounting plugin MediaCompositing
LogPluginManager: Mounting plugin MediaPlayerEditor
LogPluginManager: Mounting plugin WebMMedia
LogPluginManager: Mounting plugin WmfMedia
LogPluginManager: Mounting plugin TcpMessaging
LogPluginManager: Mounting plugin UdpMessaging
LogPluginManager: Mounting plugin ActorSequence
LogPluginManager: Mounting plugin LevelSequenceEditor
LogPluginManager: Mounting plugin MatineeToLevelSequence
LogPluginManager: Mounting plugin NetcodeUnitTest
LogPluginManager: Mounting plugin NUTUnrealEngine4
LogPluginManager: Mounting plugin OnlineSubsystemGooglePlay
LogPluginManager: Mounting plugin OnlineSubsystemIOS
LogPluginManager: Mounting plugin OnlineSubsystem
LogPluginManager: Mounting plugin OnlineSubsystemNull
LogPluginManager: Mounting plugin OnlineSubsystemUtils
LogPluginManager: Mounting plugin LauncherChunkInstaller
LogPluginManager: Mounting plugin AndroidDeviceProfileSelector
LogPluginManager: Mounting plugin AndroidMoviePlayer
LogPluginManager: Mounting plugin AndroidPermission
LogPluginManager: Mounting plugin AppleImageUtils
LogPluginManager: Mounting plugin AppleMoviePlayer
LogPluginManager: Mounting plugin ArchVisCharacter
LogPluginManager: Mounting plugin AssetTags
LogPluginManager: Mounting plugin AudioCapture
LogPluginManager: Mounting plugin CableComponent
LogPluginManager: Mounting plugin CustomMeshComponent
LogPluginManager: Mounting plugin EditableMesh
LogPluginManager: Mounting plugin ExampleDeviceProfileSelector
LogPluginManager: Mounting plugin GoogleCloudMessaging
LogPluginManager: Mounting plugin IOSDeviceProfileSelector
LogPluginManager: Mounting plugin LinuxDeviceProfileSelector
LogPluginManager: Mounting plugin LocationServicesBPLibrary
LogPluginManager: Mounting plugin MobilePatchingUtils
LogPluginManager: Mounting plugin OculusVR
LogPluginManager: Mounting plugin PhysXVehicles
LogPluginManager: Mounting plugin PostSplashScreen
LogPluginManager: Mounting plugin ProceduralMeshComponent
LogPluginManager: Mounting plugin RuntimePhysXCooking
LogPluginManager: Mounting plugin SignificanceManager
LogPluginManager: Mounting plugin SteamVR
LogPluginManager: Mounting plugin WebMMoviePlayer
LogPluginManager: Mounting plugin WindowsMoviePlayer
LogPluginManager: Mounting plugin ScreenshotTools
LogInit: Using libcurl 7.55.1-DEV
LogInit:  - built for x86_64-pc-win32
LogInit:  - supports SSL with OpenSSL/1.1.1
LogInit:  - supports HTTP deflate (compression) using libz 1.2.8
LogInit:  - other features:
LogInit:      CURL_VERSION_SSL
LogInit:      CURL_VERSION_LIBZ
LogInit:      CURL_VERSION_IPV6
LogInit:      CURL_VERSION_ASYNCHDNS
LogInit:      CURL_VERSION_LARGEFILE
LogInit:      CURL_VERSION_IDN
LogInit:  CurlRequestOptions (configurable via config and command line):
LogInit:  - bVerifyPeer = true  - Libcurl will verify peer certificate
LogInit:  - bUseHttpProxy = false  - Libcurl will NOT use HTTP proxy
LogInit:  - bDontReuseConnections = false  - Libcurl will reuse connections
LogInit:  - MaxHostConnections = 16  - Libcurl will limit the number of connections to a host
LogInit:  - LocalHostAddr = Default
LogInit:  - BufferSize = 65536
LogOnline: OSS: Creating online subsystem instance for: NULL
LogInit: WinSock: version 1.1 (2.2), MaxSocks=32767, MaxUdp=65467
LogOnline: OSS: TryLoadSubsystemAndSetDefault: Loaded subsystem for module [NULL]
LogInit: Build: ++UE4+Release-4.24-CL-11590370
LogInit: Engine Version: 4.24.3-11590370+++UE4+Release-4.24
LogInit: Compatible Engine Version: 4.24.0-10570792+++UE4+Release-4.24
LogInit: Net CL: 10570792
LogInit: OS: Windows 10 (Release 2009) (), CPU: AMD Ryzen 5 3600 6-Core Processor              , GPU: NVIDIA GeForce GTX 1660 Ti
LogInit: Compiled (64-bit): Feb 24 2020 15:39:18
LogInit: Compiled with Visual C++: 19.16.27032.01
LogInit: Build Configuration: Development
LogInit: Branch Name: ++UE4+Release-4.24
LogInit: Command Line: 
LogInit: Base Directory: C:/Program Files/Epic Games/UE_4.24/Engine/Binaries/Win64/
LogInit: Installed Engine Build: 1
LogDevObjectVersion: Number of dev versions registered: 25
LogDevObjectVersion:   Dev-Blueprints (B0D832E4-1F89-4F0D-ACCF-7EB736FD4AA2): 10
LogDevObjectVersion:   Dev-Build (E1C64328-A22C-4D53-A36C-8E866417BD8C): 0
LogDevObjectVersion:   Dev-Core (375EC13C-06E4-48FB-B500-84F0262A717E): 3
LogDevObjectVersion:   Dev-Editor (E4B068ED-F494-42E9-A231-DA0B2E46BB41): 37
LogDevObjectVersion:   Dev-Framework (CFFC743F-43B0-4480-9391-14DF171D2073): 36
LogDevObjectVersion:   Dev-Mobile (B02B49B5-BB20-44E9-A304-32B752E40360): 2
LogDevObjectVersion:   Dev-Networking (A4E4105C-59A1-49B5-A7C5-40C4547EDFEE): 0
LogDevObjectVersion:   Dev-Online (39C831C9-5AE6-47DC-9A44-9C173E1C8E7C): 0
LogDevObjectVersion:   Dev-Physics (78F01B33-EBEA-4F98-B9B4-84EACCB95AA2): 2
LogDevObjectVersion:   Dev-Platform (6631380F-2D4D-43E0-8009-CF276956A95A): 0
LogDevObjectVersion:   Dev-Rendering (12F88B9F-8875-4AFC-A67C-D90C383ABD29): 36
LogDevObjectVersion:   Dev-Sequencer (7B5AE74C-D270-4C10-A958-57980B212A5A): 11
LogDevObjectVersion:   Dev-VR (D7296918-1DD6-4BDD-9DE2-64A83CC13884): 2
LogDevObjectVersion:   Dev-LoadTimes (C2A15278-BFE7-4AFE-6C17-90FF531DF755): 1
LogDevObjectVersion:   Private-Geometry (6EACA3D4-40EC-4CC1-B786-8BED09428FC5): 3
LogDevObjectVersion:   Dev-AnimPhys (29E575DD-E0A3-4627-9D10-D276232CDCEA): 17
LogDevObjectVersion:   Dev-Anim (AF43A65D-7FD3-4947-9873-3E8ED9C1BB05): 2
LogDevObjectVersion:   Dev-ReflectionCapture (6B266CEC-1EC7-4B8F-A30B-E4D90942FC07): 1
LogDevObjectVersion:   Dev-Automation (0DF73D61-A23F-47EA-B727-89E90C41499A): 1
LogDevObjectVersion:   FortniteMain (601D1886-AC64-4F84-AA16-D3DE0DEAC7D6): 31
LogDevObjectVersion:   Dev-Enterprise (9DFFBCD6-494F-0158-E221-12823C92A888): 8
LogDevObjectVersion:   Dev-Niagara (F2AED0AC-9AFE-416F-8664-AA7FFA26D6FC): 1
LogDevObjectVersion:   Dev-Destruction (174F1F0B-B4C6-45A5-B13F-2EE8D0FB917D): 9
LogDevObjectVersion:   Dev-Physics-Ext (35F94A83-E258-406C-A318-09F59610247C): 8
LogDevObjectVersion:   Dev-CineCamera (B2E18506-4273-CFC2-A54E-F4BB758BBA07): 1
LogInit: Presizing for max 25165824 objects, including 0 objects not considered by GC, pre-allocating 0 bytes for permanent pool.
LogInit: Object subsystem initialized
LogConfig: Setting CVar [[con.DebugEarlyDefault:1]]
LogConfig: Setting CVar [[r.setres:1280x720]]
[2021.12.06-07.06.46:014][  0]LogConfig: Setting CVar [[r.VSync:0]]
[2021.12.06-07.06.46:014][  0]LogConfig: Setting CVar [[r.RHICmdBypass:0]]
[2021.12.06-07.06.46:014][  0]LogConfig: Applying CVar settings from Section [/Script/Engine.RendererSettings] File [C:/Users/zi/Desktop/Racing_Car_Game - Training_Project/Saved/Config/Windows/Engine.ini]
[2021.12.06-07.06.46:014][  0]LogConfig: Setting CVar [[r.GPUCrashDebugging:0]]
[2021.12.06-07.06.46:014][  0]LogConfig: Applying CVar settings from Section [/Script/Engine.RendererOverrideSettings] File [C:/Users/zi/Desktop/Racing_Car_Game - Training_Project/Saved/Config/Windows/Engine.ini]
[2021.12.06-07.06.46:014][  0]LogConfig: Applying CVar settings from Section [/Script/Engine.StreamingSettings] File [C:/Users/zi/Desktop/Racing_Car_Game - Training_Project/Saved/Config/Windows/Engine.ini]
[2021.12.06-07.06.46:014][  0]LogConfig: Setting CVar [[s.MinBulkDataSizeForAsyncLoading:131072]]
[2021.12.06-07.06.46:014][  0]LogConfig: Setting CVar [[s.AsyncLoadingThreadEnabled:0]]
[2021.12.06-07.06.46:014][  0]LogConfig: Setting CVar [[s.EventDrivenLoaderEnabled:1]]
[2021.12.06-07.06.46:014][  0]LogConfig: Setting CVar [[s.WarnIfTimeLimitExceeded:0]]
[2021.12.06-07.06.46:014][  0]LogConfig: Setting CVar [[s.TimeLimitExceededMultiplier:1.5]]
[2021.12.06-07.06.46:014][  0]LogConfig: Setting CVar [[s.TimeLimitExceededMinTime:0.005]]
[2021.12.06-07.06.46:014][  0]LogConfig: Setting CVar [[s.UseBackgroundLevelStreaming:1]]
[2021.12.06-07.06.46:014][  0]LogConfig: Setting CVar [[s.PriorityAsyncLoadingExtraTime:15.0]]
[2021.12.06-07.06.46:014][  0]LogConfig: Setting CVar [[s.LevelStreamingActorsUpdateTimeLimit:5.0]]
[2021.12.06-07.06.46:014][  0]LogConfig: Setting CVar [[s.PriorityLevelStreamingActorsUpdateExtraTime:5.0]]
[2021.12.06-07.06.46:014][  0]LogConfig: Setting CVar [[s.LevelStreamingComponentsRegistrationGranularity:10]]
[2021.12.06-07.06.46:014][  0]LogConfig: Setting CVar [[s.UnregisterComponentsTimeLimit:1.0]]
[2021.12.06-07.06.46:014][  0]LogConfig: Setting CVar [[s.LevelStreamingComponentsUnregistrationGranularity:5]]
[2021.12.06-07.06.46:014][  0]LogConfig: Setting CVar [[s.FlushStreamingOnExit:1]]
[2021.12.06-07.06.46:014][  0]LogConfig: Applying CVar settings from Section [/Script/Engine.GarbageCollectionSettings] File [C:/Users/zi/Desktop/Racing_Car_Game - Training_Project/Saved/Config/Windows/Engine.ini]
[2021.12.06-07.06.46:014][  0]LogConfig: Setting CVar [[gc.MaxObjectsNotConsideredByGC:1]]
[2021.12.06-07.06.46:015][  0]LogConfig: Setting CVar [[gc.SizeOfPermanentObjectPool:0]]
[2021.12.06-07.06.46:015][  0]LogConfig: Setting CVar [[gc.FlushStreamingOnGC:0]]
[2021.12.06-07.06.46:015][  0]LogConfig: Setting CVar [[gc.NumRetriesBeforeForcingGC:10]]
[2021.12.06-07.06.46:015][  0]LogConfig: Setting CVar [[gc.AllowParallelGC:1]]
[2021.12.06-07.06.46:015][  0]LogConfig: Setting CVar [[gc.TimeBetweenPurgingPendingKillObjects:61.1]]
[2021.12.06-07.06.46:015][  0]LogConfig: Setting CVar [[gc.MaxObjectsInEditor:25165824]]
[2021.12.06-07.06.46:015][  0]LogConfig: Setting CVar [[gc.IncrementalBeginDestroyEnabled:1]]
[2021.12.06-07.06.46:015][  0]LogConfig: Setting CVar [[gc.CreateGCClusters:1]]
[2021.12.06-07.06.46:015][  0]LogConfig: Setting CVar [[gc.MinGCClusterSize:5]]
[2021.12.06-07.06.46:015][  0]LogConfig: Setting CVar [[gc.ActorClusteringEnabled:0]]
[2021.12.06-07.06.46:015][  0]LogConfig: Setting CVar [[gc.BlueprintClusteringEnabled:0]]
[2021.12.06-07.06.46:015][  0]LogConfig: Setting CVar [[gc.UseDisregardForGCOnDedicatedServers:0]]
[2021.12.06-07.06.46:015][  0]LogConfig: Applying CVar settings from Section [/Script/Engine.NetworkSettings] File [C:/Users/zi/Desktop/Racing_Car_Game - Training_Project/Saved/Config/Windows/Engine.ini]
[2021.12.06-07.06.46:015][  0]LogConfig: Applying CVar settings from Section [/Script/UnrealEd.CookerSettings] File [C:/Users/zi/Desktop/Racing_Car_Game - Training_Project/Saved/Config/Windows/Engine.ini]
[2021.12.06-07.06.46:016][  0]LogConfig: Applying CVar settings from Section [ViewDistanceQuality@3] File [C:/Users/zi/Desktop/Racing_Car_Game - Training_Project/Saved/Config/Windows/Scalability.ini]
[2021.12.06-07.06.46:016][  0]LogConfig: Setting CVar [[r.SkeletalMeshLODBias:0]]
[2021.12.06-07.06.46:016][  0]LogConfig: Setting CVar [[r.ViewDistanceScale:1.0]]
[2021.12.06-07.06.46:016][  0]LogConfig: Applying CVar settings from Section [AntiAliasingQuality@3] File [C:/Users/zi/Desktop/Racing_Car_Game - Training_Project/Saved/Config/Windows/Scalability.ini]
[2021.12.06-07.06.46:016][  0]LogConfig: Setting CVar [[r.PostProcessAAQuality:4]]
[2021.12.06-07.06.46:016][  0]LogConfig: Applying CVar settings from Section [ShadowQuality@3] File [C:/Users/zi/Desktop/Racing_Car_Game - Training_Project/Saved/Config/Windows/Scalability.ini]
[2021.12.06-07.06.46:016][  0]LogConfig: Setting CVar [[r.LightFunctionQuality:1]]
[2021.12.06-07.06.46:016][  0]LogConfig: Setting CVar [[r.ShadowQuality:5]]
[2021.12.06-07.06.46:016][  0]LogConfig: Setting CVar [[r.Shadow.CSM.MaxCascades:10]]
[2021.12.06-07.06.46:016][  0]LogConfig: Setting CVar [[r.Shadow.MaxResolution:2048]]
[2021.12.06-07.06.46:016][  0]LogConfig: Setting CVar [[r.Shadow.MaxCSMResolution:2048]]
[2021.12.06-07.06.46:016][  0]LogConfig: Setting CVar [[r.Shadow.RadiusThreshold:0.01]]
[2021.12.06-07.06.46:016][  0]LogConfig: Setting CVar [[r.Shadow.DistanceScale:1.0]]
[2021.12.06-07.06.46:016][  0]LogConfig: Setting CVar [[r.Shadow.CSM.TransitionScale:1.0]]
[2021.12.06-07.06.46:016][  0]LogConfig: Setting CVar [[r.Shadow.PreShadowResolutionFactor:1.0]]
[2021.12.06-07.06.46:016][  0]LogConfig: Setting CVar [[r.DistanceFieldShadowing:1]]
[2021.12.06-07.06.46:016][  0]LogConfig: Setting CVar [[r.DistanceFieldAO:1]]
[2021.12.06-07.06.46:016][  0]LogConfig: Setting CVar [[r.AOQuality:2]]
[2021.12.06-07.06.46:016][  0]LogConfig: Setting CVar [[r.VolumetricFog:1]]
[2021.12.06-07.06.46:016][  0]LogConfig: Setting CVar [[r.VolumetricFog.GridPixelSize:8]]
[2021.12.06-07.06.46:016][  0]LogConfig: Setting CVar [[r.VolumetricFog.GridSizeZ:128]]
[2021.12.06-07.06.46:016][  0]LogConfig: Setting CVar [[r.VolumetricFog.HistoryMissSupersampleCount:4]]
[2021.12.06-07.06.46:016][  0]LogConfig: Setting CVar [[r.LightMaxDrawDistanceScale:1]]
[2021.12.06-07.06.46:016][  0]LogConfig: Setting CVar [[r.CapsuleShadows:1]]
[2021.12.06-07.06.46:016][  0]LogConfig: Applying CVar settings from Section [PostProcessQuality@3] File [C:/Users/zi/Desktop/Racing_Car_Game - Training_Project/Saved/Config/Windows/Scalability.ini]
[2021.12.06-07.06.46:016][  0]LogConfig: Setting CVar [[r.MotionBlurQuality:4]]
[2021.12.06-07.06.46:016][  0]LogConfig: Setting CVar [[r.AmbientOcclusionMipLevelFactor:0.4]]
[2021.12.06-07.06.46:016][  0]LogConfig: Setting CVar [[r.AmbientOcclusionMaxQuality:100]]
[2021.12.06-07.06.46:016][  0]LogConfig: Setting CVar [[r.AmbientOcclusionLevels:-1]]
[2021.12.06-07.06.46:017][  0]LogConfig: Setting CVar [[r.AmbientOcclusionRadiusScale:1.0]]
[2021.12.06-07.06.46:017][  0]LogConfig: Setting CVar [[r.DepthOfFieldQuality:2]]
[2021.12.06-07.06.46:017][  0]LogConfig: Setting CVar [[r.RenderTargetPoolMin:400]]
[2021.12.06-07.06.46:017][  0]LogConfig: Setting CVar [[r.LensFlareQuality:2]]
[2021.12.06-07.06.46:017][  0]LogConfig: Setting CVar [[r.SceneColorFringeQuality:1]]
[2021.12.06-07.06.46:017][  0]LogConfig: Setting CVar [[r.EyeAdaptationQuality:2]]
[2021.12.06-07.06.46:017][  0]LogConfig: Setting CVar [[r.BloomQuality:5]]
[2021.12.06-07.06.46:017][  0]LogConfig: Setting CVar [[r.FastBlurThreshold:100]]
[2021.12.06-07.06.46:017][  0]LogConfig: Setting CVar [[r.Upscale.Quality:3]]
[2021.12.06-07.06.46:017][  0]LogConfig: Setting CVar [[r.Tonemapper.GrainQuantization:1]]
[2021.12.06-07.06.46:017][  0]LogConfig: Setting CVar [[r.LightShaftQuality:1]]
[2021.12.06-07.06.46:017][  0]LogConfig: Setting CVar [[r.Filter.SizeScale:1]]
[2021.12.06-07.06.46:017][  0]LogConfig: Setting CVar [[r.Tonemapper.Quality:5]]
[2021.12.06-07.06.46:017][  0]LogConfig: Setting CVar [[r.DOF.Gather.AccumulatorQuality:1        ; higher gathering accumulator quality]]
[2021.12.06-07.06.46:017][  0]LogConfig: Setting CVar [[r.DOF.Gather.PostfilterMethod:1          ; Median3x3 postfilering method]]
[2021.12.06-07.06.46:017][  0]LogConfig: Setting CVar [[r.DOF.Gather.EnableBokehSettings:0       ; no bokeh simulation when gathering]]
[2021.12.06-07.06.46:017][  0]LogConfig: Setting CVar [[r.DOF.Gather.RingCount:4                 ; medium number of samples when gathering]]
[2021.12.06-07.06.46:017][  0]LogConfig: Setting CVar [[r.DOF.Scatter.ForegroundCompositing:1    ; additive foreground scattering]]
[2021.12.06-07.06.46:017][  0]LogConfig: Setting CVar [[r.DOF.Scatter.BackgroundCompositing:2    ; additive background scattering]]
[2021.12.06-07.06.46:017][  0]LogConfig: Setting CVar [[r.DOF.Scatter.EnableBokehSettings:1      ; bokeh simulation when scattering]]
[2021.12.06-07.06.46:017][  0]LogConfig: Setting CVar [[r.DOF.Scatter.MaxSpriteRatio:0.1         ; only a maximum of 10% of scattered bokeh]]
[2021.12.06-07.06.46:017][  0]LogConfig: Setting CVar [[r.DOF.Recombine.Quality:1                ; cheap slight out of focus]]
[2021.12.06-07.06.46:017][  0]LogConfig: Setting CVar [[r.DOF.Recombine.EnableBokehSettings:0    ; no bokeh simulation on slight out of focus]]
[2021.12.06-07.06.46:017][  0]LogConfig: Setting CVar [[r.DOF.TemporalAAQuality:1                ; more stable temporal accumulation]]
[2021.12.06-07.06.46:017][  0]LogConfig: Setting CVar [[r.DOF.Kernel.MaxForegroundRadius:0.025]]
[2021.12.06-07.06.46:017][  0]LogConfig: Setting CVar [[r.DOF.Kernel.MaxBackgroundRadius:0.025]]
[2021.12.06-07.06.46:017][  0]LogConfig: Applying CVar settings from Section [TextureQuality@3] File [C:/Users/zi/Desktop/Racing_Car_Game - Training_Project/Saved/Config/Windows/Scalability.ini]
[2021.12.06-07.06.46:017][  0]LogConfig: Setting CVar [[r.Streaming.MipBias:0]]
[2021.12.06-07.06.46:017][  0]LogConfig: Setting CVar [[r.Streaming.AmortizeCPUToGPUCopy:0]]
[2021.12.06-07.06.46:017][  0]LogConfig: Setting CVar [[r.Streaming.MaxNumTexturesToStreamPerFrame:0]]
[2021.12.06-07.06.46:017][  0]LogConfig: Setting CVar [[r.Streaming.Boost:1]]
[2021.12.06-07.06.46:017][  0]LogConfig: Setting CVar [[r.MaxAnisotropy:8]]
[2021.12.06-07.06.46:017][  0]LogConfig: Setting CVar [[r.VT.MaxAnisotropy:8]]
[2021.12.06-07.06.46:017][  0]LogConfig: Setting CVar [[r.Streaming.LimitPoolSizeToVRAM:0]]
[2021.12.06-07.06.46:017][  0]LogConfig: Setting CVar [[r.Streaming.PoolSize:1000]]
[2021.12.06-07.06.46:017][  0]LogConfig: Setting CVar [[r.Streaming.MaxEffectiveScreenSize:0]]
[2021.12.06-07.06.46:017][  0]LogConfig: Applying CVar settings from Section [EffectsQuality@3] File [C:/Users/zi/Desktop/Racing_Car_Game - Training_Project/Saved/Config/Windows/Scalability.ini]
[2021.12.06-07.06.46:017][  0]LogConfig: Setting CVar [[r.TranslucencyLightingVolumeDim:64]]
[2021.12.06-07.06.46:017][  0]LogConfig: Setting CVar [[r.RefractionQuality:2]]
[2021.12.06-07.06.46:017][  0]LogConfig: Setting CVar [[r.SSR.Quality:3]]
[2021.12.06-07.06.46:017][  0]LogConfig: Setting CVar [[r.SSR.HalfResSceneColor:0]]
[2021.12.06-07.06.46:017][  0]LogConfig: Setting CVar [[r.SceneColorFormat:4]]
[2021.12.06-07.06.46:017][  0]LogConfig: Setting CVar [[r.DetailMode:2]]
[2021.12.06-07.06.46:017][  0]LogConfig: Setting CVar [[r.TranslucencyVolumeBlur:1]]
[2021.12.06-07.06.46:017][  0]LogConfig: Setting CVar [[r.MaterialQualityLevel:1 ; High quality]]
[2021.12.06-07.06.46:017][  0]LogConfig: Setting CVar [[r.SSS.Scale:1]]
[2021.12.06-07.06.46:017][  0]LogConfig: Setting CVar [[r.SSS.SampleSet:2]]
[2021.12.06-07.06.46:017][  0]LogConfig: Setting CVar [[r.SSS.Quality:1]]
[2021.12.06-07.06.46:017][  0]LogConfig: Setting CVar [[r.SSS.HalfRes:1]]
[2021.12.06-07.06.46:017][  0]LogConfig: Setting CVar [[r.SSGI.Quality:3]]
[2021.12.06-07.06.46:017][  0]LogConfig: Setting CVar [[r.EmitterSpawnRateScale:1.0]]
[2021.12.06-07.06.46:017][  0]LogConfig: Setting CVar [[r.ParticleLightQuality:2]]
[2021.12.06-07.06.46:017][  0]LogConfig: Setting CVar [[r.SkyAtmosphere.AerialPerspectiveLUT.FastApplyOnOpaque:1 ; Always have FastSkyLUT 1 in this case to avoid wrong sky]]
[2021.12.06-07.06.46:017][  0]LogConfig: Setting CVar [[r.SkyAtmosphere.AerialPerspectiveLUT.SampleCountPerSlice:1]]
[2021.12.06-07.06.46:017][  0]LogConfig: Setting CVar [[r.SkyAtmosphere.AerialPerspectiveLUT.DepthResolution:16.0]]
[2021.12.06-07.06.46:017][  0]LogConfig: Setting CVar [[r.SkyAtmosphere.FastSkyLUT:1]]
[2021.12.06-07.06.46:017][  0]LogConfig: Setting CVar [[r.SkyAtmosphere.FastSkyLUT.SampleCountMin:4.0]]
[2021.12.06-07.06.46:017][  0]LogConfig: Setting CVar [[r.SkyAtmosphere.FastSkyLUT.SampleCountMax:32.0]]
[2021.12.06-07.06.46:017][  0]LogConfig: Setting CVar [[r.SkyAtmosphere.SampleCountMin:4.0]]
[2021.12.06-07.06.46:017][  0]LogConfig: Setting CVar [[r.SkyAtmosphere.SampleCountMax:32.0]]
[2021.12.06-07.06.46:017][  0]LogConfig: Setting CVar [[r.SkyAtmosphere.TransmittanceLUT.UseSmallFormat:0]]
[2021.12.06-07.06.46:017][  0]LogConfig: Setting CVar [[r.SkyAtmosphere.TransmittanceLUT.SampleCount:10.0]]
[2021.12.06-07.06.46:017][  0]LogConfig: Setting CVar [[r.SkyAtmosphere.MultiScatteringLUT.SampleCount:15.0]]
[2021.12.06-07.06.46:017][  0]LogConfig: Applying CVar settings from Section [FoliageQuality@3] File [C:/Users/zi/Desktop/Racing_Car_Game - Training_Project/Saved/Config/Windows/Scalability.ini]
[2021.12.06-07.06.46:017][  0]LogConfig: Setting CVar [[foliage.DensityScale:1.0]]
[2021.12.06-07.06.46:017][  0]LogConfig: Setting CVar [[grass.DensityScale:1.0]]
[2021.12.06-07.06.46:017][  0]LogConfig: Applying CVar settings from Section [ShadingQuality@3] File [C:/Users/zi/Desktop/Racing_Car_Game - Training_Project/Saved/Config/Windows/Scalability.ini]
[2021.12.06-07.06.46:017][  0]LogConfig: Setting CVar [[r.HairStrands.SkyLighting.SampleCount:16]]
[2021.12.06-07.06.46:017][  0]LogConfig: Setting CVar [[r.HairStrands.SkyLighting.JitterIntegration:0]]
[2021.12.06-07.06.46:017][  0]LogConfig: Setting CVar [[r.HairStrands.SkyAO.SampleCount:16]]
[2021.12.06-07.06.46:017][  0]LogInit: Selected Device Profile: [Windows]
[2021.12.06-07.06.46:017][  0]LogInit: Applying CVar settings loaded from the selected device profile: [Windows]
[2021.12.06-07.06.46:020][  0]LogHAL: Display: Platform has ~ 32 GB [34299834368 / 34359738368 / 32], which maps to Largest [LargestMinGB=32, LargerMinGB=12, DefaultMinGB=8, SmallerMinGB=6, SmallestMinGB=0)
[2021.12.06-07.06.46:020][  0]LogInit: Going up to parent DeviceProfile []
[2021.12.06-07.06.46:020][  0]LogConfig: Applying CVar settings from Section [ViewDistanceQuality@3] File [C:/Users/zi/Desktop/Racing_Car_Game - Training_Project/Saved/Config/Windows/Scalability.ini]
[2021.12.06-07.06.46:020][  0]LogConfig: Setting CVar [[r.SkeletalMeshLODBias:0]]
[2021.12.06-07.06.46:020][  0]LogConfig: Setting CVar [[r.ViewDistanceScale:1.0]]
[2021.12.06-07.06.46:020][  0]LogConfig: Applying CVar settings from Section [AntiAliasingQuality@3] File [C:/Users/zi/Desktop/Racing_Car_Game - Training_Project/Saved/Config/Windows/Scalability.ini]
[2021.12.06-07.06.46:020][  0]LogConfig: Setting CVar [[r.PostProcessAAQuality:4]]
[2021.12.06-07.06.46:020][  0]LogConfig: Applying CVar settings from Section [ShadowQuality@3] File [C:/Users/zi/Desktop/Racing_Car_Game - Training_Project/Saved/Config/Windows/Scalability.ini]
[2021.12.06-07.06.46:020][  0]LogConfig: Setting CVar [[r.LightFunctionQuality:1]]
[2021.12.06-07.06.46:020][  0]LogConfig: Setting CVar [[r.ShadowQuality:5]]
[2021.12.06-07.06.46:020][  0]LogConfig: Setting CVar [[r.Shadow.CSM.MaxCascades:10]]
[2021.12.06-07.06.46:020][  0]LogConfig: Setting CVar [[r.Shadow.MaxResolution:2048]]
[2021.12.06-07.06.46:020][  0]LogConfig: Setting CVar [[r.Shadow.MaxCSMResolution:2048]]
[2021.12.06-07.06.46:020][  0]LogConfig: Setting CVar [[r.Shadow.RadiusThreshold:0.01]]
[2021.12.06-07.06.46:020][  0]LogConfig: Setting CVar [[r.Shadow.DistanceScale:1.0]]
[2021.12.06-07.06.46:020][  0]LogConfig: Setting CVar [[r.Shadow.CSM.TransitionScale:1.0]]
[2021.12.06-07.06.46:020][  0]LogConfig: Setting CVar [[r.Shadow.PreShadowResolutionFactor:1.0]]
[2021.12.06-07.06.46:020][  0]LogConfig: Setting CVar [[r.DistanceFieldShadowing:1]]
[2021.12.06-07.06.46:020][  0]LogConfig: Setting CVar [[r.DistanceFieldAO:1]]
[2021.12.06-07.06.46:020][  0]LogConfig: Setting CVar [[r.AOQuality:2]]
[2021.12.06-07.06.46:020][  0]LogConfig: Setting CVar [[r.VolumetricFog:1]]
[2021.12.06-07.06.46:020][  0]LogConfig: Setting CVar [[r.VolumetricFog.GridPixelSize:8]]
[2021.12.06-07.06.46:020][  0]LogConfig: Setting CVar [[r.VolumetricFog.GridSizeZ:128]]
[2021.12.06-07.06.46:020][  0]LogConfig: Setting CVar [[r.VolumetricFog.HistoryMissSupersampleCount:4]]
[2021.12.06-07.06.46:020][  0]LogConfig: Setting CVar [[r.LightMaxDrawDistanceScale:1]]
[2021.12.06-07.06.46:020][  0]LogConfig: Setting CVar [[r.CapsuleShadows:1]]
[2021.12.06-07.06.46:020][  0]LogConfig: Applying CVar settings from Section [PostProcessQuality@3] File [C:/Users/zi/Desktop/Racing_Car_Game - Training_Project/Saved/Config/Windows/Scalability.ini]
[2021.12.06-07.06.46:020][  0]LogConfig: Setting CVar [[r.MotionBlurQuality:4]]
[2021.12.06-07.06.46:020][  0]LogConfig: Setting CVar [[r.AmbientOcclusionMipLevelFactor:0.4]]
[2021.12.06-07.06.46:020][  0]LogConfig: Setting CVar [[r.AmbientOcclusionMaxQuality:100]]
[2021.12.06-07.06.46:020][  0]LogConfig: Setting CVar [[r.AmbientOcclusionLevels:-1]]
[2021.12.06-07.06.46:020][  0]LogConfig: Setting CVar [[r.AmbientOcclusionRadiusScale:1.0]]
[2021.12.06-07.06.46:020][  0]LogConfig: Setting CVar [[r.DepthOfFieldQuality:2]]
[2021.12.06-07.06.46:020][  0]LogConfig: Setting CVar [[r.RenderTargetPoolMin:400]]
[2021.12.06-07.06.46:020][  0]LogConfig: Setting CVar [[r.LensFlareQuality:2]]
[2021.12.06-07.06.46:020][  0]LogConfig: Setting CVar [[r.SceneColorFringeQuality:1]]
[2021.12.06-07.06.46:020][  0]LogConfig: Setting CVar [[r.EyeAdaptationQuality:2]]
[2021.12.06-07.06.46:020][  0]LogConfig: Setting CVar [[r.BloomQuality:5]]
[2021.12.06-07.06.46:020][  0]LogConfig: Setting CVar [[r.FastBlurThreshold:100]]
[2021.12.06-07.06.46:020][  0]LogConfig: Setting CVar [[r.Upscale.Quality:3]]
[2021.12.06-07.06.46:021][  0]LogConfig: Setting CVar [[r.Tonemapper.GrainQuantization:1]]
[2021.12.06-07.06.46:021][  0]LogConfig: Setting CVar [[r.LightShaftQuality:1]]
[2021.12.06-07.06.46:021][  0]LogConfig: Setting CVar [[r.Filter.SizeScale:1]]
[2021.12.06-07.06.46:021][  0]LogConfig: Setting CVar [[r.Tonemapper.Quality:5]]
[2021.12.06-07.06.46:021][  0]LogConfig: Setting CVar [[r.DOF.Gather.AccumulatorQuality:1        ; higher gathering accumulator quality]]
[2021.12.06-07.06.46:021][  0]LogConfig: Setting CVar [[r.DOF.Gather.PostfilterMethod:1          ; Median3x3 postfilering method]]
[2021.12.06-07.06.46:021][  0]LogConfig: Setting CVar [[r.DOF.Gather.EnableBokehSettings:0       ; no bokeh simulation when gathering]]
[2021.12.06-07.06.46:021][  0]LogConfig: Setting CVar [[r.DOF.Gather.RingCount:4                 ; medium number of samples when gathering]]
[2021.12.06-07.06.46:021][  0]LogConfig: Setting CVar [[r.DOF.Scatter.ForegroundCompositing:1    ; additive foreground scattering]]
[2021.12.06-07.06.46:021][  0]LogConfig: Setting CVar [[r.DOF.Scatter.BackgroundCompositing:2    ; additive background scattering]]
[2021.12.06-07.06.46:021][  0]LogConfig: Setting CVar [[r.DOF.Scatter.EnableBokehSettings:1      ; bokeh simulation when scattering]]
[2021.12.06-07.06.46:021][  0]LogConfig: Setting CVar [[r.DOF.Scatter.MaxSpriteRatio:0.1         ; only a maximum of 10% of scattered bokeh]]
[2021.12.06-07.06.46:021][  0]LogConfig: Setting CVar [[r.DOF.Recombine.Quality:1                ; cheap slight out of focus]]
[2021.12.06-07.06.46:021][  0]LogConfig: Setting CVar [[r.DOF.Recombine.EnableBokehSettings:0    ; no bokeh simulation on slight out of focus]]
[2021.12.06-07.06.46:021][  0]LogConfig: Setting CVar [[r.DOF.TemporalAAQuality:1                ; more stable temporal accumulation]]
[2021.12.06-07.06.46:021][  0]LogConfig: Setting CVar [[r.DOF.Kernel.MaxForegroundRadius:0.025]]
[2021.12.06-07.06.46:021][  0]LogConfig: Setting CVar [[r.DOF.Kernel.MaxBackgroundRadius:0.025]]
[2021.12.06-07.06.46:021][  0]LogConfig: Applying CVar settings from Section [TextureQuality@3] File [C:/Users/zi/Desktop/Racing_Car_Game - Training_Project/Saved/Config/Windows/Scalability.ini]
[2021.12.06-07.06.46:021][  0]LogConfig: Setting CVar [[r.Streaming.MipBias:0]]
[2021.12.06-07.06.46:021][  0]LogConfig: Setting CVar [[r.Streaming.AmortizeCPUToGPUCopy:0]]
[2021.12.06-07.06.46:021][  0]LogConfig: Setting CVar [[r.Streaming.MaxNumTexturesToStreamPerFrame:0]]
[2021.12.06-07.06.46:021][  0]LogConfig: Setting CVar [[r.Streaming.Boost:1]]
[2021.12.06-07.06.46:021][  0]LogConfig: Setting CVar [[r.MaxAnisotropy:8]]
[2021.12.06-07.06.46:021][  0]LogConfig: Setting CVar [[r.VT.MaxAnisotropy:8]]
[2021.12.06-07.06.46:021][  0]LogConfig: Setting CVar [[r.Streaming.LimitPoolSizeToVRAM:0]]
[2021.12.06-07.06.46:021][  0]LogConfig: Setting CVar [[r.Streaming.PoolSize:1000]]
[2021.12.06-07.06.46:021][  0]LogConfig: Setting CVar [[r.Streaming.MaxEffectiveScreenSize:0]]
[2021.12.06-07.06.46:021][  0]LogConfig: Applying CVar settings from Section [EffectsQuality@3] File [C:/Users/zi/Desktop/Racing_Car_Game - Training_Project/Saved/Config/Windows/Scalability.ini]
[2021.12.06-07.06.46:021][  0]LogConfig: Setting CVar [[r.TranslucencyLightingVolumeDim:64]]
[2021.12.06-07.06.46:021][  0]LogConfig: Setting CVar [[r.RefractionQuality:2]]
[2021.12.06-07.06.46:021][  0]LogConfig: Setting CVar [[r.SSR.Quality:3]]
[2021.12.06-07.06.46:021][  0]LogConfig: Setting CVar [[r.SSR.HalfResSceneColor:0]]
[2021.12.06-07.06.46:021][  0]LogConfig: Setting CVar [[r.SceneColorFormat:4]]
[2021.12.06-07.06.46:021][  0]LogConfig: Setting CVar [[r.DetailMode:2]]
[2021.12.06-07.06.46:021][  0]LogConfig: Setting CVar [[r.TranslucencyVolumeBlur:1]]
[2021.12.06-07.06.46:021][  0]LogConfig: Setting CVar [[r.MaterialQualityLevel:1 ; High quality]]
[2021.12.06-07.06.46:021][  0]LogConfig: Setting CVar [[r.SSS.Scale:1]]
[2021.12.06-07.06.46:021][  0]LogConfig: Setting CVar [[r.SSS.SampleSet:2]]
[2021.12.06-07.06.46:021][  0]LogConfig: Setting CVar [[r.SSS.Quality:1]]
[2021.12.06-07.06.46:021][  0]LogConfig: Setting CVar [[r.SSS.HalfRes:1]]
[2021.12.06-07.06.46:021][  0]LogConfig: Setting CVar [[r.SSGI.Quality:3]]
[2021.12.06-07.06.46:021][  0]LogConfig: Setting CVar [[r.EmitterSpawnRateScale:1.0]]
[2021.12.06-07.06.46:021][  0]LogConfig: Setting CVar [[r.ParticleLightQuality:2]]
[2021.12.06-07.06.46:021][  0]LogConfig: Setting CVar [[r.SkyAtmosphere.AerialPerspectiveLUT.FastApplyOnOpaque:1 ; Always have FastSkyLUT 1 in this case to avoid wrong sky]]
[2021.12.06-07.06.46:021][  0]LogConfig: Setting CVar [[r.SkyAtmosphere.AerialPerspectiveLUT.SampleCountPerSlice:1]]
[2021.12.06-07.06.46:021][  0]LogConfig: Setting CVar [[r.SkyAtmosphere.AerialPerspectiveLUT.DepthResolution:16.0]]
[2021.12.06-07.06.46:021][  0]LogConfig: Setting CVar [[r.SkyAtmosphere.FastSkyLUT:1]]
[2021.12.06-07.06.46:021][  0]LogConfig: Setting CVar [[r.SkyAtmosphere.FastSkyLUT.SampleCountMin:4.0]]
[2021.12.06-07.06.46:021][  0]LogConfig: Setting CVar [[r.SkyAtmosphere.FastSkyLUT.SampleCountMax:32.0]]
[2021.12.06-07.06.46:021][  0]LogConfig: Setting CVar [[r.SkyAtmosphere.SampleCountMin:4.0]]
[2021.12.06-07.06.46:021][  0]LogConfig: Setting CVar [[r.SkyAtmosphere.SampleCountMax:32.0]]
[2021.12.06-07.06.46:021][  0]LogConfig: Setting CVar [[r.SkyAtmosphere.TransmittanceLUT.UseSmallFormat:0]]
[2021.12.06-07.06.46:021][  0]LogConfig: Setting CVar [[r.SkyAtmosphere.TransmittanceLUT.SampleCount:10.0]]
[2021.12.06-07.06.46:021][  0]LogConfig: Setting CVar [[r.SkyAtmosphere.MultiScatteringLUT.SampleCount:15.0]]
[2021.12.06-07.06.46:021][  0]LogConfig: Applying CVar settings from Section [FoliageQuality@3] File [C:/Users/zi/Desktop/Racing_Car_Game - Training_Project/Saved/Config/Windows/Scalability.ini]
[2021.12.06-07.06.46:021][  0]LogConfig: Setting CVar [[foliage.DensityScale:1.0]]
[2021.12.06-07.06.46:021][  0]LogConfig: Setting CVar [[grass.DensityScale:1.0]]
[2021.12.06-07.06.46:021][  0]LogConfig: Applying CVar settings from Section [ShadingQuality@3] File [C:/Users/zi/Desktop/Racing_Car_Game - Training_Project/Saved/Config/Windows/Scalability.ini]
[2021.12.06-07.06.46:021][  0]LogConfig: Setting CVar [[r.HairStrands.SkyLighting.SampleCount:16]]
[2021.12.06-07.06.46:021][  0]LogConfig: Setting CVar [[r.HairStrands.SkyLighting.JitterIntegration:0]]
[2021.12.06-07.06.46:021][  0]LogConfig: Setting CVar [[r.HairStrands.SkyAO.SampleCount:16]]
[2021.12.06-07.06.46:021][  0]LogConfig: Applying CVar settings from Section [Startup] File [../../../Engine/Config/ConsoleVariables.ini]
[2021.12.06-07.06.46:022][  0]LogConfig: Setting CVar [[net.UseAdaptiveNetUpdateFrequency:0]]
[2021.12.06-07.06.46:022][  0]LogConfig: Setting CVar [[p.chaos.AllowCreatePhysxBodies:1]]
[2021.12.06-07.06.46:022][  0]LogConfig: Applying CVar settings from Section [ConsoleVariables] File [C:/Users/zi/Desktop/Racing_Car_Game - Training_Project/Saved/Config/Windows/Engine.ini]
[2021.12.06-07.06.46:022][  0]LogInit: Computer: DESKTOP2
[2021.12.06-07.06.46:022][  0]LogInit: User: zi
[2021.12.06-07.06.46:022][  0]LogInit: CPU Page size=4096, Cores=6
[2021.12.06-07.06.46:022][  0]LogInit: High frequency timer resolution =10.000000 MHz
[2021.12.06-07.06.46:022][  0]LogMemory: Memory total: Physical=31.9GB (32GB approx)
[2021.12.06-07.06.46:022][  0]LogMemory: Platform Memory Stats for Windows
[2021.12.06-07.06.46:022][  0]LogMemory: Process Physical Memory: 106.68 MB used, 106.69 MB peak
[2021.12.06-07.06.46:022][  0]LogMemory: Process Virtual Memory: 101.44 MB used, 101.44 MB peak
[2021.12.06-07.06.46:022][  0]LogMemory: Physical Memory: 3783.22 MB used,  28927.65 MB free, 32710.87 MB total
[2021.12.06-07.06.46:022][  0]LogMemory: Virtual Memory: 5161.14 MB used,  134212568.00 MB free, 134217728.00 MB total
[2021.12.06-07.06.46:023][  0]LogWindows: WindowsPlatformFeatures enabled
[2021.12.06-07.06.46:051][  0]LogInit: Using OS detected language (en-US).
[2021.12.06-07.06.46:051][  0]LogInit: Using OS detected locale (en-US).
[2021.12.06-07.06.46:051][  0]LogTextLocalizationManager: No specific localization for 'en-US' exists, so the 'en' localization will be used.
[2021.12.06-07.06.46:169][  0]LogInit: Setting process to per monitor DPI aware
[2021.12.06-07.06.46:190][  0]LogSlate: New Slate User Created.  User Index 0, Is Virtual User: 0
[2021.12.06-07.06.46:190][  0]LogSlate: Slate User Registered.  User Index 0, Is Virtual User: 0
[2021.12.06-07.06.46:291][  0]LogHMD: Failed to initialize OpenVR with code 110
[2021.12.06-07.06.46:291][  0]LogD3D11RHI: D3D11 min allowed feature level: 11_0
[2021.12.06-07.06.46:291][  0]LogD3D11RHI: D3D11 max allowed feature level: 11_0
[2021.12.06-07.06.46:291][  0]LogD3D11RHI: D3D11 adapters:
[2021.12.06-07.06.46:384][  0]LogD3D11RHI:    0. 'NVIDIA GeForce GTX 1660 Ti' (Feature Level 11_0)
[2021.12.06-07.06.46:384][  0]LogD3D11RHI:       5991/0/16355 MB DedicatedVideo/DedicatedSystem/SharedSystem, Outputs:1, VendorId:0x10de
[2021.12.06-07.06.46:385][  0]LogD3D11RHI:    1. 'Microsoft Basic Render Driver' (Feature Level 11_0)
[2021.12.06-07.06.46:385][  0]LogD3D11RHI:       0/0/16355 MB DedicatedVideo/DedicatedSystem/SharedSystem, Outputs:0, VendorId:0x1414
[2021.12.06-07.06.46:385][  0]LogD3D11RHI: Chosen D3D11 Adapter: 0
[2021.12.06-07.06.46:389][  0]LogD3D11RHI: Creating new Direct3DDevice
[2021.12.06-07.06.46:389][  0]LogD3D11RHI:     GPU DeviceId: 0x2182 (for the marketing name, search the web for "GPU Device Id")
[2021.12.06-07.06.46:389][  0]LogWindows: EnumDisplayDevices:
[2021.12.06-07.06.46:389][  0]LogWindows:    0. 'NVIDIA GeForce GTX 1660 Ti' (P:1 D:1)
[2021.12.06-07.06.46:390][  0]LogWindows:    1. 'NVIDIA GeForce GTX 1660 Ti' (P:0 D:0)
[2021.12.06-07.06.46:390][  0]LogWindows:    2. 'NVIDIA GeForce GTX 1660 Ti' (P:0 D:0)
[2021.12.06-07.06.46:390][  0]LogWindows:    3. 'NVIDIA GeForce GTX 1660 Ti' (P:0 D:0)
[2021.12.06-07.06.46:390][  0]LogWindows: DebugString: FoundDriverCount:4 
[2021.12.06-07.06.46:390][  0]LogD3D11RHI:     Adapter Name: NVIDIA GeForce GTX 1660 Ti
[2021.12.06-07.06.46:390][  0]LogD3D11RHI:   Driver Version: 496.76 (internal:30.0.14.9676, unified:496.76)
[2021.12.06-07.06.46:390][  0]LogD3D11RHI:      Driver Date: 11-9-2021
[2021.12.06-07.06.46:390][  0]LogRHI: Texture pool is 4193 MB (70% of 5991 MB)
[2021.12.06-07.06.46:440][  0]LogD3D11RHI: RHI has support for 64 bit atomics
[2021.12.06-07.06.46:440][  0]LogD3D11RHI: Async texture creation enabled
[2021.12.06-07.06.46:454][  0]LogD3D11RHI: GPU Timing Frequency: 1000.000000 (Debug: 2 1)
[2021.12.06-07.06.46:660][  0]LogTargetPlatformManager: Display: Loaded TargetPlatform 'AllDesktop'
[2021.12.06-07.06.46:687][  0]LogTargetPlatformManager: Display: Loaded TargetPlatform 'Android'
[2021.12.06-07.06.46:687][  0]LogTargetPlatformManager: Display: Loaded TargetPlatform 'Android_ASTC'
[2021.12.06-07.06.46:687][  0]LogTargetPlatformManager: Display: Loaded TargetPlatform 'Android_ATC'
[2021.12.06-07.06.46:687][  0]LogTargetPlatformManager: Display: Loaded TargetPlatform 'Android_DXT'
[2021.12.06-07.06.46:687][  0]LogTargetPlatformManager: Display: Loaded TargetPlatform 'Android_ETC1'
[2021.12.06-07.06.46:687][  0]LogTargetPlatformManager: Display: Loaded TargetPlatform 'Android_ETC1a'
[2021.12.06-07.06.46:687][  0]LogTargetPlatformManager: Display: Loaded TargetPlatform 'Android_ETC2'
[2021.12.06-07.06.46:687][  0]LogTargetPlatformManager: Display: Loaded TargetPlatform 'Android_PVRTC'
[2021.12.06-07.06.46:687][  0]LogTargetPlatformManager: Display: Loaded TargetPlatform 'AndroidClient'
[2021.12.06-07.06.46:687][  0]LogTargetPlatformManager: Display: Loaded TargetPlatform 'Android_ASTCClient'
[2021.12.06-07.06.46:687][  0]LogTargetPlatformManager: Display: Loaded TargetPlatform 'Android_ATCClient'
[2021.12.06-07.06.46:687][  0]LogTargetPlatformManager: Display: Loaded TargetPlatform 'Android_DXTClient'
[2021.12.06-07.06.46:687][  0]LogTargetPlatformManager: Display: Loaded TargetPlatform 'Android_ETC1Client'
[2021.12.06-07.06.46:687][  0]LogTargetPlatformManager: Display: Loaded TargetPlatform 'Android_ETC1aClient'
[2021.12.06-07.06.46:687][  0]LogTargetPlatformManager: Display: Loaded TargetPlatform 'Android_ETC2Client'
[2021.12.06-07.06.46:687][  0]LogTargetPlatformManager: Display: Loaded TargetPlatform 'Android_PVRTCClient'
[2021.12.06-07.06.46:687][  0]LogTargetPlatformManager: Display: Loaded TargetPlatform 'Android_Multi'
[2021.12.06-07.06.46:688][  0]LogTargetPlatformManager: Display: Loaded TargetPlatform 'Android_MultiClient'
[2021.12.06-07.06.46:705][  0]LogTargetPlatformManager: Display: Loaded TargetPlatform 'IOSClient'
[2021.12.06-07.06.46:705][  0]LogTargetPlatformManager: Display: Loaded TargetPlatform 'IOS'
[2021.12.06-07.06.46:712][  0]LogTargetPlatformManager: Display: Loaded TargetPlatform 'LinuxNoEditor'
[2021.12.06-07.06.46:718][  0]LogTargetPlatformManager: Display: Loaded TargetPlatform 'LinuxClient'
[2021.12.06-07.06.46:724][  0]LogTargetPlatformManager: Display: Loaded TargetPlatform 'LinuxServer'
[2021.12.06-07.06.46:731][  0]LogTargetPlatformManager: Display: Loaded TargetPlatform 'LinuxAArch64NoEditor'
[2021.12.06-07.06.46:737][  0]LogTargetPlatformManager: Display: Loaded TargetPlatform 'LinuxAArch64Client'
[2021.12.06-07.06.46:743][  0]LogTargetPlatformManager: Display: Loaded TargetPlatform 'LinuxAArch64Server'
[2021.12.06-07.06.46:768][  0]LogTargetPlatformManager: Display: Loaded TargetPlatform 'Lumin'
[2021.12.06-07.06.46:768][  0]LogTargetPlatformManager: Display: Loaded TargetPlatform 'LuminClient'
[2021.12.06-07.06.46:781][  0]LogTargetPlatformManager: Display: Loaded TargetPlatform 'TVOSClient'
[2021.12.06-07.06.46:781][  0]LogTargetPlatformManager: Display: Loaded TargetPlatform 'TVOS'
[2021.12.06-07.06.46:787][  0]LogTargetPlatformManager: Display: Loaded TargetPlatform 'WindowsNoEditor'
[2021.12.06-07.06.46:795][  0]LogTargetPlatformManager: Display: Loaded TargetPlatform 'Windows'
[2021.12.06-07.06.46:801][  0]LogTargetPlatformManager: Display: Loaded TargetPlatform 'WindowsClient'
[2021.12.06-07.06.46:807][  0]LogTargetPlatformManager: Display: Loaded TargetPlatform 'WindowsServer'
[2021.12.06-07.06.46:807][  0]LogTargetPlatformManager: Display: Building Assets For Windows
[2021.12.06-07.06.46:809][  0]LogAudioDebug: Display: Lib vorbis DLL was dynamically loaded.
[2021.12.06-07.06.46:827][  0]LogShaderCompilers: Guid format shader working directory is -26 characters bigger than the processId version (../../../../../../Users/zi/Desktop/Racing_Car_Game - Training_Project/Intermediate/Shaders/WorkingDirectory/4340/).
[2021.12.06-07.06.46:827][  0]LogShaderCompilers: Cleaned the shader compiler working directory 'C:/Users/zi/AppData/Local/Temp/UnrealShaderWorkingDir/25A47DE741A7F9386EADC79318313F2F/'.
[2021.12.06-07.06.46:827][  0]LogXGEController: Cleaning working directory: C:/Users/zi/AppData/Local/Temp/UnrealXGEWorkingDir/
[2021.12.06-07.06.46:827][  0]LogXGEController: Cannot use XGE Controller as Incredibuild is not installed on this machine.
[2021.12.06-07.06.46:827][  0]LogShaderCompilers: Cannot use XGE Shader Compiler as Incredibuild is not installed on this machine.
[2021.12.06-07.06.46:827][  0]LogShaderCompilers: Display: Using Local Shader Compiler.
[2021.12.06-07.06.47:433][  0]LogDerivedDataCache: Display: Max Cache Size: 512 MB
[2021.12.06-07.06.47:481][  0]LogDerivedDataCache: Loaded boot cache 0.05s 78MB C:/Users/zi/AppData/Local/UnrealEngine/4.24/DerivedDataCache/Boot.ddc.
[2021.12.06-07.06.47:481][  0]LogDerivedDataCache: Display: Loaded Boot cache: C:/Users/zi/AppData/Local/UnrealEngine/4.24/DerivedDataCache/Boot.ddc
[2021.12.06-07.06.47:481][  0]LogDerivedDataCache: FDerivedDataBackendGraph:  Pak pak cache file ../../../../../../Users/zi/Desktop/Racing_Car_Game - Training_Project/DerivedDataCache/DDC.ddp not found, will not use a pak cache.
[2021.12.06-07.06.47:481][  0]LogDerivedDataCache: Unable to find inner node Pak for hierarchical cache Hierarchy.
[2021.12.06-07.06.47:481][  0]LogDerivedDataCache: FDerivedDataBackendGraph:  CompressedPak pak cache file ../../../../../../Users/zi/Desktop/Racing_Car_Game - Training_Project/DerivedDataCache/Compressed.ddp not found, will not use a pak cache.
[2021.12.06-07.06.47:481][  0]LogDerivedDataCache: Unable to find inner node CompressedPak for hierarchical cache Hierarchy.
[2021.12.06-07.06.47:490][  0]LogDerivedDataCache: Display: Pak cache opened for reading ../../../Engine/DerivedDataCache/Compressed.ddp.
[2021.12.06-07.06.47:491][  0]LogDerivedDataCache: FDerivedDataBackendGraph:  EnterprisePak pak cache file ../../../Enterprise/DerivedDataCache/Compressed.ddp not found, will not use a pak cache.
[2021.12.06-07.06.47:491][  0]LogDerivedDataCache: Unable to find inner node EnterprisePak for hierarchical cache Hierarchy.
[2021.12.06-07.06.47:492][  0]LogDerivedDataCache: Using Local data cache path C:/Users/zi/AppData/Local/UnrealEngine/Common/DerivedDataCache: Writable
[2021.12.06-07.06.47:492][  0]LogDerivedDataCache: Shared data cache path not found in *engine.ini, will not use an Shared cache.
[2021.12.06-07.06.47:492][  0]LogDerivedDataCache: Unable to find inner node Shared for hierarchical cache Hierarchy.
[2021.12.06-07.06.47:513][  0]LogMaterial: Verifying Global Shaders for PCD3D_SM5
[2021.12.06-07.06.47:515][  0]LogSlate: Using FreeType 2.10.0
[2021.12.06-07.06.47:515][  0]LogSlate: SlateFontServices - WITH_FREETYPE: 1, WITH_HARFBUZZ: 1
[2021.12.06-07.06.47:554][  0]LogAssetRegistry: FAssetRegistry took 0.0024 seconds to start up
[2021.12.06-07.06.47:792][  0]LogInit: Selected Device Profile: [Windows]
[2021.12.06-07.06.47:915][  0]LogMeshReduction: Using QuadricMeshReduction for automatic static mesh reduction
[2021.12.06-07.06.47:915][  0]LogMeshReduction: Using SimplygonMeshReduction for automatic skeletal mesh reduction
[2021.12.06-07.06.47:915][  0]LogMeshReduction: Using ProxyLODMeshReduction for automatic mesh merging
[2021.12.06-07.06.47:915][  0]LogMeshReduction: No distributed automatic mesh merging module available
[2021.12.06-07.06.47:915][  0]LogMeshMerging: No distributed automatic mesh merging module available
[2021.12.06-07.06.47:923][  0]LogNetVersion: RacingCarGameTrainingProject 1.0.0, NetCL: 10570792, EngineNetVer: 13, GameNetVer: 0 (Checksum: 1355022800)
[2021.12.06-07.06.48:689][  0]LogPackageLocalizationCache: Processed 10 localized package path(s) for 1 prioritized culture(s) in 0.025578 seconds
[2021.12.06-07.06.48:695][  0]LogUObjectArray: 46750 objects as part of root set at end of initial load.
[2021.12.06-07.06.48:695][  0]LogUObjectAllocator: 8137160 out of 0 bytes used by permanent object pool.
[2021.12.06-07.06.48:695][  0]LogUObjectArray: CloseDisregardForGC: 0/0 objects in disregard for GC pool
[2021.12.06-07.06.49:002][  0]LogTcpMessaging: Initializing TcpMessaging bridge
[2021.12.06-07.06.49:004][  0]LogUdpMessaging: Initializing bridge on interface 0.0.0.0:0 to multicast group 230.0.0.1:6666.
[2021.12.06-07.06.49:040][  0]SourceControl: Source control is disabled
[2021.12.06-07.06.49:040][  0]SourceControl: Source control is disabled
[2021.12.06-07.06.49:041][  0]SourceControl: Source control is disabled
[2021.12.06-07.06.49:041][  0]SourceControl: Source control is disabled
[2021.12.06-07.06.49:042][  0]SourceControl: Source control is disabled
[2021.12.06-07.06.49:099][  0]LogAndroidPermission: UAndroidPermissionCallbackProxy::GetInstance
[2021.12.06-07.06.49:106][  0]LogAudioCaptureCore: Display: No Audio Capture implementations found. Audio input will be silent.
[2021.12.06-07.06.49:106][  0]LogAudioCaptureCore: Display: No Audio Capture implementations found. Audio input will be silent.
[2021.12.06-07.06.49:174][  0]LogOcInput: OculusInput pre-init called
[2021.12.06-07.06.49:180][  0]LogWindows: Failed to load 'OVRPlugin.dll' (GetLastError=126)
[2021.12.06-07.06.49:180][  0]LogWindows: File 'OVRPlugin.dll' does not exist
[2021.12.06-07.06.49:240][  0]LogEngine: Initializing Engine...
[2021.12.06-07.06.49:241][  0]LogHMD: Failed to initialize OpenVR with code 110
[2021.12.06-07.06.49:242][  0]LogStats: UGameplayTagsManager::InitializeManager -  0.000 s
[2021.12.06-07.06.49:511][  0]LogInit: Initializing FReadOnlyCVARCache
[2021.12.06-07.06.49:516][  0]LogAIModule: Creating AISystem for world Untitled
[2021.12.06-07.06.49:524][  0]LogAudioMixer: Display: Audio Mixer Platform Settings:
[2021.12.06-07.06.49:524][  0]LogAudioMixer: Display: 	Sample Rate:						  48000
[2021.12.06-07.06.49:524][  0]LogAudioMixer: Display: 	Callback Buffer Frame Size Requested: 1024
[2021.12.06-07.06.49:524][  0]LogAudioMixer: Display: 	Callback Buffer Frame Size To Use:	  1024
[2021.12.06-07.06.49:524][  0]LogAudioMixer: Display: 	Number of buffers to queue:			  2
[2021.12.06-07.06.49:524][  0]LogAudioMixer: Display: 	Max Channels (voices):				  32
[2021.12.06-07.06.49:524][  0]LogAudioMixer: Display: 	Number of Async Source Workers:		  0
[2021.12.06-07.06.49:524][  0]LogAudio: Display: AudioDevice MaxSources: 32
[2021.12.06-07.06.49:525][  0]LogAudio: Display: Using built-in audio occlusion.
[2021.12.06-07.06.49:525][  0]LogAudioMixer: Display: Initializing audio mixer.
[2021.12.06-07.06.49:535][  0]LogAudioMixer: Display: Audio Device Output Speaker Info:
[2021.12.06-07.06.49:535][  0]LogAudioMixer: Display: Name: Speakers (3- USB Audio Device)
[2021.12.06-07.06.49:535][  0]LogAudioMixer: Display: Is Default: Yes
[2021.12.06-07.06.49:535][  0]LogAudioMixer: Display: Sample Rate: 48000
[2021.12.06-07.06.49:535][  0]LogAudioMixer: Display: Channel Count Used: 2
[2021.12.06-07.06.49:535][  0]LogAudioMixer: Display: Device Channel Count: 2
[2021.12.06-07.06.49:535][  0]LogAudioMixer: Display: Channel Order:
[2021.12.06-07.06.49:535][  0]LogAudioMixer: Display: 0: FrontLeft
[2021.12.06-07.06.49:535][  0]LogAudioMixer: Display: 1: FrontRight
[2021.12.06-07.06.49:556][  0]LogAudioMixer: Display: Using Audio Device Speakers (3- USB Audio Device)
[2021.12.06-07.06.49:559][  0]LogInit: FAudioDevice initialized.
[2021.12.06-07.06.49:559][  0]LogNetVersion: Set ProjectVersion to 1.0.0.0. Version Checksum will be recalculated on next use.
[2021.12.06-07.06.49:907][  0]LogDerivedDataCache: Saved boot cache 0.35s 78MB C:/Users/zi/AppData/Local/UnrealEngine/4.24/DerivedDataCache/Boot.ddc.
[2021.12.06-07.06.49:908][  0]LogInit: Texture streaming: Enabled
[2021.12.06-07.06.49:915][  0]LogEngineSessionManager: EngineSessionManager initialized
[2021.12.06-07.06.49:915][  0]LogEditorSessionSummary: Verbose: Initializing EditorSessionSummaryWriter for editor session tracking
[2021.12.06-07.06.49:916][  0]LogEditorSessionSummary: EditorSessionSummaryWriter initialized
[2021.12.06-07.06.49:947][  0]LogInit: Transaction tracking system initialized
[2021.12.06-07.06.49:955][  0]BlueprintLog: New page: Editor Load
[2021.12.06-07.06.49:977][  0]LocalizationService: Localization service is disabled
[2021.12.06-07.06.50:204][  0]LogFileCache: Scanning file cache for directory 'C:/Users/zi/Desktop/Racing_Car_Game - Training_Project/Content/' took 0.01s
[2021.12.06-07.06.50:204][  0]LogCook: Display: Max memory allowance for cook 16384mb min free memory 0mb
[2021.12.06-07.06.50:204][  0]LogCook: Display: Mobile HDR setting 1
[2021.12.06-07.06.50:694][  0]SourceControl: Source control is disabled
[2021.12.06-07.06.50:694][  0]Cmd: MAP LOAD FILE="../../../../../../Users/zi/Desktop/Racing_Car_Game - Training_Project/Content/VehicleBP/Maps/VehicleExampleMap.umap" TEMPLATE=0 SHOWPROGRESS=1 FEATURELEVEL=3
[2021.12.06-07.06.50:695][  0]LightingResults: New page: Lighting Build
[2021.12.06-07.06.50:695][  0]LogWorld: UWorld::CleanupWorld for Untitled, bSessionEnded=true, bCleanupResources=true
[2021.12.06-07.06.50:695][  0]LogSlate: InvalidateAllWidgets triggered.  All widgets were invalidated
[2021.12.06-07.06.50:695][  0]MapCheck: New page: Map Check
[2021.12.06-07.06.50:695][  0]LightingResults: New page: Lighting Build
[2021.12.06-07.06.50:725][  0]LogUObjectHash: Compacting FUObjectHashTables data took   1.76ms
[2021.12.06-07.06.51:432][  0]LogAIModule: Creating AISystem for world VehicleExampleMap
[2021.12.06-07.06.51:471][  0]LogEditorServer: Finished looking for orphan Actors (0.000 secs)
[2021.12.06-07.06.51:503][  0]LogUObjectHash: Compacting FUObjectHashTables data took   2.33ms
[2021.12.06-07.06.51:503][  0]Cmd: MAP CHECKDEP NOCLEARLOG
[2021.12.06-07.06.51:503][  0]MapCheck: Map check complete: 0 Error(s), 0 Warning(s), took 0.12ms to complete.
[2021.12.06-07.06.51:503][  0]LogFileHelpers: Loading map 'VehicleExampleMap' took 0.809
[2021.12.06-07.06.51:629][  0]LogSlate: Updating window title bar state: overlay mode, drag disabled, window buttons hidden, title bar hidden
[2021.12.06-07.06.51:635][  0]LogSlate: Updating window title bar state: overlay mode, drag disabled, window buttons hidden, title bar hidden
[2021.12.06-07.06.51:640][  0]LogSlate: Updating window title bar state: overlay mode, drag disabled, window buttons hidden, title bar hidden
[2021.12.06-07.06.51:646][  0]LogSlate: Updating window title bar state: overlay mode, drag disabled, window buttons hidden, title bar hidden
[2021.12.06-07.06.51:649][  0]LogCollectionManager: Loaded 0 collections in 0.001523 seconds
[2021.12.06-07.06.51:661][  0]LogFileCache: Scanning file cache for directory 'C:/Users/zi/Desktop/Racing_Car_Game - Training_Project/Saved/Collections/' took 0.00s
[2021.12.06-07.06.51:661][  0]LogFileCache: Scanning file cache for directory 'C:/Users/zi/Desktop/Racing_Car_Game - Training_Project/Content/Developers/zi/Collections/' took 0.00s
[2021.12.06-07.06.51:661][  0]LogFileCache: Scanning file cache for directory 'C:/Users/zi/Desktop/Racing_Car_Game - Training_Project/Content/Collections/' took 0.00s
[2021.12.06-07.06.51:661][  0]LogContentBrowser: Native class hierarchy populated in 0.0078 seconds. Added 3017 classes and 720 folders.
[2021.12.06-07.06.51:663][  0]LogContentBrowser: Native class hierarchy updated for 'WidgetCarousel' in 0.0002 seconds. Added 0 classes and 0 folders.
[2021.12.06-07.06.51:700][  0]LogContentBrowser: Native class hierarchy updated for 'AddContentDialog' in 0.0002 seconds. Added 0 classes and 0 folders.
[2021.12.06-07.06.51:704][  0]LogContentBrowser: Native class hierarchy updated for 'SceneOutliner' in 0.0002 seconds. Added 2 classes and 3 folders.
[2021.12.06-07.06.51:834][  0]LogSlate: Took 0.000096 seconds to synchronously load lazily loaded font '../../../Engine/Content/Slate/Fonts/Roboto-Regular.ttf' (155K)
[2021.12.06-07.06.51:836][  0]LogSlate: Took 0.000093 seconds to synchronously load lazily loaded font '../../../Engine/Content/Slate/Fonts/Roboto-Bold.ttf' (160K)
[2021.12.06-07.06.51:839][  0]LogSlate: Took 0.000078 seconds to synchronously load lazily loaded font '../../../Engine/Content/Editor/Slate/Fonts/FontAwesome.ttf' (139K)
[2021.12.06-07.06.51:899][  0]LogRenderer: Reallocating scene render targets to support 940x556 Format 10 NumSamples 1 (Frame:1).
[2021.12.06-07.06.52:041][  0]LogContentBrowser: Native class hierarchy updated for 'HierarchicalLODOutliner' in 0.0003 seconds. Added 0 classes and 0 folders.
[2021.12.06-07.06.52:041][  0]LogLoad: (Engine Initialization) Total time: 6.94 seconds
[2021.12.06-07.06.52:041][  0]LogLoad: (Engine Initialization) Total Blueprint compile time: 0.00 seconds
[2021.12.06-07.06.52:051][  0]LogRawInputWindows: Warning: Found device 6 devices
[2021.12.06-07.06.52:051][  0]LogRawInputWindows: Warning: Found device 6 devices
[2021.12.06-07.06.52:051][  0]LogRawInputWindows: Warning: Device was registered succesfully but not connected (Usage:4 UsagePage:1)
[2021.12.06-07.06.52:051][  0]LogRawInputWindows: Warning: Found device 6 devices
[2021.12.06-07.06.52:052][  0]LogRawInputWindows: Warning: Device was registered succesfully but not connected (Usage:5 UsagePage:1)
[2021.12.06-07.06.52:085][  0]LogAssetRegistry: Asset discovery search completed in 4.5318 seconds
[2021.12.06-07.06.52:089][  0]LogCollectionManager: Fixed up redirectors for 0 collections in 0.000008 seconds (updated 0 objects)
[2021.12.06-07.06.52:090][  0]LogContentStreaming: Texture pool size now 1000 MB
[2021.12.06-07.06.52:137][  0]LogSlate: Took 0.000125 seconds to synchronously load lazily loaded font '../../../Engine/Content/Slate/Fonts/Roboto-Light.ttf' (167K)
[2021.12.06-07.06.52:185][  0]LogSlate: Took 0.000078 seconds to synchronously load lazily loaded font '../../../Engine/Content/Slate/Fonts/Roboto-Light.ttf' (167K)
[2021.12.06-07.06.59:526][755]LogSlate: Prevented a slow task dialog from being summoned while a context menu was open
[2021.12.06-07.06.59:580][755]LogMaterial: Display: Missing cached shader map for material MA_GroundSummer, compiling. 
[2021.12.06-07.06.59:713][755]LogShaderCompilers: Display: Worker (1/9): shaders left to compile 77
[2021.12.06-07.06.59:713][755]LogShaderCompilers: Display: Worker (2/9): shaders left to compile 67
[2021.12.06-07.06.59:713][755]LogShaderCompilers: Display: Worker (3/9): shaders left to compile 57
[2021.12.06-07.06.59:713][755]LogShaderCompilers: Display: Worker (4/9): shaders left to compile 47
[2021.12.06-07.06.59:713][755]LogShaderCompilers: Display: Worker (5/9): shaders left to compile 37
[2021.12.06-07.06.59:713][755]LogShaderCompilers: Display: Worker (6/9): shaders left to compile 27
[2021.12.06-07.06.59:713][755]LogShaderCompilers: Display: Worker (7/9): shaders left to compile 17
[2021.12.06-07.06.59:713][755]LogShaderCompilers: Display: Worker (8/9): shaders left to compile 7
[2021.12.06-07.06.59:713][755]LogMaterial: Display: Missing cached shader map for material MA_GroundWinter, compiling. 
[2021.12.06-07.06.59:800][755]LogMaterial: Display: Missing cached shader map for material MA_Winter, compiling. 
[2021.12.06-07.06.59:877][755]LogMaterial: Display: Missing cached shader map for material MA_Winter, compiling. 
[2021.12.06-07.06.59:958][755]LogMaterial: Display: Missing cached shader map for material MA_Winter, compiling. 
[2021.12.06-07.07.00:038][755]LogMaterial: Display: Missing cached shader map for material MA_Winter, compiling. 
[2021.12.06-07.07.00:121][755]LogMaterial: Display: Missing cached shader map for material MA_Winter, compiling. 
[2021.12.06-07.07.00:201][755]LogMaterial: Display: Missing cached shader map for material MA_Winter, compiling. 
[2021.12.06-07.07.00:283][755]LogMaterial: Display: Missing cached shader map for material MA_Winter, compiling. 
[2021.12.06-07.07.00:367][755]LogMaterial: Display: Missing cached shader map for material MA_Winter, compiling. 
[2021.12.06-07.07.00:445][755]LogMaterial: Display: Missing cached shader map for material MA_Winter, compiling. 
[2021.12.06-07.07.00:527][755]LogMaterial: Display: Missing cached shader map for material MA_Winter, compiling. 
[2021.12.06-07.07.00:615][755]LogMaterial: Display: Missing cached shader map for material MA_Winter, compiling. 
[2021.12.06-07.07.00:691][755]LogMaterial: Display: Missing cached shader map for material MA_Winter, compiling. 
[2021.12.06-07.07.00:771][755]LogMaterial: Display: Missing cached shader map for material MA_Winter, compiling. 
[2021.12.06-07.07.00:853][755]LogMaterial: Display: Missing cached shader map for material MA_Winter, compiling. 
[2021.12.06-07.07.00:933][755]LogMaterial: Display: Missing cached shader map for material MA_Winter, compiling. 
[2021.12.06-07.07.01:014][755]LogMaterial: Display: Missing cached shader map for material MA_Winter, compiling. 
[2021.12.06-07.07.01:100][755]LogMaterial: Display: Missing cached shader map for material MA_Winter, compiling. 
[2021.12.06-07.07.01:181][755]LogMaterial: Display: Missing cached shader map for material MA_Winter, compiling. 
[2021.12.06-07.07.01:265][755]LogMaterial: Display: Missing cached shader map for material MA_Winter, compiling. 
[2021.12.06-07.07.01:350][755]LogMaterial: Display: Missing cached shader map for material MA_Winter, compiling. 
[2021.12.06-07.07.01:429][755]LogShaderCompilers: Display: Worker (3/9): shaders left to compile 1920
[2021.12.06-07.07.01:429][755]LogShaderCompilers: Display: Worker (1/9): shaders left to compile 2007
[2021.12.06-07.07.01:429][755]LogMaterial: Display: Missing cached shader map for material MA_Winter, compiling. 
[2021.12.06-07.07.01:504][755]LogShaderCompilers: Display: Worker (4/9): shaders left to compile 1997
[2021.12.06-07.07.01:504][755]LogMaterial: Display: Missing cached shader map for material MA_Winter, compiling. 
[2021.12.06-07.07.01:580][755]LogMaterial: Display: Missing cached shader map for material MA_Winter, compiling. 
[2021.12.06-07.07.01:652][755]LogShaderCompilers: Display: Worker (8/9): shaders left to compile 2181
[2021.12.06-07.07.01:652][755]LogShaderCompilers: Display: Worker (2/9): shaders left to compile 2171
[2021.12.06-07.07.01:652][755]LogMaterial: Display: Missing cached shader map for material MA_Winter, compiling. 
[2021.12.06-07.07.01:727][755]LogMaterial: Display: Missing cached shader map for material MA_Winter, compiling. 
[2021.12.06-07.07.01:800][755]LogMaterial: Display: Missing cached shader map for material MA_Winter, compiling. 
[2021.12.06-07.07.01:868][755]LogMaterial: Display: Missing cached shader map for material MA_Winter, compiling. 
[2021.12.06-07.07.01:944][755]LogMaterial: Display: Missing cached shader map for material MA_Winter, compiling. 
[2021.12.06-07.07.02:020][755]LogMaterial: Display: Missing cached shader map for material MA_Winter, compiling. 
[2021.12.06-07.07.02:091][755]LogMaterial: Display: Missing cached shader map for material MA_Winter, compiling. 
[2021.12.06-07.07.02:166][755]LogMaterial: Display: Missing cached shader map for material MA_Winter, compiling. 
[2021.12.06-07.07.02:244][755]LogMaterial: Display: Missing cached shader map for material MA_Winter, compiling. 
[2021.12.06-07.07.02:315][755]LogMaterial: Display: Missing cached shader map for material MA_Winter, compiling. 
[2021.12.06-07.07.02:392][755]LogMaterial: Display: Missing cached shader map for material MA_Winter, compiling. 
[2021.12.06-07.07.02:473][755]LogMaterial: Display: Missing cached shader map for material MA_Winter, compiling. 
[2021.12.06-07.07.02:549][755]LogMaterial: Display: Missing cached shader map for material MA_Winter, compiling. 
[2021.12.06-07.07.02:623][755]LogMaterial: Display: Missing cached shader map for material MA_Winter, compiling. 
[2021.12.06-07.07.02:699][755]LogShaderCompilers: Display: Worker (7/9): shaders left to compile 3519
[2021.12.06-07.07.02:699][755]LogMaterial: Display: Missing cached shader map for material MA_Winter, compiling. 
[2021.12.06-07.07.02:772][755]LogShaderCompilers: Display: Worker (6/9): shaders left to compile 3606
[2021.12.06-07.07.02:772][755]LogMaterial: Display: Missing cached shader map for material MA_Winter, compiling. 
[2021.12.06-07.07.02:846][755]LogShaderCompilers: Display: Worker (5/9): shaders left to compile 3693
[2021.12.06-07.07.02:846][755]LogMaterial: Display: Missing cached shader map for material MA_Winter, compiling. 
[2021.12.06-07.07.02:920][755]LogMaterial: Display: Missing cached shader map for material MA_Winter, compiling. 
[2021.12.06-07.07.02:991][755]LogShaderCompilers: Display: Worker (3/9): shaders left to compile 3877
[2021.12.06-07.07.02:991][755]LogMaterial: Display: Missing cached shader map for material MA_Winter, compiling. 
[2021.12.06-07.07.03:064][755]LogShaderCompilers: Display: Worker (4/9): shaders left to compile 3964
[2021.12.06-07.07.03:064][755]LogMaterial: Display: Missing cached shader map for material MA_Winter, compiling. 
[2021.12.06-07.07.03:143][755]LogShaderCompilers: Display: Worker (1/9): shaders left to compile 4148
[2021.12.06-07.07.03:143][755]LogMaterial: Display: Missing cached shader map for material MA_Imposter, compiling. 
[2021.12.06-07.07.03:210][755]LogShaderCompilers: Display: Worker (8/9): shaders left to compile 4138
[2021.12.06-07.07.03:210][755]LogMaterial: Display: Missing cached shader map for material MA_Imposter, compiling. 
[2021.12.06-07.07.03:292][755]LogMaterial: Display: Missing cached shader map for material MA_Imposter, compiling. 
[2021.12.06-07.07.03:389][755]LogMaterial: Display: Missing cached shader map for material MA_Imposter, compiling. 
[2021.12.06-07.07.03:478][755]LogMaterial: Display: Missing cached shader map for material MA_Imposter, compiling. 
[2021.12.06-07.07.03:577][755]LogMaterial: Display: Missing cached shader map for material MA_Imposter, compiling. 
[2021.12.06-07.07.03:652][755]LogMaterial: Display: Missing cached shader map for material MA_Imposter, compiling. 
[2021.12.06-07.07.03:717][755]LogMaterial: Display: Missing cached shader map for material MA_Imposter, compiling. 
[2021.12.06-07.07.03:783][755]LogMaterial: Display: Missing cached shader map for material MA_Imposter, compiling. 
[2021.12.06-07.07.03:851][755]LogMaterial: Display: Missing cached shader map for material MA_Imposter, compiling. 
[2021.12.06-07.07.03:922][755]LogMaterial: Display: Missing cached shader map for material MA_Imposter, compiling. 
[2021.12.06-07.07.03:992][755]LogMaterial: Display: Missing cached shader map for material MA_Imposter, compiling. 
[2021.12.06-07.07.04:059][755]LogMaterial: Display: Missing cached shader map for material MA_Imposter, compiling. 
[2021.12.06-07.07.04:130][755]LogMaterial: Display: Missing cached shader map for material MA_Imposter, compiling. 
[2021.12.06-07.07.04:197][755]LogMaterial: Display: Missing cached shader map for material MA_Winter, compiling. 
[2021.12.06-07.07.04:274][755]LogMaterial: Display: Missing cached shader map for material MA_Winter, compiling. 
[2021.12.06-07.07.04:353][755]LogMaterial: Display: Missing cached shader map for material MA_Winter, compiling. 
[2021.12.06-07.07.04:430][755]LogMaterial: Display: Missing cached shader map for material MA_Winter, compiling. 
[2021.12.06-07.07.04:506][755]LogMaterial: Display: Missing cached shader map for material MA_Winter, compiling. 
[2021.12.06-07.07.04:584][755]LogMaterial: Display: Missing cached shader map for material MA_Winter, compiling. 
[2021.12.06-07.07.04:663][755]LogShaderCompilers: Display: Worker (2/9): shaders left to compile 5971
[2021.12.06-07.07.04:663][755]LogMaterial: Display: Missing cached shader map for material MA_Winter, compiling. 
[2021.12.06-07.07.04:741][755]LogMaterial: Display: Missing cached shader map for material MA_Winter, compiling. 
[2021.12.06-07.07.04:825][755]LogMaterial: Display: Missing cached shader map for material MA_Winter, compiling. 
[2021.12.06-07.07.04:908][755]LogMaterial: Display: Missing cached shader map for material MA_Winter, compiling. 
[2021.12.06-07.07.04:992][755]LogMaterial: Display: Missing cached shader map for material MA_Winter, compiling. 
[2021.12.06-07.07.05:071][755]LogMaterial: Display: Missing cached shader map for material MA_Winter, compiling. 
[2021.12.06-07.07.05:158][755]LogMaterial: Display: Missing cached shader map for material MA_Winter, compiling. 
[2021.12.06-07.07.05:242][755]LogMaterial: Display: Missing cached shader map for material MA_Winter, compiling. 
[2021.12.06-07.07.05:328][755]LogMaterial: Display: Missing cached shader map for material MA_Winter, compiling. 
[2021.12.06-07.07.05:409][755]LogMaterial: Display: Missing cached shader map for material MA_Winter, compiling. 
[2021.12.06-07.07.05:486][755]LogMaterial: Display: Missing cached shader map for material MA_Winter, compiling. 
[2021.12.06-07.07.05:710][755]LogShaderCompilers: Display: Worker (7/9): shaders left to compile 7125
[2021.12.06-07.07.05:710][755]LogShaderCompilers: Display: Worker (6/9): shaders left to compile 7115
[2021.12.06-07.07.05:710][755]LogStaticMesh: Building static mesh winter_spruce_half_03_low...
[2021.12.06-07.07.10:822][755]LogShaderCompilers: Display: Worker (5/9): shaders left to compile 7105
[2021.12.06-07.07.10:822][755]LogShaderCompilers: Display: Worker (3/9): shaders left to compile 7095
[2021.12.06-07.07.10:822][755]LogShaderCompilers: Display: Worker (4/9): shaders left to compile 7085
[2021.12.06-07.07.10:822][755]LogShaderCompilers: Display: Worker (1/9): shaders left to compile 7075
[2021.12.06-07.07.10:822][755]LogShaderCompilers: Display: Worker (8/9): shaders left to compile 7065
[2021.12.06-07.07.10:822][755]LogShaderCompilers: Display: Worker (6/9): shaders left to compile 7055
[2021.12.06-07.07.10:822][755]LogShaderCompilers: Display: Worker (7/9): shaders left to compile 7045
[2021.12.06-07.07.10:822][755]LogShaderCompilers: Display: Worker (5/9): shaders left to compile 7035
[2021.12.06-07.07.10:822][755]LogShaderCompilers: Display: Worker (2/9): shaders left to compile 7025
[2021.12.06-07.07.10:822][755]LogStaticMesh: Built static mesh [5.11s] /Game/PN_interactiveSpruceForest/ExampleContent/Winter/Meshes/half/low/winter_spruce_half_03_low.winter_spruce_half_03_low
[2021.12.06-07.07.11:355][755]LogStaticMesh: Building static mesh winter_spruce_half_04_low...
[2021.12.06-07.07.15:764][755]LogShaderCompilers: Display: Worker (3/9): shaders left to compile 7015
[2021.12.06-07.07.15:764][755]LogShaderCompilers: Display: Worker (4/9): shaders left to compile 7005
[2021.12.06-07.07.15:764][755]LogShaderCompilers: Display: Worker (8/9): shaders left to compile 6995
[2021.12.06-07.07.15:764][755]LogShaderCompilers: Display: Worker (2/9): shaders left to compile 6985
[2021.12.06-07.07.15:764][755]LogStaticMesh: Built static mesh [4.41s] /Game/PN_interactiveSpruceForest/ExampleContent/Winter/Meshes/half/low/winter_spruce_half_04_low.winter_spruce_half_04_low
[2021.12.06-07.07.15:848][755]LogStaticMesh: Building static mesh winter_spruce_small_01...
[2021.12.06-07.07.15:858][755]LogStaticMesh: Built static mesh [0.01s] /Game/PN_interactiveSpruceForest/ExampleContent/Winter/Meshes/small/winter_spruce_small_01.winter_spruce_small_01
[2021.12.06-07.07.15:873][755]LogStaticMesh: Building static mesh winter_spruce_small_02...
[2021.12.06-07.07.15:893][755]LogStaticMesh: Built static mesh [0.02s] /Game/PN_interactiveSpruceForest/ExampleContent/Winter/Meshes/small/winter_spruce_small_02.winter_spruce_small_02
[2021.12.06-07.07.15:907][755]LogStaticMesh: Building static mesh winter_spruce_small_03...
[2021.12.06-07.07.15:927][755]LogStaticMesh: Built static mesh [0.02s] /Game/PN_interactiveSpruceForest/ExampleContent/Winter/Meshes/small/winter_spruce_small_03.winter_spruce_small_03
[2021.12.06-07.07.15:941][755]LogStaticMesh: Building static mesh winter_spruce_small_04...
[2021.12.06-07.07.15:965][755]LogStaticMesh: Built static mesh [0.03s] /Game/PN_interactiveSpruceForest/ExampleContent/Winter/Meshes/small/winter_spruce_small_04.winter_spruce_small_04
[2021.12.06-07.07.16:011][755]LogStaticMesh: Building static mesh winter_spruce_small_05...
[2021.12.06-07.07.16:343][755]LogShaderCompilers: Display: Worker (3/9): shaders left to compile 6975
[2021.12.06-07.07.16:343][755]LogShaderCompilers: Display: Worker (1/9): shaders left to compile 6965
[2021.12.06-07.07.16:343][755]LogStaticMesh: Built static mesh [0.33s] /Game/PN_interactiveSpruceForest/ExampleContent/Winter/Meshes/small/winter_spruce_small_05.winter_spruce_small_05
[2021.12.06-07.07.16:453][755]LogStaticMesh: Building static mesh winter_spruce_small_06...
[2021.12.06-07.07.17:313][755]LogShaderCompilers: Display: Worker (6/9): shaders left to compile 6955
[2021.12.06-07.07.17:313][755]LogStaticMesh: Built static mesh [0.86s] /Game/PN_interactiveSpruceForest/ExampleContent/Winter/Meshes/small/winter_spruce_small_06.winter_spruce_small_06
[2021.12.06-07.07.17:426][755]LogStaticMesh: Building static mesh winter_spruce_small_07...
[2021.12.06-07.07.18:307][755]LogShaderCompilers: Display: Worker (5/9): shaders left to compile 6945
[2021.12.06-07.07.18:307][755]LogStaticMesh: Built static mesh [0.88s] /Game/PN_interactiveSpruceForest/ExampleContent/Winter/Meshes/small/winter_spruce_small_07.winter_spruce_small_07
[2021.12.06-07.07.18:524][755]LogShaderCompilers: Display: Worker (7/9): shaders left to compile 6935
[2021.12.06-07.07.18:525][755]LogBlueprint: Warning: [Compiler ThirdPersonCharacter] InputAction Event references unknown Action 'Jump' for  InputAction Jump
[2021.12.06-07.07.18:525][755]LogBlueprint: Warning: [Compiler ThirdPersonCharacter] Input Axis Event references unknown Axis 'LookUpRate' for  InputAxis LookUpRate
[2021.12.06-07.07.18:525][755]LogBlueprint: Warning: [Compiler ThirdPersonCharacter] Input Axis Event references unknown Axis 'TurnRate' for  InputAxis TurnRate
[2021.12.06-07.07.18:525][755]LogBlueprint: Warning: [Compiler ThirdPersonCharacter] Input Axis Event references unknown Axis 'Turn' for  InputAxis Turn
[2021.12.06-07.07.18:864][755]LogTexture: Display: Building textures: Texture2D_0 (BGRA8, 32X128)
[2021.12.06-07.07.18:864][755]LogMaterial: Display: Missing cached shader map for material MA_Summer, compiling. 
[2021.12.06-07.07.18:940][755]LogMaterial: Display: Missing cached shader map for material MA_Summer, compiling. 
[2021.12.06-07.07.19:016][755]LogMaterial: Display: Missing cached shader map for material MA_Summer, compiling. 
[2021.12.06-07.07.19:094][755]LogMaterial: Display: Missing cached shader map for material MA_Summer, compiling. 
[2021.12.06-07.07.19:166][755]LogMaterial: Display: Missing cached shader map for material MA_Summer, compiling. 
[2021.12.06-07.07.19:238][755]LogMaterial: Display: Missing cached shader map for material MA_Summer, compiling. 
[2021.12.06-07.07.19:310][755]LogMaterial: Display: Missing cached shader map for material MA_Summer, compiling. 
[2021.12.06-07.07.19:385][755]LogShaderCompilers: Display: Worker (4/9): shaders left to compile 7507
[2021.12.06-07.07.19:385][755]LogMaterial: Display: Missing cached shader map for material MA_Summer, compiling. 
[2021.12.06-07.07.19:460][755]LogMaterial: Display: Missing cached shader map for material MA_Summer, compiling. 
[2021.12.06-07.07.19:843][755]LogSkeletalMesh: Building Skeletal Mesh SK_Mannequin...
[2021.12.06-07.07.19:916][755]LogSkeletalMesh: Built Skeletal Mesh [0.07s] /Game/PN_interactiveSpruceForest/UE4_Mannequin/Mannequin/Character/Mesh/SK_Mannequin.SK_Mannequin
[2021.12.06-07.07.20:523][755]LogMaterial: Display: Missing cached shader map for material MA_Summer, compiling. 
[2021.12.06-07.07.20:606][755]LogMaterial: Display: Missing cached shader map for material MA_Summer, compiling. 
[2021.12.06-07.07.20:686][755]LogMaterial: Display: Missing cached shader map for material MA_Summer, compiling. 
[2021.12.06-07.07.20:767][755]LogMaterial: Display: Missing cached shader map for material MA_Summer, compiling. 
[2021.12.06-07.07.20:844][755]LogMaterial: Display: Missing cached shader map for material MA_Summer, compiling. 
[2021.12.06-07.07.20:923][755]LogMaterial: Display: Missing cached shader map for material MA_Summer, compiling. 
[2021.12.06-07.07.21:004][755]LogMaterial: Display: Missing cached shader map for material MA_Summer, compiling. 
[2021.12.06-07.07.21:083][755]LogMaterial: Display: Missing cached shader map for material MA_Summer, compiling. 
[2021.12.06-07.07.21:154][755]LogAIModule: Creating AISystem for world Interaction_Showroom
[2021.12.06-07.07.22:043][755]LogTexture: Display: Building textures: Texture2D_1 (BGRA8, 16X64)
[2021.12.06-07.07.22:258][755]LogShaderCompilers: Display: Worker (3/9): shaders left to compile 8564
[2021.12.06-07.07.22:566][755]LogMaterial: Display: Missing cached shader map for material MA_Summer, compiling. 
[2021.12.06-07.07.22:630][755]LogMaterial: Display: Missing cached shader map for material MA_Summer, compiling. 
[2021.12.06-07.07.22:697][755]LogShaderCompilers: Display: Worker (8/9): shaders left to compile 8651
[2021.12.06-07.07.22:697][755]LogMaterial: Display: Missing cached shader map for material MA_Summer, compiling. 
[2021.12.06-07.07.22:767][755]LogMaterial: Display: Missing cached shader map for material MA_Summer, compiling. 
[2021.12.06-07.07.22:839][755]LogShaderCompilers: Display: Worker (1/9): shaders left to compile 8932
[2021.12.06-07.07.22:839][755]LogMaterial: Display: Missing cached shader map for material MA_Summer, compiling. 
[2021.12.06-07.07.22:932][755]LogMaterial: Display: Missing cached shader map for material MA_Summer, compiling. 
[2021.12.06-07.07.23:000][755]LogMaterial: Display: Missing cached shader map for material MA_Summer, compiling. 
[2021.12.06-07.07.23:090][755]LogMaterial: Display: Missing cached shader map for material MA_Summer, compiling. 
[2021.12.06-07.07.23:176][755]LogMaterial: Display: Missing cached shader map for material MA_Summer, compiling. 
[2021.12.06-07.07.23:248][755]LogMaterial: Display: Missing cached shader map for material MA_Summer, compiling. 
[2021.12.06-07.07.23:335][755]LogShaderCompilers: Display: Worker (2/9): shaders left to compile 9407
[2021.12.06-07.07.23:335][755]LogMaterial: Display: Missing cached shader map for material MA_Summer, compiling. 
[2021.12.06-07.07.23:484][755]LogMaterial: Display: Missing cached shader map for material MA_Summer, compiling. 
[2021.12.06-07.07.23:557][755]LogMaterial: Display: Missing cached shader map for material MA_Summer, compiling. 
[2021.12.06-07.07.23:629][755]LogMaterial: Display: Missing cached shader map for material MA_Summer, compiling. 
[2021.12.06-07.07.23:721][755]LogMaterial: Display: Missing cached shader map for material MA_Summer, compiling. 
[2021.12.06-07.07.23:793][755]LogMaterial: Display: Missing cached shader map for material MA_Summer, compiling. 
[2021.12.06-07.07.23:866][755]LogMaterial: Display: Missing cached shader map for material MA_Summer, compiling. 
[2021.12.06-07.07.23:958][755]LogMaterial: Display: Missing cached shader map for material MA_Summer, compiling. 
[2021.12.06-07.07.24:068][755]LogMaterial: Display: Missing cached shader map for material MA_Summer, compiling. 
[2021.12.06-07.07.24:140][755]LogMaterial: Display: Missing cached shader map for material MA_Summer, compiling. 
[2021.12.06-07.07.24:209][755]LogMaterial: Display: Missing cached shader map for material MA_Summer, compiling. 
[2021.12.06-07.07.24:272][755]LogAIModule: Creating AISystem for world Showroom
[2021.12.06-07.07.24:382][755]LogMaterial: Display: Missing cached shader map for material MA_Summer, compiling. 
[2021.12.06-07.07.24:449][755]LogMaterial: Display: Missing cached shader map for material MA_Summer, compiling. 
[2021.12.06-07.07.24:534][755]LogShaderCompilers: Display: Worker (7/9): shaders left to compile 10755
[2021.12.06-07.07.24:534][755]LogMaterial: Display: Missing cached shader map for material MA_Summer, compiling. 
[2021.12.06-07.07.24:681][755]LogShaderCompilers: Display: Worker (4/9): shaders left to compile 10842
[2021.12.06-07.07.24:681][755]LogShaderCompilers: Display: Worker (6/9): shaders left to compile 10832
[2021.12.06-07.07.24:681][755]LogObjectTools: Deleting 2 worlds: /Game/PN_interactiveSpruceForest/Map/Interaction_Showroom.Interaction_Showroom, /Game/PN_interactiveSpruceForest/Map/Showroom.Showroom
[2021.12.06-07.07.24:681][755]LogObjectTools: Currently 2 active worlds: /Game/VehicleBP/Maps/VehicleExampleMap.VehicleExampleMap, /Engine/Transient.World_0
[2021.12.06-07.07.24:719][755]LogUObjectHash: Compacting FUObjectHashTables data took   3.29ms
[2021.12.06-07.07.27:185][755]LogShaderCompilers: Display: Worker (5/9): shaders left to compile 10822
[2021.12.06-07.07.27:405][755]LogShaderCompilers: Display: Worker (3/9): shaders left to compile 10812
[2021.12.06-07.07.28:342][755]LogShaderCompilers: Display: Worker (8/9): shaders left to compile 10802
[2021.12.06-07.07.30:209][755]LogShaderCompilers: Display: Worker (2/9): shaders left to compile 10792
[2021.12.06-07.07.30:914][755]LogShaderCompilers: Display: Worker (4/9): shaders left to compile 10782
[2021.12.06-07.07.31:367][755]LogShaderCompilers: Display: Worker (7/9): shaders left to compile 10772
[2021.12.06-07.07.31:831][755]LogShaderCompilers: Display: Worker (1/9): shaders left to compile 10762
[2021.12.06-07.07.32:756][755]LogShaderCompilers: Display: Worker (6/9): shaders left to compile 10752
[2021.12.06-07.07.32:993][755]LogShaderCompilers: Display: Worker (8/9): shaders left to compile 10742
[2021.12.06-07.07.33:450][755]LogShaderCompilers: Display: Worker (3/9): shaders left to compile 10732
[2021.12.06-07.07.35:541][755]LogShaderCompilers: Display: Worker (2/9): shaders left to compile 10722
[2021.12.06-07.07.37:086][755]LogShaderCompilers: Display: Worker (5/9): shaders left to compile 10712
[2021.12.06-07.07.37:086][755]LogShaderCompilers: Display: Worker (4/9): shaders left to compile 10702
[2021.12.06-07.07.38:875][755]LogShaderCompilers: Display: Worker (6/9): shaders left to compile 10692
[2021.12.06-07.07.39:077][755]LogShaderCompilers: Display: Worker (7/9): shaders left to compile 10682
[2021.12.06-07.07.39:536][755]LogShaderCompilers: Display: Worker (1/9): shaders left to compile 10672
[2021.12.06-07.07.40:016][755]LogShaderCompilers: Display: Worker (8/9): shaders left to compile 10662
[2021.12.06-07.07.40:991][755]LogShaderCompilers: Display: Worker (3/9): shaders left to compile 10652
[2021.12.06-07.07.41:430][755]LogShaderCompilers: Display: Worker (4/9): shaders left to compile 10642
[2021.12.06-07.07.41:430][755]LogShaderCompilers: Display: Worker (5/9): shaders left to compile 10632
[2021.12.06-07.07.44:243][755]LogShaderCompilers: Display: Worker (6/9): shaders left to compile 10622
[2021.12.06-07.07.44:486][755]LogShaderCompilers: Display: Worker (2/9): shaders left to compile 10612
[2021.12.06-07.07.46:605][755]LogShaderCompilers: Display: Worker (1/9): shaders left to compile 10602
[2021.12.06-07.07.46:605][755]LogShaderCompilers: Display: Worker (7/9): shaders left to compile 10592
[2021.12.06-07.07.47:082][755]LogShaderCompilers: Display: Worker (8/9): shaders left to compile 10582
[2021.12.06-07.07.47:083][755]LogShaderCompilers: Display: Worker (3/9): shaders left to compile 10572
[2021.12.06-07.07.48:494][755]LogShaderCompilers: Display: Worker (4/9): shaders left to compile 10562
[2021.12.06-07.07.49:646][755]LogShaderCompilers: Display: Worker (2/9): shaders left to compile 10552
[2021.12.06-07.07.50:340][755]LogShaderCompilers: Display: Worker (6/9): shaders left to compile 10542
[2021.12.06-07.07.51:298][755]LogShaderCompilers: Display: Worker (1/9): shaders left to compile 10532
[2021.12.06-07.07.51:755][755]LogShaderCompilers: Display: Worker (5/9): shaders left to compile 10522
[2021.12.06-07.07.52:219][755]LogShaderCompilers: Display: Worker (7/9): shaders left to compile 10512
[2021.12.06-07.07.54:114][755]LogShaderCompilers: Display: Worker (8/9): shaders left to compile 10502
[2021.12.06-07.07.54:584][755]LogShaderCompilers: Display: Worker (3/9): shaders left to compile 10492
[2021.12.06-07.07.55:279][755]LogShaderCompilers: Display: Worker (4/9): shaders left to compile 10482
[2021.12.06-07.07.56:448][755]LogShaderCompilers: Display: Worker (2/9): shaders left to compile 10472
[2021.12.06-07.07.57:153][755]LogShaderCompilers: Display: Worker (5/9): shaders left to compile 10462
[2021.12.06-07.07.57:153][755]LogShaderCompilers: Display: Worker (7/9): shaders left to compile 10452
[2021.12.06-07.07.57:384][755]LogShaderCompilers: Display: Worker (6/9): shaders left to compile 10442
[2021.12.06-07.07.59:738][755]LogShaderCompilers: Display: Worker (8/9): shaders left to compile 10432
[2021.12.06-07.08.00:233][755]LogShaderCompilers: Display: Worker (3/9): shaders left to compile 10422
[2021.12.06-07.08.01:375][755]LogShaderCompilers: Display: Worker (1/9): shaders left to compile 10412
[2021.12.06-07.08.03:008][755]LogShaderCompilers: Display: Worker (4/9): shaders left to compile 10402
[2021.12.06-07.08.03:008][755]LogShaderCompilers: Display: Worker (5/9): shaders left to compile 10392
[2021.12.06-07.08.04:159][755]LogShaderCompilers: Display: Worker (2/9): shaders left to compile 10382
[2021.12.06-07.08.04:159][755]LogShaderCompilers: Display: Worker (7/9): shaders left to compile 10372
[2021.12.06-07.08.04:391][755]LogShaderCompilers: Display: Worker (6/9): shaders left to compile 10362
[2021.12.06-07.08.05:588][755]LogShaderCompilers: Display: Worker (1/9): shaders left to compile 10352
[2021.12.06-07.08.06:056][755]LogShaderCompilers: Display: Worker (3/9): shaders left to compile 10342
[2021.12.06-07.08.08:985][755]LogShaderCompilers: Display: Worker (4/9): shaders left to compile 10332
[2021.12.06-07.08.08:985][755]LogShaderCompilers: Display: Worker (8/9): shaders left to compile 10322
[2021.12.06-07.08.09:923][755]LogShaderCompilers: Display: Worker (5/9): shaders left to compile 10312
[2021.12.06-07.08.11:076][755]LogShaderCompilers: Display: Worker (6/9): shaders left to compile 10302
[2021.12.06-07.08.11:076][755]LogShaderCompilers: Display: Worker (7/9): shaders left to compile 10292
[2021.12.06-07.08.11:328][755]LogShaderCompilers: Display: Worker (2/9): shaders left to compile 10282
[2021.12.06-07.08.12:701][755]LogShaderCompilers: Display: Worker (1/9): shaders left to compile 10272
[2021.12.06-07.08.13:614][755]LogShaderCompilers: Display: Worker (8/9): shaders left to compile 10262
[2021.12.06-07.08.14:577][755]LogShaderCompilers: Display: Worker (5/9): shaders left to compile 10252
[2021.12.06-07.08.15:524][755]LogShaderCompilers: Display: Worker (4/9): shaders left to compile 10242
[2021.12.06-07.08.15:969][755]LogShaderCompilers: Display: Worker (3/9): shaders left to compile 10232
[2021.12.06-07.08.16:933][755]LogShaderCompilers: Display: Worker (6/9): shaders left to compile 10222
[2021.12.06-07.08.18:329][755]LogShaderCompilers: Display: Worker (7/9): shaders left to compile 10212
[2021.12.06-07.08.18:588][755]LogShaderCompilers: Display: Worker (2/9): shaders left to compile 10202
[2021.12.06-07.08.19:287][755]LogShaderCompilers: Display: Worker (1/9): shaders left to compile 10192
[2021.12.06-07.08.19:965][755]LogShaderCompilers: Display: Worker (8/9): shaders left to compile 10182
[2021.12.06-07.08.21:121][755]LogShaderCompilers: Display: Worker (3/9): shaders left to compile 10172
[2021.12.06-07.08.21:832][755]LogShaderCompilers: Display: Worker (5/9): shaders left to compile 10162
[2021.12.06-07.08.22:291][755]LogShaderCompilers: Display: Worker (6/9): shaders left to compile 10152
[2021.12.06-07.08.23:015][755]LogShaderCompilers: Display: Worker (7/9): shaders left to compile 10142
[2021.12.06-07.08.24:879][755]LogShaderCompilers: Display: Worker (2/9): shaders left to compile 10132
[2021.12.06-07.08.26:076][755]LogShaderCompilers: Display: Worker (4/9): shaders left to compile 10122
[2021.12.06-07.08.26:751][755]LogShaderCompilers: Display: Worker (8/9): shaders left to compile 10112
[2021.12.06-07.08.27:432][755]LogShaderCompilers: Display: Worker (1/9): shaders left to compile 10102
[2021.12.06-07.08.27:916][755]LogShaderCompilers: Display: Worker (3/9): shaders left to compile 10092
[2021.12.06-07.08.28:845][755]LogShaderCompilers: Display: Worker (5/9): shaders left to compile 10082
[2021.12.06-07.08.29:326][755]LogShaderCompilers: Display: Worker (6/9): shaders left to compile 10072
[2021.12.06-07.08.30:968][755]LogShaderCompilers: Display: Worker (4/9): shaders left to compile 10062
[2021.12.06-07.08.30:968][755]LogShaderCompilers: Display: Worker (2/9): shaders left to compile 10052
[2021.12.06-07.08.31:902][755]LogShaderCompilers: Display: Worker (7/9): shaders left to compile 10042
[2021.12.06-07.08.32:372][755]LogShaderCompilers: Display: Worker (8/9): shaders left to compile 10032
[2021.12.06-07.08.33:301][755]LogShaderCompilers: Display: Worker (1/9): shaders left to compile 10022
[2021.12.06-07.08.34:927][755]LogShaderCompilers: Display: Worker (6/9): shaders left to compile 10012
[2021.12.06-07.08.35:849][755]LogShaderCompilers: Display: Worker (3/9): shaders left to compile 10002
[2021.12.06-07.08.36:767][755]LogShaderCompilers: Display: Worker (5/9): shaders left to compile 9992
[2021.12.06-07.08.37:704][755]LogShaderCompilers: Display: Worker (8/9): shaders left to compile 9982
[2021.12.06-07.08.37:947][755]LogShaderCompilers: Display: Worker (1/9): shaders left to compile 9972
[2021.12.06-07.08.38:890][755]LogShaderCompilers: Display: Worker (4/9): shaders left to compile 9962
[2021.12.06-07.08.39:358][755]LogShaderCompilers: Display: Worker (7/9): shaders left to compile 9952
[2021.12.06-07.08.39:819][755]LogShaderCompilers: Display: Worker (2/9): shaders left to compile 9942
[2021.12.06-07.08.40:516][755]LogShaderCompilers: Display: Worker (6/9): shaders left to compile 9932
[2021.12.06-07.08.43:567][755]LogShaderCompilers: Display: Worker (8/9): shaders left to compile 9922
[2021.12.06-07.08.43:802][755]LogShaderCompilers: Display: Worker (3/9): shaders left to compile 9912
[2021.12.06-07.08.44:035][755]LogShaderCompilers: Display: Worker (5/9): shaders left to compile 9902
[2021.12.06-07.08.44:248][755]LogShaderCompilers: Display: Worker (1/9): shaders left to compile 9892
[2021.12.06-07.08.45:641][755]LogShaderCompilers: Display: Worker (6/9): shaders left to compile 9882
[2021.12.06-07.08.46:322][755]LogShaderCompilers: Display: Worker (2/9): shaders left to compile 9872
[2021.12.06-07.08.46:576][755]LogShaderCompilers: Display: Worker (4/9): shaders left to compile 9862
[2021.12.06-07.08.48:642][755]LogShaderCompilers: Display: Worker (7/9): shaders left to compile 9852
[2021.12.06-07.08.48:642][755]LogShaderCompilers: Display: Worker (8/9): shaders left to compile 9842
[2021.12.06-07.08.49:573][755]LogShaderCompilers: Display: Worker (3/9): shaders left to compile 9832
[2021.12.06-07.08.50:977][755]LogShaderCompilers: Display: Worker (1/9): shaders left to compile 9822
[2021.12.06-07.08.51:918][755]LogShaderCompilers: Display: Worker (2/9): shaders left to compile 9812
[2021.12.06-07.08.52:358][755]LogShaderCompilers: Display: Worker (6/9): shaders left to compile 9802
[2021.12.06-07.08.52:608][755]LogShaderCompilers: Display: Worker (5/9): shaders left to compile 9792
[2021.12.06-07.08.53:941][755]LogShaderCompilers: Display: Worker (3/9): shaders left to compile 9782
[2021.12.06-07.08.54:365][755]LogShaderCompilers: Display: Worker (4/9): shaders left to compile 9772
[2021.12.06-07.08.54:619][755]LogShaderCompilers: Display: Worker (8/9): shaders left to compile 9762
[2021.12.06-07.08.54:655][755]LogSlate: Window 'Delete Assets' being destroyed
